RuleName: -
UtcTime: 2025-07-13 12:06:58.283
ProcessGuid: {3ece88ed-a162-6873-0058-000000009a00}
ProcessId: 23288
Image: C:\Program Files\Git\cmd\git.exe
FileVersion: 2.50.0.windows.1
Description: Git for Windows
Product: Git
Company: The Git Development Community
OriginalFileName: git.exe
CommandLine: "C:\Program Files\Git\cmd\git.exe" status -z -uall
CurrentDirectory: F:\SOC_Journey\GitHub_Pushes\
User: MRBLACK\new
LogonGuid: {3ece88ed-85ec-6870-f61e-080000000000}
LogonId: 0x81EF6
TerminalSessionId: 1
IntegrityLevel: High
Hashes: MD5=72D5DD969D5E0812D4F779923751F4FF,SHA256=E1E5F04E40A003B28B1E79659FABF3FD04DC4D8FDC7221D3495DFE51F861C75E,IMPHASH=10D716A849443DCD821CE3C4C8CBA197
ParentProcessGuid: {3ece88ed-954c-6873-4953-000000009a00}
ParentProcessId: 11128
ParentImage: C:\Users\new\AppData\Local\Programs\Microsoft VS Code\Code.exe
ParentCommandLine: "C:\Users\new\AppData\Local\Programs\Microsoft VS Code\Code.exe" --type=utility --utility-sub-type=node.mojom.NodeService --lang=en-US --service-sandbox-type=none --dns-result-order=ipv4first --experimental-network-inspection --inspect-port=0 --video-capture-use-gpu-memory-buffer --user-data-dir="C:\Users\new\AppData\Roaming\Code" --standard-schemes=vscode-webview,vscode-file --enable-sandbox --secure-schemes=vscode-webview,vscode-file --cors-schemes=vscode-webview,vscode-file --fetch-schemes=vscode-webview,vscode-file --service-worker-schemes=vscode-webview --code-cache-schemes=vscode-webview,vscode-file --field-trial-handle=1844,i,1712019501210430926,9906973897547186809,262144 --enable-features=DocumentPolicyIncludeJSCallStacksInCrashReports,EarlyEstablishGpuChannel,EstablishGpuChannelAsync --disable-features=CalculateNativeWinOcclusion,SpareRendererForSitePerProcess,WinDelaySpellcheckServiceInit --variations-seed-version --mojo-platform-channel-handle=5316 /prefetch:8
ParentUser: MRBLACK\new
Process Create:
RuleName: -
UtcTime: 2025-07-13 12:06:58.236
ProcessGuid: {3ece88ed-a162-6873-ff57-000000009a00}
ProcessId: 21712
Image: C:\Program Files\Git\mingw64\bin\git.exe
FileVersion: 2.50.0.windows.1
Description: Git for Windows
Product: Git
Company: The Git Development Community
OriginalFileName: git.exe
CommandLine: git.exe for-each-ref --format=%%(refname)The operation completed successfully.%%(upstream:short)The operation completed successfully.%%(objectname)The operation completed successfully.%%(upstream:track)The operation completed successfully.%%(upstream:remotename)The operation completed successfully.%%(upstream:remoteref) --ignore-case refs/heads/master refs/remotes/master
CurrentDirectory: F:\SOC_Journey\GitHub_Pushes\
User: MRBLACK\new
LogonGuid: {3ece88ed-85ec-6870-f61e-080000000000}
LogonId: 0x81EF6
TerminalSessionId: 1
IntegrityLevel: High
Hashes: MD5=48750D8CEFD683FF97E70603097B79F2,SHA256=1F2EE2DE971B6D0A7A13F053014998B66C22DF47F30F1907A767346392EB8D78,IMPHASH=BA786B4B77B388CC6698F98951D469C8
ParentProcessGuid: {3ece88ed-a162-6873-fc57-000000009a00}
ParentProcessId: 18592
ParentImage: C:\Program Files\Git\cmd\git.exe
ParentCommandLine: "C:\Program Files\Git\cmd\git.exe" for-each-ref --format=%(refname)%00%(upstream:short)%00%(objectname)%00%(upstream:track)%00%(upstream:remotename)%00%(upstream:remoteref) --ignore-case refs/heads/master refs/remotes/master
ParentUser: MRBLACK\new
Process Create:
RuleName: -
UtcTime: 2025-07-13 12:06:58.231
ProcessGuid: {3ece88ed-a162-6873-fe57-000000009a00}
ProcessId: 23116
Image: C:\Program Files\Git\mingw64\bin\git.exe
FileVersion: 2.50.0.windows.1
Description: Git for Windows
Product: Git
Company: The Git Development Community
OriginalFileName: git.exe
CommandLine: git.exe config --get commit.template
CurrentDirectory: F:\SOC_Journey\GitHub_Pushes\
User: MRBLACK\new
LogonGuid: {3ece88ed-85ec-6870-f61e-080000000000}
LogonId: 0x81EF6
TerminalSessionId: 1
IntegrityLevel: High
Hashes: MD5=48750D8CEFD683FF97E70603097B79F2,SHA256=1F2EE2DE971B6D0A7A13F053014998B66C22DF47F30F1907A767346392EB8D78,IMPHASH=BA786B4B77B388CC6698F98951D469C8
ParentProcessGuid: {3ece88ed-a162-6873-fa57-000000009a00}
ParentProcessId: 2412
ParentImage: C:\Program Files\Git\cmd\git.exe
ParentCommandLine: "C:\Program Files\Git\cmd\git.exe" config --get commit.template
ParentUser: MRBLACK\new
Process Create:
RuleName: -
UtcTime: 2025-07-13 12:06:58.190
ProcessGuid: {3ece88ed-a162-6873-fc57-000000009a00}
ProcessId: 18592
Image: C:\Program Files\Git\cmd\git.exe
FileVersion: 2.50.0.windows.1
Description: Git for Windows
Product: Git
Company: The Git Development Community
OriginalFileName: git.exe
CommandLine: "C:\Program Files\Git\cmd\git.exe" for-each-ref --format=%%(refname)The operation completed successfully.%%(upstream:short)The operation completed successfully.%%(objectname)The operation completed successfully.%%(upstream:track)The operation completed successfully.%%(upstream:remotename)The operation completed successfully.%%(upstream:remoteref) --ignore-case refs/heads/master refs/remotes/master
CurrentDirectory: F:\SOC_Journey\GitHub_Pushes\
User: MRBLACK\new
LogonGuid: {3ece88ed-85ec-6870-f61e-080000000000}
LogonId: 0x81EF6
TerminalSessionId: 1
IntegrityLevel: High
Hashes: MD5=72D5DD969D5E0812D4F779923751F4FF,SHA256=E1E5F04E40A003B28B1E79659FABF3FD04DC4D8FDC7221D3495DFE51F861C75E,IMPHASH=10D716A849443DCD821CE3C4C8CBA197
ParentProcessGuid: {3ece88ed-954c-6873-4953-000000009a00}
ParentProcessId: 11128
ParentImage: C:\Users\new\AppData\Local\Programs\Microsoft VS Code\Code.exe
ParentCommandLine: "C:\Users\new\AppData\Local\Programs\Microsoft VS Code\Code.exe" --type=utility --utility-sub-type=node.mojom.NodeService --lang=en-US --service-sandbox-type=none --dns-result-order=ipv4first --experimental-network-inspection --inspect-port=0 --video-capture-use-gpu-memory-buffer --user-data-dir="C:\Users\new\AppData\Roaming\Code" --standard-schemes=vscode-webview,vscode-file --enable-sandbox --secure-schemes=vscode-webview,vscode-file --cors-schemes=vscode-webview,vscode-file --fetch-schemes=vscode-webview,vscode-file --service-worker-schemes=vscode-webview --code-cache-schemes=vscode-webview,vscode-file --field-trial-handle=1844,i,1712019501210430926,9906973897547186809,262144 --enable-features=DocumentPolicyIncludeJSCallStacksInCrashReports,EarlyEstablishGpuChannel,EstablishGpuChannelAsync --disable-features=CalculateNativeWinOcclusion,SpareRendererForSitePerProcess,WinDelaySpellcheckServiceInit --variations-seed-version --mojo-platform-channel-handle=5316 /prefetch:8
ParentUser: MRBLACK\new
Process Create:
RuleName: -
UtcTime: 2025-07-13 12:06:58.184
ProcessGuid: {3ece88ed-a162-6873-fa57-000000009a00}
ProcessId: 2412
Image: C:\Program Files\Git\cmd\git.exe
FileVersion: 2.50.0.windows.1
Description: Git for Windows
Product: Git
Company: The Git Development Community
OriginalFileName: git.exe
CommandLine: "C:\Program Files\Git\cmd\git.exe" config --get commit.template
CurrentDirectory: F:\SOC_Journey\GitHub_Pushes\
User: MRBLACK\new
LogonGuid: {3ece88ed-85ec-6870-f61e-080000000000}
LogonId: 0x81EF6
TerminalSessionId: 1
IntegrityLevel: High
Hashes: MD5=72D5DD969D5E0812D4F779923751F4FF,SHA256=E1E5F04E40A003B28B1E79659FABF3FD04DC4D8FDC7221D3495DFE51F861C75E,IMPHASH=10D716A849443DCD821CE3C4C8CBA197
ParentProcessGuid: {3ece88ed-954c-6873-4953-000000009a00}
ParentProcessId: 11128
ParentImage: C:\Users\new\AppData\Local\Programs\Microsoft VS Code\Code.exe
ParentCommandLine: "C:\Users\new\AppData\Local\Programs\Microsoft VS Code\Code.exe" --type=utility --utility-sub-type=node.mojom.NodeService --lang=en-US --service-sandbox-type=none --dns-result-order=ipv4first --experimental-network-inspection --inspect-port=0 --video-capture-use-gpu-memory-buffer --user-data-dir="C:\Users\new\AppData\Roaming\Code" --standard-schemes=vscode-webview,vscode-file --enable-sandbox --secure-schemes=vscode-webview,vscode-file --cors-schemes=vscode-webview,vscode-file --fetch-schemes=vscode-webview,vscode-file --service-worker-schemes=vscode-webview --code-cache-schemes=vscode-webview,vscode-file --field-trial-handle=1844,i,1712019501210430926,9906973897547186809,262144 --enable-features=DocumentPolicyIncludeJSCallStacksInCrashReports,EarlyEstablishGpuChannel,EstablishGpuChannelAsync --disable-features=CalculateNativeWinOcclusion,SpareRendererForSitePerProcess,WinDelaySpellcheckServiceInit --variations-seed-version --mojo-platform-channel-handle=5316 /prefetch:8
ParentUser: MRBLACK\new
Process terminated:
RuleName: -
UtcTime: 2025-07-13 12:06:57.774
ProcessGuid: {3ece88ed-a161-6873-f957-000000009a00}
ProcessId: 15884
Image: C:\Users\new\AppData\Local\Programs\Microsoft VS Code\Code.exe
User: MRBLACK\new
Registry value set:
RuleName: Suspicious,ImageBeginWithBackslash
EventType: SetValue
UtcTime: 2025-07-13 12:06:57.592
ProcessGuid: {3ece88ed-a0f9-6873-6257-000000009a00}
ProcessId: 22904
Image: \\?\C:\Windows\system32\conhost.exe
TargetObject: HKLM\System\CurrentControlSet\Services\bam\State\UserSettings\S-1-5-21-4031955963-563017929-3557581166-1002\\Device\HarddiskVolume2\Windows\System32\conhost.exe
Details: Binary Data
User: MRBLACK\new
Network connection detected:
RuleName: Usermode
UtcTime: 2025-07-13 12:07:03.420
ProcessGuid: {3ece88ed-5b57-6872-192a-000000009a00}
ProcessId: 21780
Image: C:\Users\new\AppData\Local\Programs\Microsoft VS Code\Code.exe
User: MRBLACK\new
Protocol: tcp
Initiated: true
SourceIsIpv6: false
SourceIp: 192.168.125.128
SourceHostname: MRBLACK
SourcePort: 58833
SourcePortName: -
DestinationIsIpv6: false
DestinationIp: 40.79.173.40
DestinationHostname: -
DestinationPort: 443
DestinationPortName: https
Process Create:
RuleName: -
UtcTime: 2025-07-13 12:07:03.541
ProcessGuid: {3ece88ed-a167-6873-1158-000000009a00}
ProcessId: 13080
Image: C:\Program Files\Git\mingw64\bin\git.exe
FileVersion: 2.50.0.windows.1
Description: Git for Windows
Product: Git
Company: The Git Development Community
OriginalFileName: git.exe
CommandLine: git.exe for-each-ref --sort -committerdate --format %%(refname)The operation completed successfully.%%(objectname)The operation completed successfully.%%(*objectname)
CurrentDirectory: F:\SOC_Journey\GitHub_Pushes\
User: MRBLACK\new
LogonGuid: {3ece88ed-85ec-6870-f61e-080000000000}
LogonId: 0x81EF6
TerminalSessionId: 1
IntegrityLevel: High
Hashes: MD5=48750D8CEFD683FF97E70603097B79F2,SHA256=1F2EE2DE971B6D0A7A13F053014998B66C22DF47F30F1907A767346392EB8D78,IMPHASH=BA786B4B77B388CC6698F98951D469C8
ParentProcessGuid: {3ece88ed-a167-6873-0e58-000000009a00}
ParentProcessId: 23028
ParentImage: C:\Program Files\Git\cmd\git.exe
ParentCommandLine: "C:\Program Files\Git\cmd\git.exe" for-each-ref --sort -committerdate --format %(refname)%00%(objectname)%00%(*objectname)
ParentUser: MRBLACK\new
Process Create:
RuleName: -
UtcTime: 2025-07-13 12:07:03.538
ProcessGuid: {3ece88ed-a167-6873-1058-000000009a00}
ProcessId: 15292
Image: C:\Program Files\Git\mingw64\bin\git.exe
FileVersion: 2.50.0.windows.1
Description: Git for Windows
Product: Git
Company: The Git Development Community
OriginalFileName: git.exe
CommandLine: git.exe status -z -uall
CurrentDirectory: F:\SOC_Journey\GitHub_Pushes\
User: MRBLACK\new
LogonGuid: {3ece88ed-85ec-6870-f61e-080000000000}
LogonId: 0x81EF6
TerminalSessionId: 1
IntegrityLevel: High
Hashes: MD5=48750D8CEFD683FF97E70603097B79F2,SHA256=1F2EE2DE971B6D0A7A13F053014998B66C22DF47F30F1907A767346392EB8D78,IMPHASH=BA786B4B77B388CC6698F98951D469C8
ParentProcessGuid: {3ece88ed-a167-6873-0c58-000000009a00}
ParentProcessId: 14316
ParentImage: C:\Program Files\Git\cmd\git.exe
ParentCommandLine: "C:\Program Files\Git\cmd\git.exe" status -z -uall
ParentUser: MRBLACK\new
Process Create:
RuleName: -
UtcTime: 2025-07-13 12:07:03.503
ProcessGuid: {3ece88ed-a167-6873-0e58-000000009a00}
ProcessId: 23028
Image: C:\Program Files\Git\cmd\git.exe
FileVersion: 2.50.0.windows.1
Description: Git for Windows
Product: Git
Company: The Git Development Community
OriginalFileName: git.exe
CommandLine: "C:\Program Files\Git\cmd\git.exe" for-each-ref --sort -committerdate --format %%(refname)The operation completed successfully.%%(objectname)The operation completed successfully.%%(*objectname)
CurrentDirectory: F:\SOC_Journey\GitHub_Pushes\
User: MRBLACK\new
LogonGuid: {3ece88ed-85ec-6870-f61e-080000000000}
LogonId: 0x81EF6
TerminalSessionId: 1
IntegrityLevel: High
Hashes: MD5=72D5DD969D5E0812D4F779923751F4FF,SHA256=E1E5F04E40A003B28B1E79659FABF3FD04DC4D8FDC7221D3495DFE51F861C75E,IMPHASH=10D716A849443DCD821CE3C4C8CBA197
ParentProcessGuid: {3ece88ed-954c-6873-4953-000000009a00}
ParentProcessId: 11128
ParentImage: C:\Users\new\AppData\Local\Programs\Microsoft VS Code\Code.exe
ParentCommandLine: "C:\Users\new\AppData\Local\Programs\Microsoft VS Code\Code.exe" --type=utility --utility-sub-type=node.mojom.NodeService --lang=en-US --service-sandbox-type=none --dns-result-order=ipv4first --experimental-network-inspection --inspect-port=0 --video-capture-use-gpu-memory-buffer --user-data-dir="C:\Users\new\AppData\Roaming\Code" --standard-schemes=vscode-webview,vscode-file --enable-sandbox --secure-schemes=vscode-webview,vscode-file --cors-schemes=vscode-webview,vscode-file --fetch-schemes=vscode-webview,vscode-file --service-worker-schemes=vscode-webview --code-cache-schemes=vscode-webview,vscode-file --field-trial-handle=1844,i,1712019501210430926,9906973897547186809,262144 --enable-features=DocumentPolicyIncludeJSCallStacksInCrashReports,EarlyEstablishGpuChannel,EstablishGpuChannelAsync --disable-features=CalculateNativeWinOcclusion,SpareRendererForSitePerProcess,WinDelaySpellcheckServiceInit --variations-seed-version --mojo-platform-channel-handle=5316 /prefetch:8
ParentUser: MRBLACK\new
Process Create:
RuleName: -
UtcTime: 2025-07-13 12:07:03.497
ProcessGuid: {3ece88ed-a167-6873-0c58-000000009a00}
ProcessId: 14316
Image: C:\Program Files\Git\cmd\git.exe
FileVersion: 2.50.0.windows.1
Description: Git for Windows
Product: Git
Company: The Git Development Community
OriginalFileName: git.exe
CommandLine: "C:\Program Files\Git\cmd\git.exe" status -z -uall
CurrentDirectory: F:\SOC_Journey\GitHub_Pushes\
User: MRBLACK\new
LogonGuid: {3ece88ed-85ec-6870-f61e-080000000000}
LogonId: 0x81EF6
TerminalSessionId: 1
IntegrityLevel: High
Hashes: MD5=72D5DD969D5E0812D4F779923751F4FF,SHA256=E1E5F04E40A003B28B1E79659FABF3FD04DC4D8FDC7221D3495DFE51F861C75E,IMPHASH=10D716A849443DCD821CE3C4C8CBA197
ParentProcessGuid: {3ece88ed-954c-6873-4953-000000009a00}
ParentProcessId: 11128
ParentImage: C:\Users\new\AppData\Local\Programs\Microsoft VS Code\Code.exe
ParentCommandLine: "C:\Users\new\AppData\Local\Programs\Microsoft VS Code\Code.exe" --type=utility --utility-sub-type=node.mojom.NodeService --lang=en-US --service-sandbox-type=none --dns-result-order=ipv4first --experimental-network-inspection --inspect-port=0 --video-capture-use-gpu-memory-buffer --user-data-dir="C:\Users\new\AppData\Roaming\Code" --standard-schemes=vscode-webview,vscode-file --enable-sandbox --secure-schemes=vscode-webview,vscode-file --cors-schemes=vscode-webview,vscode-file --fetch-schemes=vscode-webview,vscode-file --service-worker-schemes=vscode-webview --code-cache-schemes=vscode-webview,vscode-file --field-trial-handle=1844,i,1712019501210430926,9906973897547186809,262144 --enable-features=DocumentPolicyIncludeJSCallStacksInCrashReports,EarlyEstablishGpuChannel,EstablishGpuChannelAsync --disable-features=CalculateNativeWinOcclusion,SpareRendererForSitePerProcess,WinDelaySpellcheckServiceInit --variations-seed-version --mojo-platform-channel-handle=5316 /prefetch:8
ParentUser: MRBLACK\new
Process Create:
RuleName: -
UtcTime: 2025-07-13 12:07:03.453
ProcessGuid: {3ece88ed-a167-6873-0b58-000000009a00}
ProcessId: 22804
Image: C:\Program Files\Git\mingw64\bin\git.exe
FileVersion: 2.50.0.windows.1
Description: Git for Windows
Product: Git
Company: The Git Development Community
OriginalFileName: git.exe
CommandLine: git.exe for-each-ref --format=%%(refname)The operation completed successfully.%%(upstream:short)The operation completed successfully.%%(objectname)The operation completed successfully.%%(upstream:track)The operation completed successfully.%%(upstream:remotename)The operation completed successfully.%%(upstream:remoteref) --ignore-case refs/heads/master refs/remotes/master
CurrentDirectory: F:\SOC_Journey\GitHub_Pushes\
User: MRBLACK\new
LogonGuid: {3ece88ed-85ec-6870-f61e-080000000000}
LogonId: 0x81EF6
TerminalSessionId: 1
IntegrityLevel: High
Hashes: MD5=48750D8CEFD683FF97E70603097B79F2,SHA256=1F2EE2DE971B6D0A7A13F053014998B66C22DF47F30F1907A767346392EB8D78,IMPHASH=BA786B4B77B388CC6698F98951D469C8
ParentProcessGuid: {3ece88ed-a167-6873-0858-000000009a00}
ParentProcessId: 15332
ParentImage: C:\Program Files\Git\cmd\git.exe
ParentCommandLine: "C:\Program Files\Git\cmd\git.exe" for-each-ref --format=%(refname)%00%(upstream:short)%00%(objectname)%00%(upstream:track)%00%(upstream:remotename)%00%(upstream:remoteref) --ignore-case refs/heads/master refs/remotes/master
ParentUser: MRBLACK\new
Process Create:
RuleName: -
UtcTime: 2025-07-13 12:07:03.449
ProcessGuid: {3ece88ed-a167-6873-0a58-000000009a00}
ProcessId: 15364
Image: C:\Program Files\Git\mingw64\bin\git.exe
FileVersion: 2.50.0.windows.1
Description: Git for Windows
Product: Git
Company: The Git Development Community
OriginalFileName: git.exe
CommandLine: git.exe config --get commit.template
CurrentDirectory: F:\SOC_Journey\GitHub_Pushes\
User: MRBLACK\new
LogonGuid: {3ece88ed-85ec-6870-f61e-080000000000}
LogonId: 0x81EF6
TerminalSessionId: 1
IntegrityLevel: High
Hashes: MD5=48750D8CEFD683FF97E70603097B79F2,SHA256=1F2EE2DE971B6D0A7A13F053014998B66C22DF47F30F1907A767346392EB8D78,IMPHASH=BA786B4B77B388CC6698F98951D469C8
ParentProcessGuid: {3ece88ed-a167-6873-0658-000000009a00}
ParentProcessId: 17328
ParentImage: C:\Program Files\Git\cmd\git.exe
ParentCommandLine: "C:\Program Files\Git\cmd\git.exe" config --get commit.template
ParentUser: MRBLACK\new
Process Create:
RuleName: -
UtcTime: 2025-07-13 12:07:03.412
ProcessGuid: {3ece88ed-a167-6873-0858-000000009a00}
ProcessId: 15332
Image: C:\Program Files\Git\cmd\git.exe
FileVersion: 2.50.0.windows.1
Description: Git for Windows
Product: Git
Company: The Git Development Community
OriginalFileName: git.exe
CommandLine: "C:\Program Files\Git\cmd\git.exe" for-each-ref --format=%%(refname)The operation completed successfully.%%(upstream:short)The operation completed successfully.%%(objectname)The operation completed successfully.%%(upstream:track)The operation completed successfully.%%(upstream:remotename)The operation completed successfully.%%(upstream:remoteref) --ignore-case refs/heads/master refs/remotes/master
CurrentDirectory: F:\SOC_Journey\GitHub_Pushes\
User: MRBLACK\new
LogonGuid: {3ece88ed-85ec-6870-f61e-080000000000}
LogonId: 0x81EF6
TerminalSessionId: 1
IntegrityLevel: High
Hashes: MD5=72D5DD969D5E0812D4F779923751F4FF,SHA256=E1E5F04E40A003B28B1E79659FABF3FD04DC4D8FDC7221D3495DFE51F861C75E,IMPHASH=10D716A849443DCD821CE3C4C8CBA197
ParentProcessGuid: {3ece88ed-954c-6873-4953-000000009a00}
ParentProcessId: 11128
ParentImage: C:\Users\new\AppData\Local\Programs\Microsoft VS Code\Code.exe
ParentCommandLine: "C:\Users\new\AppData\Local\Programs\Microsoft VS Code\Code.exe" --type=utility --utility-sub-type=node.mojom.NodeService --lang=en-US --service-sandbox-type=none --dns-result-order=ipv4first --experimental-network-inspection --inspect-port=0 --video-capture-use-gpu-memory-buffer --user-data-dir="C:\Users\new\AppData\Roaming\Code" --standard-schemes=vscode-webview,vscode-file --enable-sandbox --secure-schemes=vscode-webview,vscode-file --cors-schemes=vscode-webview,vscode-file --fetch-schemes=vscode-webview,vscode-file --service-worker-schemes=vscode-webview --code-cache-schemes=vscode-webview,vscode-file --field-trial-handle=1844,i,1712019501210430926,9906973897547186809,262144 --enable-features=DocumentPolicyIncludeJSCallStacksInCrashReports,EarlyEstablishGpuChannel,EstablishGpuChannelAsync --disable-features=CalculateNativeWinOcclusion,SpareRendererForSitePerProcess,WinDelaySpellcheckServiceInit --variations-seed-version --mojo-platform-channel-handle=5316 /prefetch:8
ParentUser: MRBLACK\new
Process Create:
RuleName: -
UtcTime: 2025-07-13 12:07:03.398
ProcessGuid: {3ece88ed-a167-6873-0658-000000009a00}
ProcessId: 17328
Image: C:\Program Files\Git\cmd\git.exe
FileVersion: 2.50.0.windows.1
Description: Git for Windows
Product: Git
Company: The Git Development Community
OriginalFileName: git.exe
CommandLine: "C:\Program Files\Git\cmd\git.exe" config --get commit.template
CurrentDirectory: F:\SOC_Journey\GitHub_Pushes\
User: MRBLACK\new
LogonGuid: {3ece88ed-85ec-6870-f61e-080000000000}
LogonId: 0x81EF6
TerminalSessionId: 1
IntegrityLevel: High
Hashes: MD5=72D5DD969D5E0812D4F779923751F4FF,SHA256=E1E5F04E40A003B28B1E79659FABF3FD04DC4D8FDC7221D3495DFE51F861C75E,IMPHASH=10D716A849443DCD821CE3C4C8CBA197
ParentProcessGuid: {3ece88ed-954c-6873-4953-000000009a00}
ParentProcessId: 11128
ParentImage: C:\Users\new\AppData\Local\Programs\Microsoft VS Code\Code.exe
ParentCommandLine: "C:\Users\new\AppData\Local\Programs\Microsoft VS Code\Code.exe" --type=utility --utility-sub-type=node.mojom.NodeService --lang=en-US --service-sandbox-type=none --dns-result-order=ipv4first --experimental-network-inspection --inspect-port=0 --video-capture-use-gpu-memory-buffer --user-data-dir="C:\Users\new\AppData\Roaming\Code" --standard-schemes=vscode-webview,vscode-file --enable-sandbox --secure-schemes=vscode-webview,vscode-file --cors-schemes=vscode-webview,vscode-file --fetch-schemes=vscode-webview,vscode-file --service-worker-schemes=vscode-webview --code-cache-schemes=vscode-webview,vscode-file --field-trial-handle=1844,i,1712019501210430926,9906973897547186809,262144 --enable-features=DocumentPolicyIncludeJSCallStacksInCrashReports,EarlyEstablishGpuChannel,EstablishGpuChannelAsync --disable-features=CalculateNativeWinOcclusion,SpareRendererForSitePerProcess,WinDelaySpellcheckServiceInit --variations-seed-version --mojo-platform-channel-handle=5316 /prefetch:8
ParentUser: MRBLACK\new
Process Create:
RuleName: -
UtcTime: 2025-07-13 12:06:58.334
ProcessGuid: {3ece88ed-a162-6873-0558-000000009a00}
ProcessId: 20800
Image: C:\Program Files\Git\mingw64\bin\git.exe
FileVersion: 2.50.0.windows.1
Description: Git for Windows
Product: Git
Company: The Git Development Community
OriginalFileName: git.exe
CommandLine: git.exe for-each-ref --sort -committerdate --format %%(refname)The operation completed successfully.%%(objectname)The operation completed successfully.%%(*objectname)
CurrentDirectory: F:\SOC_Journey\GitHub_Pushes\
User: MRBLACK\new
LogonGuid: {3ece88ed-85ec-6870-f61e-080000000000}
LogonId: 0x81EF6
TerminalSessionId: 1
IntegrityLevel: High
Hashes: MD5=48750D8CEFD683FF97E70603097B79F2,SHA256=1F2EE2DE971B6D0A7A13F053014998B66C22DF47F30F1907A767346392EB8D78,IMPHASH=BA786B4B77B388CC6698F98951D469C8
ParentProcessGuid: {3ece88ed-a162-6873-0258-000000009a00}
ParentProcessId: 22176
ParentImage: C:\Program Files\Git\cmd\git.exe
ParentCommandLine: "C:\Program Files\Git\cmd\git.exe" for-each-ref --sort -committerdate --format %(refname)%00%(objectname)%00%(*objectname)
ParentUser: MRBLACK\new
Process Create:
RuleName: -
UtcTime: 2025-07-13 12:07:08.772
ProcessGuid: {3ece88ed-a16c-6873-2258-000000009a00}
ProcessId: 22316
Image: C:\Program Files\Git\mingw64\bin\git.exe
FileVersion: 2.50.0.windows.1
Description: Git for Windows
Product: Git
Company: The Git Development Community
OriginalFileName: git.exe
CommandLine: git.exe for-each-ref --sort -committerdate --format %%(refname)The operation completed successfully.%%(objectname)The operation completed successfully.%%(*objectname)
CurrentDirectory: F:\SOC_Journey\GitHub_Pushes\
User: MRBLACK\new
LogonGuid: {3ece88ed-85ec-6870-f61e-080000000000}
LogonId: 0x81EF6
TerminalSessionId: 1
IntegrityLevel: High
Hashes: MD5=48750D8CEFD683FF97E70603097B79F2,SHA256=1F2EE2DE971B6D0A7A13F053014998B66C22DF47F30F1907A767346392EB8D78,IMPHASH=BA786B4B77B388CC6698F98951D469C8
ParentProcessGuid: {3ece88ed-a16c-6873-1f58-000000009a00}
ParentProcessId: 21124
ParentImage: C:\Program Files\Git\cmd\git.exe
ParentCommandLine: "C:\Program Files\Git\cmd\git.exe" for-each-ref --sort -committerdate --format %(refname)%00%(objectname)%00%(*objectname)
ParentUser: MRBLACK\new
Process Create:
RuleName: -
UtcTime: 2025-07-13 12:07:08.766
ProcessGuid: {3ece88ed-a16c-6873-2158-000000009a00}
ProcessId: 8284
Image: C:\Program Files\Git\mingw64\bin\git.exe
FileVersion: 2.50.0.windows.1
Description: Git for Windows
Product: Git
Company: The Git Development Community
OriginalFileName: git.exe
CommandLine: git.exe status -z -uall
CurrentDirectory: F:\SOC_Journey\GitHub_Pushes\
User: MRBLACK\new
LogonGuid: {3ece88ed-85ec-6870-f61e-080000000000}
LogonId: 0x81EF6
TerminalSessionId: 1
IntegrityLevel: High
Hashes: MD5=48750D8CEFD683FF97E70603097B79F2,SHA256=1F2EE2DE971B6D0A7A13F053014998B66C22DF47F30F1907A767346392EB8D78,IMPHASH=BA786B4B77B388CC6698F98951D469C8
ParentProcessGuid: {3ece88ed-a16c-6873-1d58-000000009a00}
ParentProcessId: 6608
ParentImage: C:\Program Files\Git\cmd\git.exe
ParentCommandLine: "C:\Program Files\Git\cmd\git.exe" status -z -uall
ParentUser: MRBLACK\new
Process Create:
RuleName: -
UtcTime: 2025-07-13 12:07:08.720
ProcessGuid: {3ece88ed-a16c-6873-1f58-000000009a00}
ProcessId: 21124
Image: C:\Program Files\Git\cmd\git.exe
FileVersion: 2.50.0.windows.1
Description: Git for Windows
Product: Git
Company: The Git Development Community
OriginalFileName: git.exe
CommandLine: "C:\Program Files\Git\cmd\git.exe" for-each-ref --sort -committerdate --format %%(refname)The operation completed successfully.%%(objectname)The operation completed successfully.%%(*objectname)
CurrentDirectory: F:\SOC_Journey\GitHub_Pushes\
User: MRBLACK\new
LogonGuid: {3ece88ed-85ec-6870-f61e-080000000000}
LogonId: 0x81EF6
TerminalSessionId: 1
IntegrityLevel: High
Hashes: MD5=72D5DD969D5E0812D4F779923751F4FF,SHA256=E1E5F04E40A003B28B1E79659FABF3FD04DC4D8FDC7221D3495DFE51F861C75E,IMPHASH=10D716A849443DCD821CE3C4C8CBA197
ParentProcessGuid: {3ece88ed-954c-6873-4953-000000009a00}
ParentProcessId: 11128
ParentImage: C:\Users\new\AppData\Local\Programs\Microsoft VS Code\Code.exe
ParentCommandLine: "C:\Users\new\AppData\Local\Programs\Microsoft VS Code\Code.exe" --type=utility --utility-sub-type=node.mojom.NodeService --lang=en-US --service-sandbox-type=none --dns-result-order=ipv4first --experimental-network-inspection --inspect-port=0 --video-capture-use-gpu-memory-buffer --user-data-dir="C:\Users\new\AppData\Roaming\Code" --standard-schemes=vscode-webview,vscode-file --enable-sandbox --secure-schemes=vscode-webview,vscode-file --cors-schemes=vscode-webview,vscode-file --fetch-schemes=vscode-webview,vscode-file --service-worker-schemes=vscode-webview --code-cache-schemes=vscode-webview,vscode-file --field-trial-handle=1844,i,1712019501210430926,9906973897547186809,262144 --enable-features=DocumentPolicyIncludeJSCallStacksInCrashReports,EarlyEstablishGpuChannel,EstablishGpuChannelAsync --disable-features=CalculateNativeWinOcclusion,SpareRendererForSitePerProcess,WinDelaySpellcheckServiceInit --variations-seed-version --mojo-platform-channel-handle=5316 /prefetch:8
ParentUser: MRBLACK\new
Process Create:
RuleName: -
UtcTime: 2025-07-13 12:07:08.714
ProcessGuid: {3ece88ed-a16c-6873-1d58-000000009a00}
ProcessId: 6608
Image: C:\Program Files\Git\cmd\git.exe
FileVersion: 2.50.0.windows.1
Description: Git for Windows
Product: Git
Company: The Git Development Community
OriginalFileName: git.exe
CommandLine: "C:\Program Files\Git\cmd\git.exe" status -z -uall
CurrentDirectory: F:\SOC_Journey\GitHub_Pushes\
User: MRBLACK\new
LogonGuid: {3ece88ed-85ec-6870-f61e-080000000000}
LogonId: 0x81EF6
TerminalSessionId: 1
IntegrityLevel: High
Hashes: MD5=72D5DD969D5E0812D4F779923751F4FF,SHA256=E1E5F04E40A003B28B1E79659FABF3FD04DC4D8FDC7221D3495DFE51F861C75E,IMPHASH=10D716A849443DCD821CE3C4C8CBA197
ParentProcessGuid: {3ece88ed-954c-6873-4953-000000009a00}
ParentProcessId: 11128
ParentImage: C:\Users\new\AppData\Local\Programs\Microsoft VS Code\Code.exe
ParentCommandLine: "C:\Users\new\AppData\Local\Programs\Microsoft VS Code\Code.exe" --type=utility --utility-sub-type=node.mojom.NodeService --lang=en-US --service-sandbox-type=none --dns-result-order=ipv4first --experimental-network-inspection --inspect-port=0 --video-capture-use-gpu-memory-buffer --user-data-dir="C:\Users\new\AppData\Roaming\Code" --standard-schemes=vscode-webview,vscode-file --enable-sandbox --secure-schemes=vscode-webview,vscode-file --cors-schemes=vscode-webview,vscode-file --fetch-schemes=vscode-webview,vscode-file --service-worker-schemes=vscode-webview --code-cache-schemes=vscode-webview,vscode-file --field-trial-handle=1844,i,1712019501210430926,9906973897547186809,262144 --enable-features=DocumentPolicyIncludeJSCallStacksInCrashReports,EarlyEstablishGpuChannel,EstablishGpuChannelAsync --disable-features=CalculateNativeWinOcclusion,SpareRendererForSitePerProcess,WinDelaySpellcheckServiceInit --variations-seed-version --mojo-platform-channel-handle=5316 /prefetch:8
ParentUser: MRBLACK\new
Process Create:
RuleName: -
UtcTime: 2025-07-13 12:07:08.660
ProcessGuid: {3ece88ed-a16c-6873-1c58-000000009a00}
ProcessId: 21388
Image: C:\Program Files\Git\mingw64\bin\git.exe
FileVersion: 2.50.0.windows.1
Description: Git for Windows
Product: Git
Company: The Git Development Community
OriginalFileName: git.exe
CommandLine: git.exe for-each-ref --format=%%(refname)The operation completed successfully.%%(upstream:short)The operation completed successfully.%%(objectname)The operation completed successfully.%%(upstream:track)The operation completed successfully.%%(upstream:remotename)The operation completed successfully.%%(upstream:remoteref) --ignore-case refs/heads/master refs/remotes/master
CurrentDirectory: F:\SOC_Journey\GitHub_Pushes\
User: MRBLACK\new
LogonGuid: {3ece88ed-85ec-6870-f61e-080000000000}
LogonId: 0x81EF6
TerminalSessionId: 1
IntegrityLevel: High
Hashes: MD5=48750D8CEFD683FF97E70603097B79F2,SHA256=1F2EE2DE971B6D0A7A13F053014998B66C22DF47F30F1907A767346392EB8D78,IMPHASH=BA786B4B77B388CC6698F98951D469C8
ParentProcessGuid: {3ece88ed-a16c-6873-1958-000000009a00}
ParentProcessId: 20912
ParentImage: C:\Program Files\Git\cmd\git.exe
ParentCommandLine: "C:\Program Files\Git\cmd\git.exe" for-each-ref --format=%(refname)%00%(upstream:short)%00%(objectname)%00%(upstream:track)%00%(upstream:remotename)%00%(upstream:remoteref) --ignore-case refs/heads/master refs/remotes/master
ParentUser: MRBLACK\new
Process Create:
RuleName: -
UtcTime: 2025-07-13 12:07:08.657
ProcessGuid: {3ece88ed-a16c-6873-1b58-000000009a00}
ProcessId: 18372
Image: C:\Program Files\Git\mingw64\bin\git.exe
FileVersion: 2.50.0.windows.1
Description: Git for Windows
Product: Git
Company: The Git Development Community
OriginalFileName: git.exe
CommandLine: git.exe config --get commit.template
CurrentDirectory: F:\SOC_Journey\GitHub_Pushes\
User: MRBLACK\new
LogonGuid: {3ece88ed-85ec-6870-f61e-080000000000}
LogonId: 0x81EF6
TerminalSessionId: 1
IntegrityLevel: High
Hashes: MD5=48750D8CEFD683FF97E70603097B79F2,SHA256=1F2EE2DE971B6D0A7A13F053014998B66C22DF47F30F1907A767346392EB8D78,IMPHASH=BA786B4B77B388CC6698F98951D469C8
ParentProcessGuid: {3ece88ed-a16c-6873-1758-000000009a00}
ParentProcessId: 3360
ParentImage: C:\Program Files\Git\cmd\git.exe
ParentCommandLine: "C:\Program Files\Git\cmd\git.exe" config --get commit.template
ParentUser: MRBLACK\new
Process Create:
RuleName: -
UtcTime: 2025-07-13 12:07:08.615
ProcessGuid: {3ece88ed-a16c-6873-1958-000000009a00}
ProcessId: 20912
Image: C:\Program Files\Git\cmd\git.exe
FileVersion: 2.50.0.windows.1
Description: Git for Windows
Product: Git
Company: The Git Development Community
OriginalFileName: git.exe
CommandLine: "C:\Program Files\Git\cmd\git.exe" for-each-ref --format=%%(refname)The operation completed successfully.%%(upstream:short)The operation completed successfully.%%(objectname)The operation completed successfully.%%(upstream:track)The operation completed successfully.%%(upstream:remotename)The operation completed successfully.%%(upstream:remoteref) --ignore-case refs/heads/master refs/remotes/master
CurrentDirectory: F:\SOC_Journey\GitHub_Pushes\
User: MRBLACK\new
LogonGuid: {3ece88ed-85ec-6870-f61e-080000000000}
LogonId: 0x81EF6
TerminalSessionId: 1
IntegrityLevel: High
Hashes: MD5=72D5DD969D5E0812D4F779923751F4FF,SHA256=E1E5F04E40A003B28B1E79659FABF3FD04DC4D8FDC7221D3495DFE51F861C75E,IMPHASH=10D716A849443DCD821CE3C4C8CBA197
ParentProcessGuid: {3ece88ed-954c-6873-4953-000000009a00}
ParentProcessId: 11128
ParentImage: C:\Users\new\AppData\Local\Programs\Microsoft VS Code\Code.exe
ParentCommandLine: "C:\Users\new\AppData\Local\Programs\Microsoft VS Code\Code.exe" --type=utility --utility-sub-type=node.mojom.NodeService --lang=en-US --service-sandbox-type=none --dns-result-order=ipv4first --experimental-network-inspection --inspect-port=0 --video-capture-use-gpu-memory-buffer --user-data-dir="C:\Users\new\AppData\Roaming\Code" --standard-schemes=vscode-webview,vscode-file --enable-sandbox --secure-schemes=vscode-webview,vscode-file --cors-schemes=vscode-webview,vscode-file --fetch-schemes=vscode-webview,vscode-file --service-worker-schemes=vscode-webview --code-cache-schemes=vscode-webview,vscode-file --field-trial-handle=1844,i,1712019501210430926,9906973897547186809,262144 --enable-features=DocumentPolicyIncludeJSCallStacksInCrashReports,EarlyEstablishGpuChannel,EstablishGpuChannelAsync --disable-features=CalculateNativeWinOcclusion,SpareRendererForSitePerProcess,WinDelaySpellcheckServiceInit --variations-seed-version --mojo-platform-channel-handle=5316 /prefetch:8
ParentUser: MRBLACK\new
Process Create:
RuleName: -
UtcTime: 2025-07-13 12:07:08.609
ProcessGuid: {3ece88ed-a16c-6873-1758-000000009a00}
ProcessId: 3360
Image: C:\Program Files\Git\cmd\git.exe
FileVersion: 2.50.0.windows.1
Description: Git for Windows
Product: Git
Company: The Git Development Community
OriginalFileName: git.exe
CommandLine: "C:\Program Files\Git\cmd\git.exe" config --get commit.template
CurrentDirectory: F:\SOC_Journey\GitHub_Pushes\
User: MRBLACK\new
LogonGuid: {3ece88ed-85ec-6870-f61e-080000000000}
LogonId: 0x81EF6
TerminalSessionId: 1
IntegrityLevel: High
Hashes: MD5=72D5DD969D5E0812D4F779923751F4FF,SHA256=E1E5F04E40A003B28B1E79659FABF3FD04DC4D8FDC7221D3495DFE51F861C75E,IMPHASH=10D716A849443DCD821CE3C4C8CBA197
ParentProcessGuid: {3ece88ed-954c-6873-4953-000000009a00}
ParentProcessId: 11128
ParentImage: C:\Users\new\AppData\Local\Programs\Microsoft VS Code\Code.exe
ParentCommandLine: "C:\Users\new\AppData\Local\Programs\Microsoft VS Code\Code.exe" --type=utility --utility-sub-type=node.mojom.NodeService --lang=en-US --service-sandbox-type=none --dns-result-order=ipv4first --experimental-network-inspection --inspect-port=0 --video-capture-use-gpu-memory-buffer --user-data-dir="C:\Users\new\AppData\Roaming\Code" --standard-schemes=vscode-webview,vscode-file --enable-sandbox --secure-schemes=vscode-webview,vscode-file --cors-schemes=vscode-webview,vscode-file --fetch-schemes=vscode-webview,vscode-file --service-worker-schemes=vscode-webview --code-cache-schemes=vscode-webview,vscode-file --field-trial-handle=1844,i,1712019501210430926,9906973897547186809,262144 --enable-features=DocumentPolicyIncludeJSCallStacksInCrashReports,EarlyEstablishGpuChannel,EstablishGpuChannelAsync --disable-features=CalculateNativeWinOcclusion,SpareRendererForSitePerProcess,WinDelaySpellcheckServiceInit --variations-seed-version --mojo-platform-channel-handle=5316 /prefetch:8
ParentUser: MRBLACK\new
File created:
RuleName: -
UtcTime: 2025-07-13 12:07:06.749
ProcessGuid: {3ece88ed-a16a-6873-1658-000000009a00}
ProcessId: 23540
Image: C:\Windows\System32\WindowsPowerShell\v1.0\powershell.exe
TargetFilename: C:\Users\new\AppData\Local\Temp\__PSScriptPolicyTest_lpbl0lta.vfw.ps1
CreationUtcTime: 2025-07-13 12:07:06.749
User: MRBLACK\new
Process Create:
RuleName: -
UtcTime: 2025-07-13 12:07:06.560
ProcessGuid: {3ece88ed-a16a-6873-1658-000000009a00}
ProcessId: 23540
Image: C:\Windows\System32\WindowsPowerShell\v1.0\powershell.exe
FileVersion: 10.0.19041.3996 (WinBuild.160101.0800)
Description: Windows PowerShell
Product: Microsoft® Windows® Operating System
Company: Microsoft Corporation
OriginalFileName: PowerShell.EXE
CommandLine: C:\Windows\System32\WindowsPowerShell\v1.0\powershell.exe -NoProfile -ExecutionPolicy Bypass -Command "Import-Module 'c:\Users\new\.vscode\extensions\ms-vscode.powershell-2025.2.0\modules\PowerShellEditorServices\PowerShellEditorServices.psd1'; Start-EditorServices -HostName 'Visual Studio Code Host' -HostProfileId 'Microsoft.VSCode' -HostVersion '2025.2.0' -BundledModulesPath 'c:\Users\new\.vscode\extensions\ms-vscode.powershell-2025.2.0\modules' -EnableConsoleRepl -StartupBanner \"PowerShell Extension v2025.2.0
Copyright (c) Microsoft Corporation.

https://aka.ms/vscode-powershell
Type 'help' to get help.
\" -LogLevel 'Warning' -LogPath 'c:\Users\new\AppData\Roaming\Code\logs\20250712T182551\window1\exthost\ms-vscode.powershell' -SessionDetailsPath 'c:\Users\new\AppData\Roaming\Code\User\globalStorage\ms-vscode.powershell\sessions\PSES-VSCode-22268-322820.json' -FeatureFlags @() "
CurrentDirectory: F:\SOC_Journey\GitHub_Pushes\Day06_IOC_ML_Detector\
User: MRBLACK\new
LogonGuid: {3ece88ed-85ec-6870-f61e-080000000000}
LogonId: 0x81EF6
TerminalSessionId: 1
IntegrityLevel: High
Hashes: MD5=2E5A8590CF6848968FC23DE3FA1E25F1,SHA256=9785001B0DCF755EDDB8AF294A373C0B87B2498660F724E76C4D53F9C217C7A3,IMPHASH=3D08F4848535206D772DE145804FF4B6
ParentProcessGuid: {3ece88ed-5b59-6872-1c2a-000000009a00}
ParentProcessId: 21932
ParentImage: C:\Users\new\AppData\Local\Programs\Microsoft VS Code\Code.exe
ParentCommandLine: "C:\Users\new\AppData\Local\Programs\Microsoft VS Code\Code.exe" --type=utility --utility-sub-type=node.mojom.NodeService --lang=en-US --service-sandbox-type=none --video-capture-use-gpu-memory-buffer --user-data-dir="C:\Users\new\AppData\Roaming\Code" --standard-schemes=vscode-webview,vscode-file --enable-sandbox --secure-schemes=vscode-webview,vscode-file --cors-schemes=vscode-webview,vscode-file --fetch-schemes=vscode-webview,vscode-file --service-worker-schemes=vscode-webview --code-cache-schemes=vscode-webview,vscode-file --field-trial-handle=1844,i,1712019501210430926,9906973897547186809,262144 --enable-features=DocumentPolicyIncludeJSCallStacksInCrashReports,EarlyEstablishGpuChannel,EstablishGpuChannelAsync --disable-features=CalculateNativeWinOcclusion,SpareRendererForSitePerProcess,WinDelaySpellcheckServiceInit --variations-seed-version --mojo-platform-channel-handle=3820 /prefetch:8
ParentUser: MRBLACK\new
Network connection detected:
RuleName: Usermode
UtcTime: 2025-07-13 12:07:13.457
ProcessGuid: {3ece88ed-954c-6873-4953-000000009a00}
ProcessId: 11128
Image: C:\Users\new\AppData\Local\Programs\Microsoft VS Code\Code.exe
User: MRBLACK\new
Protocol: tcp
Initiated: true
SourceIsIpv6: false
SourceIp: 192.168.125.128
SourceHostname: MRBLACK
SourcePort: 58834
SourcePortName: -
DestinationIsIpv6: false
DestinationIp: 20.42.65.93
DestinationHostname: -
DestinationPort: 443
DestinationPortName: https
Process Create:
RuleName: -
UtcTime: 2025-07-13 12:07:14.716
ProcessGuid: {3ece88ed-a172-6873-3458-000000009a00}
ProcessId: 3152
Image: C:\Program Files (x86)\Google\GoogleUpdater\140.0.7272.0\updater.exe
FileVersion: 140.0.7272.0
Description: Google Updater (x64)
Product: Google Updater (x64)
Company: Google LLC
OriginalFileName: updater.exe
CommandLine: "C:\Program Files (x86)\Google\GoogleUpdater\140.0.7272.0\updater.exe" --crash-handler --system "--database=C:\Program Files (x86)\Google\GoogleUpdater\140.0.7272.0\Crashpad" --url=https://clients2.google.com/cr/report --annotation=prod=Update4 --annotation=ver=140.0.7272.0 "--attachment=C:\Program Files (x86)\Google\GoogleUpdater\updater.log" --initial-client-data=0x258,0x25c,0x260,0xf0,0x264,0x7ff78be41a78,0x7ff78be41a84,0x7ff78be41a90
CurrentDirectory: C:\Windows\system32\
User: NT AUTHORITY\SYSTEM
LogonGuid: {3ece88ed-85e5-6870-e703-000000000000}
LogonId: 0x3E7
TerminalSessionId: 0
IntegrityLevel: System
Hashes: MD5=C3BDD1354284B1728A56D30D99C145AB,SHA256=7ACC2F7679ADCBE3543234D1475F96BF13C9F5CDB19CD8F4BC807515347F41AE,IMPHASH=C906634BB7C021C056E5C719C4326D8A
ParentProcessGuid: {3ece88ed-a172-6873-3358-000000009a00}
ParentProcessId: 14160
ParentImage: C:\Program Files (x86)\Google\GoogleUpdater\140.0.7272.0\updater.exe
ParentCommandLine: "C:\Program Files (x86)\Google\GoogleUpdater\140.0.7272.0\updater.exe" --system --windows-service --service=update
ParentUser: NT AUTHORITY\SYSTEM
Process Create:
RuleName: -
UtcTime: 2025-07-13 12:07:14.695
ProcessGuid: {3ece88ed-a172-6873-3358-000000009a00}
ProcessId: 14160
Image: C:\Program Files (x86)\Google\GoogleUpdater\140.0.7272.0\updater.exe
FileVersion: 140.0.7272.0
Description: Google Updater (x64)
Product: Google Updater (x64)
Company: Google LLC
OriginalFileName: updater.exe
CommandLine: "C:\Program Files (x86)\Google\GoogleUpdater\140.0.7272.0\updater.exe" --system --windows-service --service=update
CurrentDirectory: C:\Windows\system32\
User: NT AUTHORITY\SYSTEM
LogonGuid: {3ece88ed-85e5-6870-e703-000000000000}
LogonId: 0x3E7
TerminalSessionId: 0
IntegrityLevel: System
Hashes: MD5=C3BDD1354284B1728A56D30D99C145AB,SHA256=7ACC2F7679ADCBE3543234D1475F96BF13C9F5CDB19CD8F4BC807515347F41AE,IMPHASH=C906634BB7C021C056E5C719C4326D8A
ParentProcessGuid: {3ece88ed-85e5-6870-0a00-000000009a00}
ParentProcessId: 808
ParentImage: C:\Windows\System32\services.exe
ParentCommandLine: C:\Windows\system32\services.exe
ParentUser: NT AUTHORITY\SYSTEM
Process Create:
RuleName: -
UtcTime: 2025-07-13 12:07:14.632
ProcessGuid: {3ece88ed-a172-6873-3258-000000009a00}
ProcessId: 13976
Image: C:\Program Files (x86)\Google\GoogleUpdater\140.0.7272.0\updater.exe
FileVersion: 140.0.7272.0
Description: Google Updater (x64)
Product: Google Updater (x64)
Company: Google LLC
OriginalFileName: updater.exe
CommandLine: "C:\Program Files (x86)\Google\GoogleUpdater\140.0.7272.0\updater.exe" --crash-handler --system "--database=C:\Program Files (x86)\Google\GoogleUpdater\140.0.7272.0\Crashpad" --url=https://clients2.google.com/cr/report --annotation=prod=Update4 --annotation=ver=140.0.7272.0 "--attachment=C:\Program Files (x86)\Google\GoogleUpdater\updater.log" --initial-client-data=0x25c,0x260,0x264,0x258,0x268,0x7ff78be41a78,0x7ff78be41a84,0x7ff78be41a90
CurrentDirectory: C:\Windows\system32\
User: NT AUTHORITY\SYSTEM
LogonGuid: {3ece88ed-85e5-6870-e703-000000000000}
LogonId: 0x3E7
TerminalSessionId: 0
IntegrityLevel: System
Hashes: MD5=C3BDD1354284B1728A56D30D99C145AB,SHA256=7ACC2F7679ADCBE3543234D1475F96BF13C9F5CDB19CD8F4BC807515347F41AE,IMPHASH=C906634BB7C021C056E5C719C4326D8A
ParentProcessGuid: {3ece88ed-a172-6873-3158-000000009a00}
ParentProcessId: 2996
ParentImage: C:\Program Files (x86)\Google\GoogleUpdater\140.0.7272.0\updater.exe
ParentCommandLine: "C:\Program Files (x86)\Google\GoogleUpdater\140.0.7272.0\updater.exe" --system --windows-service --service=update-internal
ParentUser: NT AUTHORITY\SYSTEM
Process Create:
RuleName: -
UtcTime: 2025-07-13 12:07:14.600
ProcessGuid: {3ece88ed-a172-6873-3158-000000009a00}
ProcessId: 2996
Image: C:\Program Files (x86)\Google\GoogleUpdater\140.0.7272.0\updater.exe
FileVersion: 140.0.7272.0
Description: Google Updater (x64)
Product: Google Updater (x64)
Company: Google LLC
OriginalFileName: updater.exe
CommandLine: "C:\Program Files (x86)\Google\GoogleUpdater\140.0.7272.0\updater.exe" --system --windows-service --service=update-internal
CurrentDirectory: C:\Windows\system32\
User: NT AUTHORITY\SYSTEM
LogonGuid: {3ece88ed-85e5-6870-e703-000000000000}
LogonId: 0x3E7
TerminalSessionId: 0
IntegrityLevel: System
Hashes: MD5=C3BDD1354284B1728A56D30D99C145AB,SHA256=7ACC2F7679ADCBE3543234D1475F96BF13C9F5CDB19CD8F4BC807515347F41AE,IMPHASH=C906634BB7C021C056E5C719C4326D8A
ParentProcessGuid: {3ece88ed-85e5-6870-0a00-000000009a00}
ParentProcessId: 808
ParentImage: C:\Windows\System32\services.exe
ParentCommandLine: C:\Windows\system32\services.exe
ParentUser: NT AUTHORITY\SYSTEM
Process Create:
RuleName: -
UtcTime: 2025-07-13 12:07:14.513
ProcessGuid: {3ece88ed-a172-6873-3058-000000009a00}
ProcessId: 18084
Image: C:\Program Files (x86)\Google\GoogleUpdater\140.0.7272.0\updater.exe
FileVersion: 140.0.7272.0
Description: Google Updater (x64)
Product: Google Updater (x64)
Company: Google LLC
OriginalFileName: updater.exe
CommandLine: "C:\Program Files (x86)\Google\GoogleUpdater\140.0.7272.0\updater.exe" --crash-handler --system "--database=C:\Program Files (x86)\Google\GoogleUpdater\140.0.7272.0\Crashpad" --url=https://clients2.google.com/cr/report --annotation=prod=Update4 --annotation=ver=140.0.7272.0 "--attachment=C:\Program Files (x86)\Google\GoogleUpdater\updater.log" --initial-client-data=0x268,0x26c,0x270,0x224,0x274,0x7ff78be41a78,0x7ff78be41a84,0x7ff78be41a90
CurrentDirectory: C:\Windows\system32\
User: NT AUTHORITY\SYSTEM
LogonGuid: {3ece88ed-85e5-6870-e703-000000000000}
LogonId: 0x3E7
TerminalSessionId: 0
IntegrityLevel: System
Hashes: MD5=C3BDD1354284B1728A56D30D99C145AB,SHA256=7ACC2F7679ADCBE3543234D1475F96BF13C9F5CDB19CD8F4BC807515347F41AE,IMPHASH=C906634BB7C021C056E5C719C4326D8A
ParentProcessGuid: {3ece88ed-a172-6873-2f58-000000009a00}
ParentProcessId: 14916
ParentImage: C:\Program Files (x86)\Google\GoogleUpdater\140.0.7272.0\updater.exe
ParentCommandLine: "C:\Program Files (x86)\Google\GoogleUpdater\140.0.7272.0\updater.exe" --wake --system
ParentUser: NT AUTHORITY\SYSTEM
Process Create:
RuleName: -
UtcTime: 2025-07-13 12:07:14.432
ProcessGuid: {3ece88ed-a172-6873-2f58-000000009a00}
ProcessId: 14916
Image: C:\Program Files (x86)\Google\GoogleUpdater\140.0.7272.0\updater.exe
FileVersion: 140.0.7272.0
Description: Google Updater (x64)
Product: Google Updater (x64)
Company: Google LLC
OriginalFileName: updater.exe
CommandLine: "C:\Program Files (x86)\Google\GoogleUpdater\140.0.7272.0\updater.exe" --wake --system
CurrentDirectory: C:\Windows\system32\
User: NT AUTHORITY\SYSTEM
LogonGuid: {3ece88ed-85e5-6870-e703-000000000000}
LogonId: 0x3E7
TerminalSessionId: 0
IntegrityLevel: System
Hashes: MD5=C3BDD1354284B1728A56D30D99C145AB,SHA256=7ACC2F7679ADCBE3543234D1475F96BF13C9F5CDB19CD8F4BC807515347F41AE,IMPHASH=C906634BB7C021C056E5C719C4326D8A
ParentProcessGuid: {3ece88ed-85e7-6870-2800-000000009a00}
ParentProcessId: 1572
ParentImage: C:\Windows\System32\svchost.exe
ParentCommandLine: C:\Windows\system32\svchost.exe -k netsvcs -p -s Schedule
ParentUser: NT AUTHORITY\SYSTEM
Process Create:
RuleName: -
UtcTime: 2025-07-13 12:07:13.996
ProcessGuid: {3ece88ed-a171-6873-2e58-000000009a00}
ProcessId: 6392
Image: C:\Program Files\Git\mingw64\bin\git.exe
FileVersion: 2.50.0.windows.1
Description: Git for Windows
Product: Git
Company: The Git Development Community
OriginalFileName: git.exe
CommandLine: git.exe for-each-ref --sort -committerdate --format %%(refname)The operation completed successfully.%%(objectname)The operation completed successfully.%%(*objectname)
CurrentDirectory: F:\SOC_Journey\GitHub_Pushes\
User: MRBLACK\new
LogonGuid: {3ece88ed-85ec-6870-f61e-080000000000}
LogonId: 0x81EF6
TerminalSessionId: 1
IntegrityLevel: High
Hashes: MD5=48750D8CEFD683FF97E70603097B79F2,SHA256=1F2EE2DE971B6D0A7A13F053014998B66C22DF47F30F1907A767346392EB8D78,IMPHASH=BA786B4B77B388CC6698F98951D469C8
ParentProcessGuid: {3ece88ed-a171-6873-2b58-000000009a00}
ParentProcessId: 19500
ParentImage: C:\Program Files\Git\cmd\git.exe
ParentCommandLine: "C:\Program Files\Git\cmd\git.exe" for-each-ref --sort -committerdate --format %(refname)%00%(objectname)%00%(*objectname)
ParentUser: MRBLACK\new
Process Create:
RuleName: -
UtcTime: 2025-07-13 12:07:13.992
ProcessGuid: {3ece88ed-a171-6873-2d58-000000009a00}
ProcessId: 14344
Image: C:\Program Files\Git\mingw64\bin\git.exe
FileVersion: 2.50.0.windows.1
Description: Git for Windows
Product: Git
Company: The Git Development Community
OriginalFileName: git.exe
CommandLine: git.exe status -z -uall
CurrentDirectory: F:\SOC_Journey\GitHub_Pushes\
User: MRBLACK\new
LogonGuid: {3ece88ed-85ec-6870-f61e-080000000000}
LogonId: 0x81EF6
TerminalSessionId: 1
IntegrityLevel: High
Hashes: MD5=48750D8CEFD683FF97E70603097B79F2,SHA256=1F2EE2DE971B6D0A7A13F053014998B66C22DF47F30F1907A767346392EB8D78,IMPHASH=BA786B4B77B388CC6698F98951D469C8
ParentProcessGuid: {3ece88ed-a171-6873-2958-000000009a00}
ParentProcessId: 18856
ParentImage: C:\Program Files\Git\cmd\git.exe
ParentCommandLine: "C:\Program Files\Git\cmd\git.exe" status -z -uall
ParentUser: MRBLACK\new
Process Create:
