RuleName: -
UtcTime: 2025-07-13 12:06:37.086
ProcessGuid: {3ece88ed-a14d-6873-ca57-000000009a00}
ProcessId: 3124
Image: C:\Program Files\Git\cmd\git.exe
FileVersion: 2.50.0.windows.1
Description: Git for Windows
Product: Git
Company: The Git Development Community
OriginalFileName: git.exe
CommandLine: "C:\Program Files\Git\cmd\git.exe" for-each-ref --format=%%(refname)The operation completed successfully.%%(upstream:short)The operation completed successfully.%%(objectname)The operation completed successfully.%%(upstream:track)The operation completed successfully.%%(upstream:remotename)The operation completed successfully.%%(upstream:remoteref) --ignore-case refs/heads/master refs/remotes/master
CurrentDirectory: F:\SOC_Journey\GitHub_Pushes\
User: MRBLACK\new
LogonGuid: {3ece88ed-85ec-6870-f61e-080000000000}
LogonId: 0x81EF6
TerminalSessionId: 1
IntegrityLevel: High
Hashes: MD5=72D5DD969D5E0812D4F779923751F4FF,SHA256=E1E5F04E40A003B28B1E79659FABF3FD04DC4D8FDC7221D3495DFE51F861C75E,IMPHASH=10D716A849443DCD821CE3C4C8CBA197
ParentProcessGuid: {3ece88ed-954c-6873-4953-000000009a00}
ParentProcessId: 11128
ParentImage: C:\Users\new\AppData\Local\Programs\Microsoft VS Code\Code.exe
ParentCommandLine: "C:\Users\new\AppData\Local\Programs\Microsoft VS Code\Code.exe" --type=utility --utility-sub-type=node.mojom.NodeService --lang=en-US --service-sandbox-type=none --dns-result-order=ipv4first --experimental-network-inspection --inspect-port=0 --video-capture-use-gpu-memory-buffer --user-data-dir="C:\Users\new\AppData\Roaming\Code" --standard-schemes=vscode-webview,vscode-file --enable-sandbox --secure-schemes=vscode-webview,vscode-file --cors-schemes=vscode-webview,vscode-file --fetch-schemes=vscode-webview,vscode-file --service-worker-schemes=vscode-webview --code-cache-schemes=vscode-webview,vscode-file --field-trial-handle=1844,i,1712019501210430926,9906973897547186809,262144 --enable-features=DocumentPolicyIncludeJSCallStacksInCrashReports,EarlyEstablishGpuChannel,EstablishGpuChannelAsync --disable-features=CalculateNativeWinOcclusion,SpareRendererForSitePerProcess,WinDelaySpellcheckServiceInit --variations-seed-version --mojo-platform-channel-handle=5316 /prefetch:8
ParentUser: MRBLACK\new
Process Create:
RuleName: -
UtcTime: 2025-07-13 12:06:37.079
ProcessGuid: {3ece88ed-a14d-6873-c857-000000009a00}
ProcessId: 3264
Image: C:\Program Files\Git\cmd\git.exe
FileVersion: 2.50.0.windows.1
Description: Git for Windows
Product: Git
Company: The Git Development Community
OriginalFileName: git.exe
CommandLine: "C:\Program Files\Git\cmd\git.exe" config --get commit.template
CurrentDirectory: F:\SOC_Journey\GitHub_Pushes\
User: MRBLACK\new
LogonGuid: {3ece88ed-85ec-6870-f61e-080000000000}
LogonId: 0x81EF6
TerminalSessionId: 1
IntegrityLevel: High
Hashes: MD5=72D5DD969D5E0812D4F779923751F4FF,SHA256=E1E5F04E40A003B28B1E79659FABF3FD04DC4D8FDC7221D3495DFE51F861C75E,IMPHASH=10D716A849443DCD821CE3C4C8CBA197
ParentProcessGuid: {3ece88ed-954c-6873-4953-000000009a00}
ParentProcessId: 11128
ParentImage: C:\Users\new\AppData\Local\Programs\Microsoft VS Code\Code.exe
ParentCommandLine: "C:\Users\new\AppData\Local\Programs\Microsoft VS Code\Code.exe" --type=utility --utility-sub-type=node.mojom.NodeService --lang=en-US --service-sandbox-type=none --dns-result-order=ipv4first --experimental-network-inspection --inspect-port=0 --video-capture-use-gpu-memory-buffer --user-data-dir="C:\Users\new\AppData\Roaming\Code" --standard-schemes=vscode-webview,vscode-file --enable-sandbox --secure-schemes=vscode-webview,vscode-file --cors-schemes=vscode-webview,vscode-file --fetch-schemes=vscode-webview,vscode-file --service-worker-schemes=vscode-webview --code-cache-schemes=vscode-webview,vscode-file --field-trial-handle=1844,i,1712019501210430926,9906973897547186809,262144 --enable-features=DocumentPolicyIncludeJSCallStacksInCrashReports,EarlyEstablishGpuChannel,EstablishGpuChannelAsync --disable-features=CalculateNativeWinOcclusion,SpareRendererForSitePerProcess,WinDelaySpellcheckServiceInit --variations-seed-version --mojo-platform-channel-handle=5316 /prefetch:8
ParentUser: MRBLACK\new
Network connection detected:
RuleName: Usermode
UtcTime: 2025-07-13 12:06:32.860
ProcessGuid: {3ece88ed-5b57-6872-192a-000000009a00}
ProcessId: 21780
Image: C:\Users\new\AppData\Local\Programs\Microsoft VS Code\Code.exe
User: MRBLACK\new
Protocol: tcp
Initiated: true
SourceIsIpv6: false
SourceIp: 192.168.125.128
SourceHostname: MRBLACK
SourcePort: 58828
SourcePortName: -
DestinationIsIpv6: false
DestinationIp: 40.79.173.40
DestinationHostname: -
DestinationPort: 443
DestinationPortName: https
Process Create:
RuleName: -
UtcTime: 2025-07-13 12:06:32.012
ProcessGuid: {3ece88ed-a148-6873-c757-000000009a00}
ProcessId: 17064
Image: C:\Program Files\Git\mingw64\bin\git.exe
FileVersion: 2.50.0.windows.1
Description: Git for Windows
Product: Git
Company: The Git Development Community
OriginalFileName: git.exe
CommandLine: git.exe for-each-ref --sort -committerdate --format %%(refname)The operation completed successfully.%%(objectname)The operation completed successfully.%%(*objectname)
CurrentDirectory: F:\SOC_Journey\GitHub_Pushes\
User: MRBLACK\new
LogonGuid: {3ece88ed-85ec-6870-f61e-080000000000}
LogonId: 0x81EF6
TerminalSessionId: 1
IntegrityLevel: High
Hashes: MD5=48750D8CEFD683FF97E70603097B79F2,SHA256=1F2EE2DE971B6D0A7A13F053014998B66C22DF47F30F1907A767346392EB8D78,IMPHASH=BA786B4B77B388CC6698F98951D469C8
ParentProcessGuid: {3ece88ed-a147-6873-c457-000000009a00}
ParentProcessId: 21420
ParentImage: C:\Program Files\Git\cmd\git.exe
ParentCommandLine: "C:\Program Files\Git\cmd\git.exe" for-each-ref --sort -committerdate --format %(refname)%00%(objectname)%00%(*objectname)
ParentUser: MRBLACK\new
Network connection detected:
RuleName: Usermode
UtcTime: 2025-07-13 12:06:43.004
ProcessGuid: {3ece88ed-5b57-6872-192a-000000009a00}
ProcessId: 21780
Image: C:\Users\new\AppData\Local\Programs\Microsoft VS Code\Code.exe
User: MRBLACK\new
Protocol: tcp
Initiated: true
SourceIsIpv6: false
SourceIp: 192.168.125.128
SourceHostname: MRBLACK
SourcePort: 58831
SourcePortName: -
DestinationIsIpv6: false
DestinationIp: 40.79.173.40
DestinationHostname: -
DestinationPort: 443
DestinationPortName: https
Process Create:
RuleName: -
UtcTime: 2025-07-13 12:06:42.610
ProcessGuid: {3ece88ed-a152-6873-df57-000000009a00}
ProcessId: 21500
Image: C:\Program Files\Git\mingw64\bin\git.exe
FileVersion: 2.50.0.windows.1
Description: Git for Windows
Product: Git
Company: The Git Development Community
OriginalFileName: git.exe
CommandLine: git.exe status -z -uall
CurrentDirectory: F:\SOC_Journey\GitHub_Pushes\
User: MRBLACK\new
LogonGuid: {3ece88ed-85ec-6870-f61e-080000000000}
LogonId: 0x81EF6
TerminalSessionId: 1
IntegrityLevel: High
Hashes: MD5=48750D8CEFD683FF97E70603097B79F2,SHA256=1F2EE2DE971B6D0A7A13F053014998B66C22DF47F30F1907A767346392EB8D78,IMPHASH=BA786B4B77B388CC6698F98951D469C8
ParentProcessGuid: {3ece88ed-a152-6873-da57-000000009a00}
ParentProcessId: 18860
ParentImage: C:\Program Files\Git\cmd\git.exe
ParentCommandLine: "C:\Program Files\Git\cmd\git.exe" status -z -uall
ParentUser: MRBLACK\new
Process Create:
RuleName: -
UtcTime: 2025-07-13 12:06:42.607
ProcessGuid: {3ece88ed-a152-6873-de57-000000009a00}
ProcessId: 22660
Image: C:\Program Files\Git\mingw64\bin\git.exe
FileVersion: 2.50.0.windows.1
Description: Git for Windows
Product: Git
Company: The Git Development Community
OriginalFileName: git.exe
CommandLine: git.exe for-each-ref --sort -committerdate --format %%(refname)The operation completed successfully.%%(objectname)The operation completed successfully.%%(*objectname)
CurrentDirectory: F:\SOC_Journey\GitHub_Pushes\
User: MRBLACK\new
LogonGuid: {3ece88ed-85ec-6870-f61e-080000000000}
LogonId: 0x81EF6
TerminalSessionId: 1
IntegrityLevel: High
Hashes: MD5=48750D8CEFD683FF97E70603097B79F2,SHA256=1F2EE2DE971B6D0A7A13F053014998B66C22DF47F30F1907A767346392EB8D78,IMPHASH=BA786B4B77B388CC6698F98951D469C8
ParentProcessGuid: {3ece88ed-a152-6873-db57-000000009a00}
ParentProcessId: 22296
ParentImage: C:\Program Files\Git\cmd\git.exe
ParentCommandLine: "C:\Program Files\Git\cmd\git.exe" for-each-ref --sort -committerdate --format %(refname)%00%(objectname)%00%(*objectname)
ParentUser: MRBLACK\new
Process Create:
RuleName: -
UtcTime: 2025-07-13 12:06:42.504
ProcessGuid: {3ece88ed-a152-6873-db57-000000009a00}
ProcessId: 22296
Image: C:\Program Files\Git\cmd\git.exe
FileVersion: 2.50.0.windows.1
Description: Git for Windows
Product: Git
Company: The Git Development Community
OriginalFileName: git.exe
CommandLine: "C:\Program Files\Git\cmd\git.exe" for-each-ref --sort -committerdate --format %%(refname)The operation completed successfully.%%(objectname)The operation completed successfully.%%(*objectname)
CurrentDirectory: F:\SOC_Journey\GitHub_Pushes\
User: MRBLACK\new
LogonGuid: {3ece88ed-85ec-6870-f61e-080000000000}
LogonId: 0x81EF6
TerminalSessionId: 1
IntegrityLevel: High
Hashes: MD5=72D5DD969D5E0812D4F779923751F4FF,SHA256=E1E5F04E40A003B28B1E79659FABF3FD04DC4D8FDC7221D3495DFE51F861C75E,IMPHASH=10D716A849443DCD821CE3C4C8CBA197
ParentProcessGuid: {3ece88ed-954c-6873-4953-000000009a00}
ParentProcessId: 11128
ParentImage: C:\Users\new\AppData\Local\Programs\Microsoft VS Code\Code.exe
ParentCommandLine: "C:\Users\new\AppData\Local\Programs\Microsoft VS Code\Code.exe" --type=utility --utility-sub-type=node.mojom.NodeService --lang=en-US --service-sandbox-type=none --dns-result-order=ipv4first --experimental-network-inspection --inspect-port=0 --video-capture-use-gpu-memory-buffer --user-data-dir="C:\Users\new\AppData\Roaming\Code" --standard-schemes=vscode-webview,vscode-file --enable-sandbox --secure-schemes=vscode-webview,vscode-file --cors-schemes=vscode-webview,vscode-file --fetch-schemes=vscode-webview,vscode-file --service-worker-schemes=vscode-webview --code-cache-schemes=vscode-webview,vscode-file --field-trial-handle=1844,i,1712019501210430926,9906973897547186809,262144 --enable-features=DocumentPolicyIncludeJSCallStacksInCrashReports,EarlyEstablishGpuChannel,EstablishGpuChannelAsync --disable-features=CalculateNativeWinOcclusion,SpareRendererForSitePerProcess,WinDelaySpellcheckServiceInit --variations-seed-version --mojo-platform-channel-handle=5316 /prefetch:8
ParentUser: MRBLACK\new
Process Create:
RuleName: -
UtcTime: 2025-07-13 12:06:42.496
ProcessGuid: {3ece88ed-a152-6873-da57-000000009a00}
ProcessId: 18860
Image: C:\Program Files\Git\cmd\git.exe
FileVersion: 2.50.0.windows.1
Description: Git for Windows
Product: Git
Company: The Git Development Community
OriginalFileName: git.exe
CommandLine: "C:\Program Files\Git\cmd\git.exe" status -z -uall
CurrentDirectory: F:\SOC_Journey\GitHub_Pushes\
User: MRBLACK\new
LogonGuid: {3ece88ed-85ec-6870-f61e-080000000000}
LogonId: 0x81EF6
TerminalSessionId: 1
IntegrityLevel: High
Hashes: MD5=72D5DD969D5E0812D4F779923751F4FF,SHA256=E1E5F04E40A003B28B1E79659FABF3FD04DC4D8FDC7221D3495DFE51F861C75E,IMPHASH=10D716A849443DCD821CE3C4C8CBA197
ParentProcessGuid: {3ece88ed-954c-6873-4953-000000009a00}
ParentProcessId: 11128
ParentImage: C:\Users\new\AppData\Local\Programs\Microsoft VS Code\Code.exe
ParentCommandLine: "C:\Users\new\AppData\Local\Programs\Microsoft VS Code\Code.exe" --type=utility --utility-sub-type=node.mojom.NodeService --lang=en-US --service-sandbox-type=none --dns-result-order=ipv4first --experimental-network-inspection --inspect-port=0 --video-capture-use-gpu-memory-buffer --user-data-dir="C:\Users\new\AppData\Roaming\Code" --standard-schemes=vscode-webview,vscode-file --enable-sandbox --secure-schemes=vscode-webview,vscode-file --cors-schemes=vscode-webview,vscode-file --fetch-schemes=vscode-webview,vscode-file --service-worker-schemes=vscode-webview --code-cache-schemes=vscode-webview,vscode-file --field-trial-handle=1844,i,1712019501210430926,9906973897547186809,262144 --enable-features=DocumentPolicyIncludeJSCallStacksInCrashReports,EarlyEstablishGpuChannel,EstablishGpuChannelAsync --disable-features=CalculateNativeWinOcclusion,SpareRendererForSitePerProcess,WinDelaySpellcheckServiceInit --variations-seed-version --mojo-platform-channel-handle=5316 /prefetch:8
ParentUser: MRBLACK\new
Process Create:
RuleName: -
UtcTime: 2025-07-13 12:06:42.388
ProcessGuid: {3ece88ed-a152-6873-d957-000000009a00}
ProcessId: 20024
Image: C:\Program Files\Git\mingw64\bin\git.exe
FileVersion: 2.50.0.windows.1
Description: Git for Windows
Product: Git
Company: The Git Development Community
OriginalFileName: git.exe
CommandLine: git.exe config --get commit.template
CurrentDirectory: F:\SOC_Journey\GitHub_Pushes\
User: MRBLACK\new
LogonGuid: {3ece88ed-85ec-6870-f61e-080000000000}
LogonId: 0x81EF6
TerminalSessionId: 1
IntegrityLevel: High
Hashes: MD5=48750D8CEFD683FF97E70603097B79F2,SHA256=1F2EE2DE971B6D0A7A13F053014998B66C22DF47F30F1907A767346392EB8D78,IMPHASH=BA786B4B77B388CC6698F98951D469C8
ParentProcessGuid: {3ece88ed-a152-6873-d457-000000009a00}
ParentProcessId: 15220
ParentImage: C:\Program Files\Git\cmd\git.exe
ParentCommandLine: "C:\Program Files\Git\cmd\git.exe" config --get commit.template
ParentUser: MRBLACK\new
Process Create:
RuleName: -
UtcTime: 2025-07-13 12:06:42.377
ProcessGuid: {3ece88ed-a152-6873-d857-000000009a00}
ProcessId: 21640
Image: C:\Program Files\Git\mingw64\bin\git.exe
FileVersion: 2.50.0.windows.1
Description: Git for Windows
Product: Git
Company: The Git Development Community
OriginalFileName: git.exe
CommandLine: git.exe for-each-ref --format=%%(refname)The operation completed successfully.%%(upstream:short)The operation completed successfully.%%(objectname)The operation completed successfully.%%(upstream:track)The operation completed successfully.%%(upstream:remotename)The operation completed successfully.%%(upstream:remoteref) --ignore-case refs/heads/master refs/remotes/master
CurrentDirectory: F:\SOC_Journey\GitHub_Pushes\
User: MRBLACK\new
LogonGuid: {3ece88ed-85ec-6870-f61e-080000000000}
LogonId: 0x81EF6
TerminalSessionId: 1
IntegrityLevel: High
Hashes: MD5=48750D8CEFD683FF97E70603097B79F2,SHA256=1F2EE2DE971B6D0A7A13F053014998B66C22DF47F30F1907A767346392EB8D78,IMPHASH=BA786B4B77B388CC6698F98951D469C8
ParentProcessGuid: {3ece88ed-a152-6873-d557-000000009a00}
ParentProcessId: 3356
ParentImage: C:\Program Files\Git\cmd\git.exe
ParentCommandLine: "C:\Program Files\Git\cmd\git.exe" for-each-ref --format=%(refname)%00%(upstream:short)%00%(objectname)%00%(upstream:track)%00%(upstream:remotename)%00%(upstream:remoteref) --ignore-case refs/heads/master refs/remotes/master
ParentUser: MRBLACK\new
Process Create:
RuleName: -
UtcTime: 2025-07-13 12:06:42.293
ProcessGuid: {3ece88ed-a152-6873-d557-000000009a00}
ProcessId: 3356
Image: C:\Program Files\Git\cmd\git.exe
FileVersion: 2.50.0.windows.1
Description: Git for Windows
Product: Git
Company: The Git Development Community
OriginalFileName: git.exe
CommandLine: "C:\Program Files\Git\cmd\git.exe" for-each-ref --format=%%(refname)The operation completed successfully.%%(upstream:short)The operation completed successfully.%%(objectname)The operation completed successfully.%%(upstream:track)The operation completed successfully.%%(upstream:remotename)The operation completed successfully.%%(upstream:remoteref) --ignore-case refs/heads/master refs/remotes/master
CurrentDirectory: F:\SOC_Journey\GitHub_Pushes\
User: MRBLACK\new
LogonGuid: {3ece88ed-85ec-6870-f61e-080000000000}
LogonId: 0x81EF6
TerminalSessionId: 1
IntegrityLevel: High
Hashes: MD5=72D5DD969D5E0812D4F779923751F4FF,SHA256=E1E5F04E40A003B28B1E79659FABF3FD04DC4D8FDC7221D3495DFE51F861C75E,IMPHASH=10D716A849443DCD821CE3C4C8CBA197
ParentProcessGuid: {3ece88ed-954c-6873-4953-000000009a00}
ParentProcessId: 11128
ParentImage: C:\Users\new\AppData\Local\Programs\Microsoft VS Code\Code.exe
ParentCommandLine: "C:\Users\new\AppData\Local\Programs\Microsoft VS Code\Code.exe" --type=utility --utility-sub-type=node.mojom.NodeService --lang=en-US --service-sandbox-type=none --dns-result-order=ipv4first --experimental-network-inspection --inspect-port=0 --video-capture-use-gpu-memory-buffer --user-data-dir="C:\Users\new\AppData\Roaming\Code" --standard-schemes=vscode-webview,vscode-file --enable-sandbox --secure-schemes=vscode-webview,vscode-file --cors-schemes=vscode-webview,vscode-file --fetch-schemes=vscode-webview,vscode-file --service-worker-schemes=vscode-webview --code-cache-schemes=vscode-webview,vscode-file --field-trial-handle=1844,i,1712019501210430926,9906973897547186809,262144 --enable-features=DocumentPolicyIncludeJSCallStacksInCrashReports,EarlyEstablishGpuChannel,EstablishGpuChannelAsync --disable-features=CalculateNativeWinOcclusion,SpareRendererForSitePerProcess,WinDelaySpellcheckServiceInit --variations-seed-version --mojo-platform-channel-handle=5316 /prefetch:8
ParentUser: MRBLACK\new
Process Create:
RuleName: -
UtcTime: 2025-07-13 12:06:42.283
ProcessGuid: {3ece88ed-a152-6873-d457-000000009a00}
ProcessId: 15220
Image: C:\Program Files\Git\cmd\git.exe
FileVersion: 2.50.0.windows.1
Description: Git for Windows
Product: Git
Company: The Git Development Community
OriginalFileName: git.exe
CommandLine: "C:\Program Files\Git\cmd\git.exe" config --get commit.template
CurrentDirectory: F:\SOC_Journey\GitHub_Pushes\
User: MRBLACK\new
LogonGuid: {3ece88ed-85ec-6870-f61e-080000000000}
LogonId: 0x81EF6
TerminalSessionId: 1
IntegrityLevel: High
Hashes: MD5=72D5DD969D5E0812D4F779923751F4FF,SHA256=E1E5F04E40A003B28B1E79659FABF3FD04DC4D8FDC7221D3495DFE51F861C75E,IMPHASH=10D716A849443DCD821CE3C4C8CBA197
ParentProcessGuid: {3ece88ed-954c-6873-4953-000000009a00}
ParentProcessId: 11128
ParentImage: C:\Users\new\AppData\Local\Programs\Microsoft VS Code\Code.exe
ParentCommandLine: "C:\Users\new\AppData\Local\Programs\Microsoft VS Code\Code.exe" --type=utility --utility-sub-type=node.mojom.NodeService --lang=en-US --service-sandbox-type=none --dns-result-order=ipv4first --experimental-network-inspection --inspect-port=0 --video-capture-use-gpu-memory-buffer --user-data-dir="C:\Users\new\AppData\Roaming\Code" --standard-schemes=vscode-webview,vscode-file --enable-sandbox --secure-schemes=vscode-webview,vscode-file --cors-schemes=vscode-webview,vscode-file --fetch-schemes=vscode-webview,vscode-file --service-worker-schemes=vscode-webview --code-cache-schemes=vscode-webview,vscode-file --field-trial-handle=1844,i,1712019501210430926,9906973897547186809,262144 --enable-features=DocumentPolicyIncludeJSCallStacksInCrashReports,EarlyEstablishGpuChannel,EstablishGpuChannelAsync --disable-features=CalculateNativeWinOcclusion,SpareRendererForSitePerProcess,WinDelaySpellcheckServiceInit --variations-seed-version --mojo-platform-channel-handle=5316 /prefetch:8
ParentUser: MRBLACK\new
Process Create:
RuleName: -
UtcTime: 2025-07-13 12:06:37.219
ProcessGuid: {3ece88ed-a14d-6873-d357-000000009a00}
ProcessId: 10008
Image: C:\Program Files\Git\mingw64\bin\git.exe
FileVersion: 2.50.0.windows.1
Description: Git for Windows
Product: Git
Company: The Git Development Community
OriginalFileName: git.exe
CommandLine: git.exe for-each-ref --sort -committerdate --format %%(refname)The operation completed successfully.%%(objectname)The operation completed successfully.%%(*objectname)
CurrentDirectory: F:\SOC_Journey\GitHub_Pushes\
User: MRBLACK\new
LogonGuid: {3ece88ed-85ec-6870-f61e-080000000000}
LogonId: 0x81EF6
TerminalSessionId: 1
IntegrityLevel: High
Hashes: MD5=48750D8CEFD683FF97E70603097B79F2,SHA256=1F2EE2DE971B6D0A7A13F053014998B66C22DF47F30F1907A767346392EB8D78,IMPHASH=BA786B4B77B388CC6698F98951D469C8
ParentProcessGuid: {3ece88ed-a14d-6873-d057-000000009a00}
ParentProcessId: 8292
ParentImage: C:\Program Files\Git\cmd\git.exe
ParentCommandLine: "C:\Program Files\Git\cmd\git.exe" for-each-ref --sort -committerdate --format %(refname)%00%(objectname)%00%(*objectname)
ParentUser: MRBLACK\new
Process Create:
RuleName: -
UtcTime: 2025-07-13 12:06:47.904
ProcessGuid: {3ece88ed-a157-6873-eb57-000000009a00}
ProcessId: 10568
Image: C:\Program Files\Git\mingw64\bin\git.exe
FileVersion: 2.50.0.windows.1
Description: Git for Windows
Product: Git
Company: The Git Development Community
OriginalFileName: git.exe
CommandLine: git.exe for-each-ref --sort -committerdate --format %%(refname)The operation completed successfully.%%(objectname)The operation completed successfully.%%(*objectname)
CurrentDirectory: F:\SOC_Journey\GitHub_Pushes\
User: MRBLACK\new
LogonGuid: {3ece88ed-85ec-6870-f61e-080000000000}
LogonId: 0x81EF6
TerminalSessionId: 1
IntegrityLevel: High
Hashes: MD5=48750D8CEFD683FF97E70603097B79F2,SHA256=1F2EE2DE971B6D0A7A13F053014998B66C22DF47F30F1907A767346392EB8D78,IMPHASH=BA786B4B77B388CC6698F98951D469C8
ParentProcessGuid: {3ece88ed-a157-6873-e857-000000009a00}
ParentProcessId: 18600
ParentImage: C:\Program Files\Git\cmd\git.exe
ParentCommandLine: "C:\Program Files\Git\cmd\git.exe" for-each-ref --sort -committerdate --format %(refname)%00%(objectname)%00%(*objectname)
ParentUser: MRBLACK\new
Process Create:
RuleName: -
UtcTime: 2025-07-13 12:06:47.899
ProcessGuid: {3ece88ed-a157-6873-ea57-000000009a00}
ProcessId: 3728
Image: C:\Program Files\Git\mingw64\bin\git.exe
FileVersion: 2.50.0.windows.1
Description: Git for Windows
Product: Git
Company: The Git Development Community
OriginalFileName: git.exe
CommandLine: git.exe status -z -uall
CurrentDirectory: F:\SOC_Journey\GitHub_Pushes\
User: MRBLACK\new
LogonGuid: {3ece88ed-85ec-6870-f61e-080000000000}
LogonId: 0x81EF6
TerminalSessionId: 1
IntegrityLevel: High
Hashes: MD5=48750D8CEFD683FF97E70603097B79F2,SHA256=1F2EE2DE971B6D0A7A13F053014998B66C22DF47F30F1907A767346392EB8D78,IMPHASH=BA786B4B77B388CC6698F98951D469C8
ParentProcessGuid: {3ece88ed-a157-6873-e657-000000009a00}
ParentProcessId: 19948
ParentImage: C:\Program Files\Git\cmd\git.exe
ParentCommandLine: "C:\Program Files\Git\cmd\git.exe" status -z -uall
ParentUser: MRBLACK\new
Process Create:
RuleName: -
UtcTime: 2025-07-13 12:06:47.859
ProcessGuid: {3ece88ed-a157-6873-e857-000000009a00}
ProcessId: 18600
Image: C:\Program Files\Git\cmd\git.exe
FileVersion: 2.50.0.windows.1
Description: Git for Windows
Product: Git
Company: The Git Development Community
OriginalFileName: git.exe
CommandLine: "C:\Program Files\Git\cmd\git.exe" for-each-ref --sort -committerdate --format %%(refname)The operation completed successfully.%%(objectname)The operation completed successfully.%%(*objectname)
CurrentDirectory: F:\SOC_Journey\GitHub_Pushes\
User: MRBLACK\new
LogonGuid: {3ece88ed-85ec-6870-f61e-080000000000}
LogonId: 0x81EF6
TerminalSessionId: 1
IntegrityLevel: High
Hashes: MD5=72D5DD969D5E0812D4F779923751F4FF,SHA256=E1E5F04E40A003B28B1E79659FABF3FD04DC4D8FDC7221D3495DFE51F861C75E,IMPHASH=10D716A849443DCD821CE3C4C8CBA197
ParentProcessGuid: {3ece88ed-954c-6873-4953-000000009a00}
ParentProcessId: 11128
ParentImage: C:\Users\new\AppData\Local\Programs\Microsoft VS Code\Code.exe
ParentCommandLine: "C:\Users\new\AppData\Local\Programs\Microsoft VS Code\Code.exe" --type=utility --utility-sub-type=node.mojom.NodeService --lang=en-US --service-sandbox-type=none --dns-result-order=ipv4first --experimental-network-inspection --inspect-port=0 --video-capture-use-gpu-memory-buffer --user-data-dir="C:\Users\new\AppData\Roaming\Code" --standard-schemes=vscode-webview,vscode-file --enable-sandbox --secure-schemes=vscode-webview,vscode-file --cors-schemes=vscode-webview,vscode-file --fetch-schemes=vscode-webview,vscode-file --service-worker-schemes=vscode-webview --code-cache-schemes=vscode-webview,vscode-file --field-trial-handle=1844,i,1712019501210430926,9906973897547186809,262144 --enable-features=DocumentPolicyIncludeJSCallStacksInCrashReports,EarlyEstablishGpuChannel,EstablishGpuChannelAsync --disable-features=CalculateNativeWinOcclusion,SpareRendererForSitePerProcess,WinDelaySpellcheckServiceInit --variations-seed-version --mojo-platform-channel-handle=5316 /prefetch:8
ParentUser: MRBLACK\new
Process Create:
RuleName: -
UtcTime: 2025-07-13 12:06:47.854
ProcessGuid: {3ece88ed-a157-6873-e657-000000009a00}
ProcessId: 19948
Image: C:\Program Files\Git\cmd\git.exe
FileVersion: 2.50.0.windows.1
Description: Git for Windows
Product: Git
Company: The Git Development Community
OriginalFileName: git.exe
CommandLine: "C:\Program Files\Git\cmd\git.exe" status -z -uall
CurrentDirectory: F:\SOC_Journey\GitHub_Pushes\
User: MRBLACK\new
LogonGuid: {3ece88ed-85ec-6870-f61e-080000000000}
LogonId: 0x81EF6
TerminalSessionId: 1
IntegrityLevel: High
Hashes: MD5=72D5DD969D5E0812D4F779923751F4FF,SHA256=E1E5F04E40A003B28B1E79659FABF3FD04DC4D8FDC7221D3495DFE51F861C75E,IMPHASH=10D716A849443DCD821CE3C4C8CBA197
ParentProcessGuid: {3ece88ed-954c-6873-4953-000000009a00}
ParentProcessId: 11128
ParentImage: C:\Users\new\AppData\Local\Programs\Microsoft VS Code\Code.exe
ParentCommandLine: "C:\Users\new\AppData\Local\Programs\Microsoft VS Code\Code.exe" --type=utility --utility-sub-type=node.mojom.NodeService --lang=en-US --service-sandbox-type=none --dns-result-order=ipv4first --experimental-network-inspection --inspect-port=0 --video-capture-use-gpu-memory-buffer --user-data-dir="C:\Users\new\AppData\Roaming\Code" --standard-schemes=vscode-webview,vscode-file --enable-sandbox --secure-schemes=vscode-webview,vscode-file --cors-schemes=vscode-webview,vscode-file --fetch-schemes=vscode-webview,vscode-file --service-worker-schemes=vscode-webview --code-cache-schemes=vscode-webview,vscode-file --field-trial-handle=1844,i,1712019501210430926,9906973897547186809,262144 --enable-features=DocumentPolicyIncludeJSCallStacksInCrashReports,EarlyEstablishGpuChannel,EstablishGpuChannelAsync --disable-features=CalculateNativeWinOcclusion,SpareRendererForSitePerProcess,WinDelaySpellcheckServiceInit --variations-seed-version --mojo-platform-channel-handle=5316 /prefetch:8
ParentUser: MRBLACK\new
Process Create:
RuleName: -
UtcTime: 2025-07-13 12:06:47.804
ProcessGuid: {3ece88ed-a157-6873-e557-000000009a00}
ProcessId: 15496
Image: C:\Program Files\Git\mingw64\bin\git.exe
FileVersion: 2.50.0.windows.1
Description: Git for Windows
Product: Git
Company: The Git Development Community
OriginalFileName: git.exe
CommandLine: git.exe for-each-ref --format=%%(refname)The operation completed successfully.%%(upstream:short)The operation completed successfully.%%(objectname)The operation completed successfully.%%(upstream:track)The operation completed successfully.%%(upstream:remotename)The operation completed successfully.%%(upstream:remoteref) --ignore-case refs/heads/master refs/remotes/master
CurrentDirectory: F:\SOC_Journey\GitHub_Pushes\
User: MRBLACK\new
LogonGuid: {3ece88ed-85ec-6870-f61e-080000000000}
LogonId: 0x81EF6
TerminalSessionId: 1
IntegrityLevel: High
Hashes: MD5=48750D8CEFD683FF97E70603097B79F2,SHA256=1F2EE2DE971B6D0A7A13F053014998B66C22DF47F30F1907A767346392EB8D78,IMPHASH=BA786B4B77B388CC6698F98951D469C8
ParentProcessGuid: {3ece88ed-a157-6873-e157-000000009a00}
ParentProcessId: 17896
ParentImage: C:\Program Files\Git\cmd\git.exe
ParentCommandLine: "C:\Program Files\Git\cmd\git.exe" for-each-ref --format=%(refname)%00%(upstream:short)%00%(objectname)%00%(upstream:track)%00%(upstream:remotename)%00%(upstream:remoteref) --ignore-case refs/heads/master refs/remotes/master
ParentUser: MRBLACK\new
Process Create:
RuleName: -
UtcTime: 2025-07-13 12:06:47.801
ProcessGuid: {3ece88ed-a157-6873-e457-000000009a00}
ProcessId: 1772
Image: C:\Program Files\Git\mingw64\bin\git.exe
FileVersion: 2.50.0.windows.1
Description: Git for Windows
Product: Git
Company: The Git Development Community
OriginalFileName: git.exe
CommandLine: git.exe config --get commit.template
CurrentDirectory: F:\SOC_Journey\GitHub_Pushes\
User: MRBLACK\new
LogonGuid: {3ece88ed-85ec-6870-f61e-080000000000}
LogonId: 0x81EF6
TerminalSessionId: 1
IntegrityLevel: High
Hashes: MD5=48750D8CEFD683FF97E70603097B79F2,SHA256=1F2EE2DE971B6D0A7A13F053014998B66C22DF47F30F1907A767346392EB8D78,IMPHASH=BA786B4B77B388CC6698F98951D469C8
ParentProcessGuid: {3ece88ed-a157-6873-e057-000000009a00}
ParentProcessId: 12108
ParentImage: C:\Program Files\Git\cmd\git.exe
ParentCommandLine: "C:\Program Files\Git\cmd\git.exe" config --get commit.template
ParentUser: MRBLACK\new
Process Create:
RuleName: -
UtcTime: 2025-07-13 12:06:47.755
ProcessGuid: {3ece88ed-a157-6873-e157-000000009a00}
ProcessId: 17896
Image: C:\Program Files\Git\cmd\git.exe
FileVersion: 2.50.0.windows.1
Description: Git for Windows
Product: Git
Company: The Git Development Community
OriginalFileName: git.exe
CommandLine: "C:\Program Files\Git\cmd\git.exe" for-each-ref --format=%%(refname)The operation completed successfully.%%(upstream:short)The operation completed successfully.%%(objectname)The operation completed successfully.%%(upstream:track)The operation completed successfully.%%(upstream:remotename)The operation completed successfully.%%(upstream:remoteref) --ignore-case refs/heads/master refs/remotes/master
CurrentDirectory: F:\SOC_Journey\GitHub_Pushes\
User: MRBLACK\new
LogonGuid: {3ece88ed-85ec-6870-f61e-080000000000}
LogonId: 0x81EF6
TerminalSessionId: 1
IntegrityLevel: High
Hashes: MD5=72D5DD969D5E0812D4F779923751F4FF,SHA256=E1E5F04E40A003B28B1E79659FABF3FD04DC4D8FDC7221D3495DFE51F861C75E,IMPHASH=10D716A849443DCD821CE3C4C8CBA197
ParentProcessGuid: {3ece88ed-954c-6873-4953-000000009a00}
ParentProcessId: 11128
ParentImage: C:\Users\new\AppData\Local\Programs\Microsoft VS Code\Code.exe
ParentCommandLine: "C:\Users\new\AppData\Local\Programs\Microsoft VS Code\Code.exe" --type=utility --utility-sub-type=node.mojom.NodeService --lang=en-US --service-sandbox-type=none --dns-result-order=ipv4first --experimental-network-inspection --inspect-port=0 --video-capture-use-gpu-memory-buffer --user-data-dir="C:\Users\new\AppData\Roaming\Code" --standard-schemes=vscode-webview,vscode-file --enable-sandbox --secure-schemes=vscode-webview,vscode-file --cors-schemes=vscode-webview,vscode-file --fetch-schemes=vscode-webview,vscode-file --service-worker-schemes=vscode-webview --code-cache-schemes=vscode-webview,vscode-file --field-trial-handle=1844,i,1712019501210430926,9906973897547186809,262144 --enable-features=DocumentPolicyIncludeJSCallStacksInCrashReports,EarlyEstablishGpuChannel,EstablishGpuChannelAsync --disable-features=CalculateNativeWinOcclusion,SpareRendererForSitePerProcess,WinDelaySpellcheckServiceInit --variations-seed-version --mojo-platform-channel-handle=5316 /prefetch:8
ParentUser: MRBLACK\new
Process Create:
RuleName: -
UtcTime: 2025-07-13 12:06:47.743
ProcessGuid: {3ece88ed-a157-6873-e057-000000009a00}
ProcessId: 12108
Image: C:\Program Files\Git\cmd\git.exe
FileVersion: 2.50.0.windows.1
Description: Git for Windows
Product: Git
Company: The Git Development Community
OriginalFileName: git.exe
CommandLine: "C:\Program Files\Git\cmd\git.exe" config --get commit.template
CurrentDirectory: F:\SOC_Journey\GitHub_Pushes\
User: MRBLACK\new
LogonGuid: {3ece88ed-85ec-6870-f61e-080000000000}
LogonId: 0x81EF6
TerminalSessionId: 1
IntegrityLevel: High
Hashes: MD5=72D5DD969D5E0812D4F779923751F4FF,SHA256=E1E5F04E40A003B28B1E79659FABF3FD04DC4D8FDC7221D3495DFE51F861C75E,IMPHASH=10D716A849443DCD821CE3C4C8CBA197
ParentProcessGuid: {3ece88ed-954c-6873-4953-000000009a00}
ParentProcessId: 11128
ParentImage: C:\Users\new\AppData\Local\Programs\Microsoft VS Code\Code.exe
ParentCommandLine: "C:\Users\new\AppData\Local\Programs\Microsoft VS Code\Code.exe" --type=utility --utility-sub-type=node.mojom.NodeService --lang=en-US --service-sandbox-type=none --dns-result-order=ipv4first --experimental-network-inspection --inspect-port=0 --video-capture-use-gpu-memory-buffer --user-data-dir="C:\Users\new\AppData\Roaming\Code" --standard-schemes=vscode-webview,vscode-file --enable-sandbox --secure-schemes=vscode-webview,vscode-file --cors-schemes=vscode-webview,vscode-file --fetch-schemes=vscode-webview,vscode-file --service-worker-schemes=vscode-webview --code-cache-schemes=vscode-webview,vscode-file --field-trial-handle=1844,i,1712019501210430926,9906973897547186809,262144 --enable-features=DocumentPolicyIncludeJSCallStacksInCrashReports,EarlyEstablishGpuChannel,EstablishGpuChannelAsync --disable-features=CalculateNativeWinOcclusion,SpareRendererForSitePerProcess,WinDelaySpellcheckServiceInit --variations-seed-version --mojo-platform-channel-handle=5316 /prefetch:8
ParentUser: MRBLACK\new
File creation time changed:
RuleName: T1099
UtcTime: 2025-07-13 12:06:45.413
ProcessGuid: {3ece88ed-5b57-6872-162a-000000009a00}
ProcessId: 22268
Image: C:\Users\new\AppData\Local\Programs\Microsoft VS Code\Code.exe
TargetFilename: C:\Users\new\AppData\Roaming\Code\CachedData\cb0c47c0cfaad0757385834bd89d410c78a856c0\chrome\js\index-dir\temp-index
CreationUtcTime: 2025-07-11 04:13:17.256
PreviousCreationUtcTime: 2025-07-13 12:06:45.411
User: MRBLACK\new
Network connection detected:
RuleName: Usermode
UtcTime: 2025-07-13 12:06:43.004
ProcessGuid: {3ece88ed-5b57-6872-192a-000000009a00}
ProcessId: 21780
Image: C:\Users\new\AppData\Local\Programs\Microsoft VS Code\Code.exe
User: MRBLACK\new
Protocol: tcp
Initiated: true
SourceIsIpv6: false
SourceIp: 192.168.125.128
SourceHostname: MRBLACK
SourcePort: 58831
SourcePortName: -
DestinationIsIpv6: false
DestinationIp: 40.79.173.40
DestinationHostname: -
DestinationPort: 443
DestinationPortName: https
Registry value set:
RuleName: Suspicious,ImageBeginWithBackslash
EventType: SetValue
UtcTime: 2025-07-13 12:06:54.585
ProcessGuid: {3ece88ed-9dc3-6873-fa56-000000009a00}
ProcessId: 2444
Image: \\?\C:\Windows\system32\conhost.exe
TargetObject: HKLM\System\CurrentControlSet\Services\bam\State\UserSettings\S-1-5-21-4031955963-563017929-3557581166-1002\\Device\HarddiskVolume2\Windows\System32\conhost.exe
Details: Binary Data
User: MRBLACK\new
Process terminated:
RuleName: -
UtcTime: 2025-07-13 12:06:54.411
ProcessGuid: {3ece88ed-a15e-6873-f857-000000009a00}
ProcessId: 2120
Image: C:\Users\new\AppData\Local\Programs\Microsoft VS Code\Code.exe
User: MRBLACK\new
Process Create:
RuleName: -
UtcTime: 2025-07-13 12:06:54.212
ProcessGuid: {3ece88ed-a15e-6873-f857-000000009a00}
ProcessId: 2120
Image: C:\Users\new\AppData\Local\Programs\Microsoft VS Code\Code.exe
FileVersion: 1.102.0
Description: Visual Studio Code
Product: Visual Studio Code
Company: Microsoft Corporation
OriginalFileName: electron.exe
CommandLine: "C:\Users\new\AppData\Local\Programs\Microsoft VS Code\Code.exe" "c:\Users\new\AppData\Local\Programs\Microsoft VS Code\resources\app\node_modules\node-pty\lib\conpty_console_list_agent" 19904
CurrentDirectory: C:\Users\new\AppData\Local\Programs\Microsoft VS Code\
User: MRBLACK\new
LogonGuid: {3ece88ed-85ec-6870-f61e-080000000000}
LogonId: 0x81EF6
TerminalSessionId: 1
IntegrityLevel: High
Hashes: MD5=3A32BB8D6463FB4A717F1CF54CA75B60,SHA256=CA731EB584E3F6668902B834DD92F14964451B7DFFB4BDAB4A1D80A2E29266E1,IMPHASH=AE9A77FC298C7871E0BB5821D0C61001
ParentProcessGuid: {3ece88ed-5b59-6872-1c2a-000000009a00}
ParentProcessId: 21932
ParentImage: C:\Users\new\AppData\Local\Programs\Microsoft VS Code\Code.exe
ParentCommandLine: "C:\Users\new\AppData\Local\Programs\Microsoft VS Code\Code.exe" --type=utility --utility-sub-type=node.mojom.NodeService --lang=en-US --service-sandbox-type=none --video-capture-use-gpu-memory-buffer --user-data-dir="C:\Users\new\AppData\Roaming\Code" --standard-schemes=vscode-webview,vscode-file --enable-sandbox --secure-schemes=vscode-webview,vscode-file --cors-schemes=vscode-webview,vscode-file --fetch-schemes=vscode-webview,vscode-file --service-worker-schemes=vscode-webview --code-cache-schemes=vscode-webview,vscode-file --field-trial-handle=1844,i,1712019501210430926,9906973897547186809,262144 --enable-features=DocumentPolicyIncludeJSCallStacksInCrashReports,EarlyEstablishGpuChannel,EstablishGpuChannelAsync --disable-features=CalculateNativeWinOcclusion,SpareRendererForSitePerProcess,WinDelaySpellcheckServiceInit --variations-seed-version --mojo-platform-channel-handle=3820 /prefetch:8
ParentUser: MRBLACK\new
Network connection detected:
RuleName: Usermode
UtcTime: 2025-07-13 12:06:53.189
ProcessGuid: {3ece88ed-5b57-6872-192a-000000009a00}
ProcessId: 21780
Image: C:\Users\new\AppData\Local\Programs\Microsoft VS Code\Code.exe
User: MRBLACK\new
Protocol: tcp
Initiated: true
SourceIsIpv6: false
SourceIp: 192.168.125.128
SourceHostname: MRBLACK
SourcePort: 58832
SourcePortName: -
DestinationIsIpv6: false
DestinationIp: 40.79.173.40
DestinationHostname: -
DestinationPort: 443
DestinationPortName: https
Process Create:
RuleName: -
UtcTime: 2025-07-13 12:06:53.127
ProcessGuid: {3ece88ed-a15d-6873-f757-000000009a00}
ProcessId: 11516
Image: C:\Program Files\Git\mingw64\bin\git.exe
FileVersion: 2.50.0.windows.1
Description: Git for Windows
Product: Git
Company: The Git Development Community
OriginalFileName: git.exe
CommandLine: git.exe for-each-ref --sort -committerdate --format %%(refname)The operation completed successfully.%%(objectname)The operation completed successfully.%%(*objectname)
CurrentDirectory: F:\SOC_Journey\GitHub_Pushes\
User: MRBLACK\new
LogonGuid: {3ece88ed-85ec-6870-f61e-080000000000}
LogonId: 0x81EF6
TerminalSessionId: 1
IntegrityLevel: High
Hashes: MD5=48750D8CEFD683FF97E70603097B79F2,SHA256=1F2EE2DE971B6D0A7A13F053014998B66C22DF47F30F1907A767346392EB8D78,IMPHASH=BA786B4B77B388CC6698F98951D469C8
ParentProcessGuid: {3ece88ed-a15d-6873-f457-000000009a00}
ParentProcessId: 21724
ParentImage: C:\Program Files\Git\cmd\git.exe
ParentCommandLine: "C:\Program Files\Git\cmd\git.exe" for-each-ref --sort -committerdate --format %(refname)%00%(objectname)%00%(*objectname)
ParentUser: MRBLACK\new
Process Create:
RuleName: -
UtcTime: 2025-07-13 12:06:53.120
ProcessGuid: {3ece88ed-a15d-6873-f657-000000009a00}
ProcessId: 13528
Image: C:\Program Files\Git\mingw64\bin\git.exe
FileVersion: 2.50.0.windows.1
Description: Git for Windows
Product: Git
Company: The Git Development Community
OriginalFileName: git.exe
CommandLine: git.exe status -z -uall
CurrentDirectory: F:\SOC_Journey\GitHub_Pushes\
User: MRBLACK\new
LogonGuid: {3ece88ed-85ec-6870-f61e-080000000000}
LogonId: 0x81EF6
TerminalSessionId: 1
IntegrityLevel: High
Hashes: MD5=48750D8CEFD683FF97E70603097B79F2,SHA256=1F2EE2DE971B6D0A7A13F053014998B66C22DF47F30F1907A767346392EB8D78,IMPHASH=BA786B4B77B388CC6698F98951D469C8
ParentProcessGuid: {3ece88ed-a15d-6873-f257-000000009a00}
ParentProcessId: 21672
ParentImage: C:\Program Files\Git\cmd\git.exe
ParentCommandLine: "C:\Program Files\Git\cmd\git.exe" status -z -uall
ParentUser: MRBLACK\new
Process Create:
RuleName: -
UtcTime: 2025-07-13 12:06:53.082
ProcessGuid: {3ece88ed-a15d-6873-f457-000000009a00}
ProcessId: 21724
Image: C:\Program Files\Git\cmd\git.exe
FileVersion: 2.50.0.windows.1
Description: Git for Windows
Product: Git
Company: The Git Development Community
OriginalFileName: git.exe
CommandLine: "C:\Program Files\Git\cmd\git.exe" for-each-ref --sort -committerdate --format %%(refname)The operation completed successfully.%%(objectname)The operation completed successfully.%%(*objectname)
CurrentDirectory: F:\SOC_Journey\GitHub_Pushes\
User: MRBLACK\new
LogonGuid: {3ece88ed-85ec-6870-f61e-080000000000}
LogonId: 0x81EF6
TerminalSessionId: 1
IntegrityLevel: High
Hashes: MD5=72D5DD969D5E0812D4F779923751F4FF,SHA256=E1E5F04E40A003B28B1E79659FABF3FD04DC4D8FDC7221D3495DFE51F861C75E,IMPHASH=10D716A849443DCD821CE3C4C8CBA197
ParentProcessGuid: {3ece88ed-954c-6873-4953-000000009a00}
ParentProcessId: 11128
ParentImage: C:\Users\new\AppData\Local\Programs\Microsoft VS Code\Code.exe
ParentCommandLine: "C:\Users\new\AppData\Local\Programs\Microsoft VS Code\Code.exe" --type=utility --utility-sub-type=node.mojom.NodeService --lang=en-US --service-sandbox-type=none --dns-result-order=ipv4first --experimental-network-inspection --inspect-port=0 --video-capture-use-gpu-memory-buffer --user-data-dir="C:\Users\new\AppData\Roaming\Code" --standard-schemes=vscode-webview,vscode-file --enable-sandbox --secure-schemes=vscode-webview,vscode-file --cors-schemes=vscode-webview,vscode-file --fetch-schemes=vscode-webview,vscode-file --service-worker-schemes=vscode-webview --code-cache-schemes=vscode-webview,vscode-file --field-trial-handle=1844,i,1712019501210430926,9906973897547186809,262144 --enable-features=DocumentPolicyIncludeJSCallStacksInCrashReports,EarlyEstablishGpuChannel,EstablishGpuChannelAsync --disable-features=CalculateNativeWinOcclusion,SpareRendererForSitePerProcess,WinDelaySpellcheckServiceInit --variations-seed-version --mojo-platform-channel-handle=5316 /prefetch:8
ParentUser: MRBLACK\new
Process Create:
RuleName: -
UtcTime: 2025-07-13 12:06:53.076
ProcessGuid: {3ece88ed-a15d-6873-f257-000000009a00}
ProcessId: 21672
Image: C:\Program Files\Git\cmd\git.exe
FileVersion: 2.50.0.windows.1
Description: Git for Windows
Product: Git
Company: The Git Development Community
OriginalFileName: git.exe
CommandLine: "C:\Program Files\Git\cmd\git.exe" status -z -uall
CurrentDirectory: F:\SOC_Journey\GitHub_Pushes\
User: MRBLACK\new
LogonGuid: {3ece88ed-85ec-6870-f61e-080000000000}
LogonId: 0x81EF6
TerminalSessionId: 1
IntegrityLevel: High
Hashes: MD5=72D5DD969D5E0812D4F779923751F4FF,SHA256=E1E5F04E40A003B28B1E79659FABF3FD04DC4D8FDC7221D3495DFE51F861C75E,IMPHASH=10D716A849443DCD821CE3C4C8CBA197
ParentProcessGuid: {3ece88ed-954c-6873-4953-000000009a00}
ParentProcessId: 11128
ParentImage: C:\Users\new\AppData\Local\Programs\Microsoft VS Code\Code.exe
ParentCommandLine: "C:\Users\new\AppData\Local\Programs\Microsoft VS Code\Code.exe" --type=utility --utility-sub-type=node.mojom.NodeService --lang=en-US --service-sandbox-type=none --dns-result-order=ipv4first --experimental-network-inspection --inspect-port=0 --video-capture-use-gpu-memory-buffer --user-data-dir="C:\Users\new\AppData\Roaming\Code" --standard-schemes=vscode-webview,vscode-file --enable-sandbox --secure-schemes=vscode-webview,vscode-file --cors-schemes=vscode-webview,vscode-file --fetch-schemes=vscode-webview,vscode-file --service-worker-schemes=vscode-webview --code-cache-schemes=vscode-webview,vscode-file --field-trial-handle=1844,i,1712019501210430926,9906973897547186809,262144 --enable-features=DocumentPolicyIncludeJSCallStacksInCrashReports,EarlyEstablishGpuChannel,EstablishGpuChannelAsync --disable-features=CalculateNativeWinOcclusion,SpareRendererForSitePerProcess,WinDelaySpellcheckServiceInit --variations-seed-version --mojo-platform-channel-handle=5316 /prefetch:8
ParentUser: MRBLACK\new
Process Create:
RuleName: -
UtcTime: 2025-07-13 12:06:53.021
ProcessGuid: {3ece88ed-a15d-6873-f157-000000009a00}
ProcessId: 15164
Image: C:\Program Files\Git\mingw64\bin\git.exe
FileVersion: 2.50.0.windows.1
Description: Git for Windows
Product: Git
Company: The Git Development Community
OriginalFileName: git.exe
CommandLine: git.exe for-each-ref --format=%%(refname)The operation completed successfully.%%(upstream:short)The operation completed successfully.%%(objectname)The operation completed successfully.%%(upstream:track)The operation completed successfully.%%(upstream:remotename)The operation completed successfully.%%(upstream:remoteref) --ignore-case refs/heads/master refs/remotes/master
CurrentDirectory: F:\SOC_Journey\GitHub_Pushes\
User: MRBLACK\new
LogonGuid: {3ece88ed-85ec-6870-f61e-080000000000}
LogonId: 0x81EF6
TerminalSessionId: 1
IntegrityLevel: High
Hashes: MD5=48750D8CEFD683FF97E70603097B79F2,SHA256=1F2EE2DE971B6D0A7A13F053014998B66C22DF47F30F1907A767346392EB8D78,IMPHASH=BA786B4B77B388CC6698F98951D469C8
ParentProcessGuid: {3ece88ed-a15c-6873-ee57-000000009a00}
ParentProcessId: 17316
ParentImage: C:\Program Files\Git\cmd\git.exe
ParentCommandLine: "C:\Program Files\Git\cmd\git.exe" for-each-ref --format=%(refname)%00%(upstream:short)%00%(objectname)%00%(upstream:track)%00%(upstream:remotename)%00%(upstream:remoteref) --ignore-case refs/heads/master refs/remotes/master
ParentUser: MRBLACK\new
Process Create:
RuleName: -
UtcTime: 2025-07-13 12:06:53.017
ProcessGuid: {3ece88ed-a15d-6873-f057-000000009a00}
ProcessId: 18828
Image: C:\Program Files\Git\mingw64\bin\git.exe
FileVersion: 2.50.0.windows.1
Description: Git for Windows
Product: Git
Company: The Git Development Community
OriginalFileName: git.exe
CommandLine: git.exe config --get commit.template
CurrentDirectory: F:\SOC_Journey\GitHub_Pushes\
User: MRBLACK\new
LogonGuid: {3ece88ed-85ec-6870-f61e-080000000000}
LogonId: 0x81EF6
TerminalSessionId: 1
IntegrityLevel: High
Hashes: MD5=48750D8CEFD683FF97E70603097B79F2,SHA256=1F2EE2DE971B6D0A7A13F053014998B66C22DF47F30F1907A767346392EB8D78,IMPHASH=BA786B4B77B388CC6698F98951D469C8
ParentProcessGuid: {3ece88ed-a15c-6873-ec57-000000009a00}
ParentProcessId: 19496
ParentImage: C:\Program Files\Git\cmd\git.exe
ParentCommandLine: "C:\Program Files\Git\cmd\git.exe" config --get commit.template
ParentUser: MRBLACK\new
Process Create:
RuleName: -
UtcTime: 2025-07-13 12:06:58.334
ProcessGuid: {3ece88ed-a162-6873-0558-000000009a00}
ProcessId: 20800
Image: C:\Program Files\Git\mingw64\bin\git.exe
FileVersion: 2.50.0.windows.1
Description: Git for Windows
Product: Git
Company: The Git Development Community
OriginalFileName: git.exe
CommandLine: git.exe for-each-ref --sort -committerdate --format %%(refname)The operation completed successfully.%%(objectname)The operation completed successfully.%%(*objectname)
CurrentDirectory: F:\SOC_Journey\GitHub_Pushes\
User: MRBLACK\new
LogonGuid: {3ece88ed-85ec-6870-f61e-080000000000}
LogonId: 0x81EF6
TerminalSessionId: 1
IntegrityLevel: High
Hashes: MD5=48750D8CEFD683FF97E70603097B79F2,SHA256=1F2EE2DE971B6D0A7A13F053014998B66C22DF47F30F1907A767346392EB8D78,IMPHASH=BA786B4B77B388CC6698F98951D469C8
ParentProcessGuid: {3ece88ed-a162-6873-0258-000000009a00}
ParentProcessId: 22176
ParentImage: C:\Program Files\Git\cmd\git.exe
ParentCommandLine: "C:\Program Files\Git\cmd\git.exe" for-each-ref --sort -committerdate --format %(refname)%00%(objectname)%00%(*objectname)
ParentUser: MRBLACK\new
Process Create:
RuleName: -
UtcTime: 2025-07-13 12:06:58.328
ProcessGuid: {3ece88ed-a162-6873-0458-000000009a00}
ProcessId: 19520
Image: C:\Program Files\Git\mingw64\bin\git.exe
FileVersion: 2.50.0.windows.1
Description: Git for Windows
Product: Git
Company: The Git Development Community
OriginalFileName: git.exe
CommandLine: git.exe status -z -uall
CurrentDirectory: F:\SOC_Journey\GitHub_Pushes\
User: MRBLACK\new
LogonGuid: {3ece88ed-85ec-6870-f61e-080000000000}
LogonId: 0x81EF6
TerminalSessionId: 1
IntegrityLevel: High
Hashes: MD5=48750D8CEFD683FF97E70603097B79F2,SHA256=1F2EE2DE971B6D0A7A13F053014998B66C22DF47F30F1907A767346392EB8D78,IMPHASH=BA786B4B77B388CC6698F98951D469C8
ParentProcessGuid: {3ece88ed-a162-6873-0058-000000009a00}
ParentProcessId: 23288
ParentImage: C:\Program Files\Git\cmd\git.exe
ParentCommandLine: "C:\Program Files\Git\cmd\git.exe" status -z -uall
ParentUser: MRBLACK\new
Process Create:
RuleName: -
UtcTime: 2025-07-13 12:06:58.289
ProcessGuid: {3ece88ed-a162-6873-0258-000000009a00}
ProcessId: 22176
Image: C:\Program Files\Git\cmd\git.exe
FileVersion: 2.50.0.windows.1
Description: Git for Windows
Product: Git
Company: The Git Development Community
OriginalFileName: git.exe
CommandLine: "C:\Program Files\Git\cmd\git.exe" for-each-ref --sort -committerdate --format %%(refname)The operation completed successfully.%%(objectname)The operation completed successfully.%%(*objectname)
CurrentDirectory: F:\SOC_Journey\GitHub_Pushes\
User: MRBLACK\new
LogonGuid: {3ece88ed-85ec-6870-f61e-080000000000}
LogonId: 0x81EF6
TerminalSessionId: 1
IntegrityLevel: High
Hashes: MD5=72D5DD969D5E0812D4F779923751F4FF,SHA256=E1E5F04E40A003B28B1E79659FABF3FD04DC4D8FDC7221D3495DFE51F861C75E,IMPHASH=10D716A849443DCD821CE3C4C8CBA197
ParentProcessGuid: {3ece88ed-954c-6873-4953-000000009a00}
ParentProcessId: 11128
ParentImage: C:\Users\new\AppData\Local\Programs\Microsoft VS Code\Code.exe
ParentCommandLine: "C:\Users\new\AppData\Local\Programs\Microsoft VS Code\Code.exe" --type=utility --utility-sub-type=node.mojom.NodeService --lang=en-US --service-sandbox-type=none --dns-result-order=ipv4first --experimental-network-inspection --inspect-port=0 --video-capture-use-gpu-memory-buffer --user-data-dir="C:\Users\new\AppData\Roaming\Code" --standard-schemes=vscode-webview,vscode-file --enable-sandbox --secure-schemes=vscode-webview,vscode-file --cors-schemes=vscode-webview,vscode-file --fetch-schemes=vscode-webview,vscode-file --service-worker-schemes=vscode-webview --code-cache-schemes=vscode-webview,vscode-file --field-trial-handle=1844,i,1712019501210430926,9906973897547186809,262144 --enable-features=DocumentPolicyIncludeJSCallStacksInCrashReports,EarlyEstablishGpuChannel,EstablishGpuChannelAsync --disable-features=CalculateNativeWinOcclusion,SpareRendererForSitePerProcess,WinDelaySpellcheckServiceInit --variations-seed-version --mojo-platform-channel-handle=5316 /prefetch:8
ParentUser: MRBLACK\new
Process Create:
