RuleName: Usermode
UtcTime: 2025-07-13 12:08:28.212
ProcessGuid: {3ece88ed-5b57-6872-192a-000000009a00}
ProcessId: 21780
Image: C:\Users\new\AppData\Local\Programs\Microsoft VS Code\Code.exe
User: MRBLACK\new
Protocol: udp
Initiated: true
SourceIsIpv6: false
SourceIp: 192.168.125.128
SourceHostname: MRBLACK
SourcePort: 56609
SourcePortName: -
DestinationIsIpv6: false
DestinationIp: 192.168.125.251
DestinationHostname: -
DestinationPort: 53
DestinationPortName: domain
Network connection detected:
RuleName: Usermode
UtcTime: 2025-07-13 12:08:20.227
ProcessGuid: {3ece88ed-5b57-6872-192a-000000009a00}
ProcessId: 21780
Image: C:\Users\new\AppData\Local\Programs\Microsoft VS Code\Code.exe
User: MRBLACK\new
Protocol: tcp
Initiated: true
SourceIsIpv6: false
SourceIp: 192.168.125.128
SourceHostname: MRBLACK
SourcePort: 58875
SourcePortName: -
DestinationIsIpv6: false
DestinationIp: 20.42.65.84
DestinationHostname: -
DestinationPort: 443
DestinationPortName: https
Network connection detected:
RuleName: Usermode
UtcTime: 2025-07-13 12:08:19.845
ProcessGuid: {3ece88ed-5b57-6872-192a-000000009a00}
ProcessId: 21780
Image: C:\Users\new\AppData\Local\Programs\Microsoft VS Code\Code.exe
User: MRBLACK\new
Protocol: udp
Initiated: true
SourceIsIpv6: false
SourceIp: 192.168.125.128
SourceHostname: MRBLACK
SourcePort: 58826
SourcePortName: -
DestinationIsIpv6: false
DestinationIp: 192.168.125.251
DestinationHostname: -
DestinationPort: 53
DestinationPortName: domain
Network connection detected:
RuleName: Usermode
UtcTime: 2025-07-13 12:08:19.845
ProcessGuid: {3ece88ed-5b57-6872-192a-000000009a00}
ProcessId: 21780
Image: C:\Users\new\AppData\Local\Programs\Microsoft VS Code\Code.exe
User: MRBLACK\new
Protocol: udp
Initiated: true
SourceIsIpv6: false
SourceIp: 192.168.125.128
SourceHostname: MRBLACK
SourcePort: 62835
SourcePortName: -
DestinationIsIpv6: false
DestinationIp: 192.168.125.251
DestinationHostname: -
DestinationPort: 53
DestinationPortName: domain
Network connection detected:
RuleName: Usermode
UtcTime: 2025-07-13 12:08:11.221
ProcessGuid: {3ece88ed-5b57-6872-192a-000000009a00}
ProcessId: 21780
Image: C:\Users\new\AppData\Local\Programs\Microsoft VS Code\Code.exe
User: MRBLACK\new
Protocol: tcp
Initiated: true
SourceIsIpv6: false
SourceIp: 192.168.125.128
SourceHostname: MRBLACK
SourcePort: 58871
SourcePortName: -
DestinationIsIpv6: false
DestinationIp: 20.42.65.93
DestinationHostname: -
DestinationPort: 443
DestinationPortName: https
Network connection detected:
RuleName: Usermode
UtcTime: 2025-07-13 12:08:10.965
ProcessGuid: {3ece88ed-5b57-6872-192a-000000009a00}
ProcessId: 21780
Image: C:\Users\new\AppData\Local\Programs\Microsoft VS Code\Code.exe
User: MRBLACK\new
Protocol: tcp
Initiated: true
SourceIsIpv6: false
SourceIp: 192.168.125.128
SourceHostname: MRBLACK
SourcePort: 58870
SourcePortName: -
DestinationIsIpv6: false
DestinationIp: 20.42.65.93
DestinationHostname: -
DestinationPort: 443
DestinationPortName: https
Network connection detected:
RuleName: Usermode
UtcTime: 2025-07-13 12:08:46.569
ProcessGuid: {3ece88ed-5b57-6872-192a-000000009a00}
ProcessId: 21780
Image: C:\Users\new\AppData\Local\Programs\Microsoft VS Code\Code.exe
User: MRBLACK\new
Protocol: tcp
Initiated: true
SourceIsIpv6: false
SourceIp: 192.168.125.128
SourceHostname: MRBLACK
SourcePort: 58887
SourcePortName: -
DestinationIsIpv6: false
DestinationIp: 20.42.65.84
DestinationHostname: -
DestinationPort: 443
DestinationPortName: https
Network connection detected:
RuleName: Usermode
UtcTime: 2025-07-13 12:08:30.475
ProcessGuid: {3ece88ed-5b57-6872-192a-000000009a00}
ProcessId: 21780
Image: C:\Users\new\AppData\Local\Programs\Microsoft VS Code\Code.exe
User: MRBLACK\new
Protocol: tcp
Initiated: true
SourceIsIpv6: false
SourceIp: 192.168.125.128
SourceHostname: MRBLACK
SourcePort: 58883
SourcePortName: -
DestinationIsIpv6: false
DestinationIp: 20.42.65.84
DestinationHostname: -
DestinationPort: 443
DestinationPortName: https
Network connection detected:
RuleName: Usermode
UtcTime: 2025-07-13 12:08:28.273
ProcessGuid: {3ece88ed-5b57-6872-192a-000000009a00}
ProcessId: 21780
Image: C:\Users\new\AppData\Local\Programs\Microsoft VS Code\Code.exe
User: MRBLACK\new
Protocol: tcp
Initiated: true
SourceIsIpv6: false
SourceIp: 192.168.125.128
SourceHostname: MRBLACK
SourcePort: 58882
SourcePortName: -
DestinationIsIpv6: false
DestinationIp: 13.107.246.58
DestinationHostname: -
DestinationPort: 443
DestinationPortName: https
Network connection detected:
RuleName: Usermode
UtcTime: 2025-07-13 12:08:28.213
ProcessGuid: {3ece88ed-5b57-6872-192a-000000009a00}
ProcessId: 21780
Image: C:\Users\new\AppData\Local\Programs\Microsoft VS Code\Code.exe
User: MRBLACK\new
Protocol: udp
Initiated: true
SourceIsIpv6: false
SourceIp: 192.168.125.128
SourceHostname: MRBLACK
SourcePort: 58707
SourcePortName: -
DestinationIsIpv6: false
DestinationIp: 192.168.125.251
DestinationHostname: -
DestinationPort: 53
DestinationPortName: domain
Network connection detected:
RuleName: Usermode
UtcTime: 2025-07-13 12:08:28.212
ProcessGuid: {3ece88ed-5b57-6872-192a-000000009a00}
ProcessId: 21780
Image: C:\Users\new\AppData\Local\Programs\Microsoft VS Code\Code.exe
User: MRBLACK\new
Protocol: udp
Initiated: true
SourceIsIpv6: false
SourceIp: 192.168.125.128
SourceHostname: MRBLACK
SourcePort: 56609
SourcePortName: -
DestinationIsIpv6: false
DestinationIp: 192.168.125.251
DestinationHostname: -
DestinationPort: 53
DestinationPortName: domain
Network connection detected:
RuleName: Usermode
UtcTime: 2025-07-13 12:08:20.227
ProcessGuid: {3ece88ed-5b57-6872-192a-000000009a00}
ProcessId: 21780
Image: C:\Users\new\AppData\Local\Programs\Microsoft VS Code\Code.exe
User: MRBLACK\new
Protocol: tcp
Initiated: true
SourceIsIpv6: false
SourceIp: 192.168.125.128
SourceHostname: MRBLACK
SourcePort: 58875
SourcePortName: -
DestinationIsIpv6: false
DestinationIp: 20.42.65.84
DestinationHostname: -
DestinationPort: 443
DestinationPortName: https
Network connection detected:
RuleName: Usermode
UtcTime: 2025-07-13 12:08:19.845
ProcessGuid: {3ece88ed-5b57-6872-192a-000000009a00}
ProcessId: 21780
Image: C:\Users\new\AppData\Local\Programs\Microsoft VS Code\Code.exe
User: MRBLACK\new
Protocol: udp
Initiated: true
SourceIsIpv6: false
SourceIp: 192.168.125.128
SourceHostname: MRBLACK
SourcePort: 58826
SourcePortName: -
DestinationIsIpv6: false
DestinationIp: 192.168.125.251
DestinationHostname: -
DestinationPort: 53
DestinationPortName: domain
Network connection detected:
RuleName: Usermode
UtcTime: 2025-07-13 12:08:19.845
ProcessGuid: {3ece88ed-5b57-6872-192a-000000009a00}
ProcessId: 21780
Image: C:\Users\new\AppData\Local\Programs\Microsoft VS Code\Code.exe
User: MRBLACK\new
Protocol: udp
Initiated: true
SourceIsIpv6: false
SourceIp: 192.168.125.128
SourceHostname: MRBLACK
SourcePort: 62835
SourcePortName: -
DestinationIsIpv6: false
DestinationIp: 192.168.125.251
DestinationHostname: -
DestinationPort: 53
DestinationPortName: domain
Network connection detected:
RuleName: Usermode
UtcTime: 2025-07-13 12:08:11.221
ProcessGuid: {3ece88ed-5b57-6872-192a-000000009a00}
ProcessId: 21780
Image: C:\Users\new\AppData\Local\Programs\Microsoft VS Code\Code.exe
User: MRBLACK\new
Protocol: tcp
Initiated: true
SourceIsIpv6: false
SourceIp: 192.168.125.128
SourceHostname: MRBLACK
SourcePort: 58871
SourcePortName: -
DestinationIsIpv6: false
DestinationIp: 20.42.65.93
DestinationHostname: -
DestinationPort: 443
DestinationPortName: https
Network connection detected:
RuleName: Usermode
UtcTime: 2025-07-13 12:08:10.965
ProcessGuid: {3ece88ed-5b57-6872-192a-000000009a00}
ProcessId: 21780
Image: C:\Users\new\AppData\Local\Programs\Microsoft VS Code\Code.exe
User: MRBLACK\new
Protocol: tcp
Initiated: true
SourceIsIpv6: false
SourceIp: 192.168.125.128
SourceHostname: MRBLACK
SourcePort: 58870
SourcePortName: -
DestinationIsIpv6: false
DestinationIp: 20.42.65.93
DestinationHostname: -
DestinationPort: 443
DestinationPortName: https
Network connection detected:
RuleName: Usermode
UtcTime: 2025-07-13 12:08:46.569
ProcessGuid: {3ece88ed-5b57-6872-192a-000000009a00}
ProcessId: 21780
Image: C:\Users\new\AppData\Local\Programs\Microsoft VS Code\Code.exe
User: MRBLACK\new
Protocol: tcp
Initiated: true
SourceIsIpv6: false
SourceIp: 192.168.125.128
SourceHostname: MRBLACK
SourcePort: 58887
SourcePortName: -
DestinationIsIpv6: false
DestinationIp: 20.42.65.84
DestinationHostname: -
DestinationPort: 443
DestinationPortName: https
Network connection detected:
RuleName: Usermode
UtcTime: 2025-07-13 12:08:30.475
ProcessGuid: {3ece88ed-5b57-6872-192a-000000009a00}
ProcessId: 21780
Image: C:\Users\new\AppData\Local\Programs\Microsoft VS Code\Code.exe
User: MRBLACK\new
Protocol: tcp
Initiated: true
SourceIsIpv6: false
SourceIp: 192.168.125.128
SourceHostname: MRBLACK
SourcePort: 58883
SourcePortName: -
DestinationIsIpv6: false
DestinationIp: 20.42.65.84
DestinationHostname: -
DestinationPort: 443
DestinationPortName: https
Network connection detected:
RuleName: Usermode
UtcTime: 2025-07-13 12:08:28.273
ProcessGuid: {3ece88ed-5b57-6872-192a-000000009a00}
ProcessId: 21780
Image: C:\Users\new\AppData\Local\Programs\Microsoft VS Code\Code.exe
User: MRBLACK\new
Protocol: tcp
Initiated: true
SourceIsIpv6: false
SourceIp: 192.168.125.128
SourceHostname: MRBLACK
SourcePort: 58882
SourcePortName: -
DestinationIsIpv6: false
DestinationIp: 13.107.246.58
DestinationHostname: -
DestinationPort: 443
DestinationPortName: https
Network connection detected:
RuleName: Usermode
UtcTime: 2025-07-13 12:08:28.213
ProcessGuid: {3ece88ed-5b57-6872-192a-000000009a00}
ProcessId: 21780
Image: C:\Users\new\AppData\Local\Programs\Microsoft VS Code\Code.exe
User: MRBLACK\new
Protocol: udp
Initiated: true
SourceIsIpv6: false
SourceIp: 192.168.125.128
SourceHostname: MRBLACK
SourcePort: 58707
SourcePortName: -
DestinationIsIpv6: false
DestinationIp: 192.168.125.251
DestinationHostname: -
DestinationPort: 53
DestinationPortName: domain
Network connection detected:
RuleName: Usermode
UtcTime: 2025-07-13 12:08:28.212
ProcessGuid: {3ece88ed-5b57-6872-192a-000000009a00}
ProcessId: 21780
Image: C:\Users\new\AppData\Local\Programs\Microsoft VS Code\Code.exe
User: MRBLACK\new
Protocol: udp
Initiated: true
SourceIsIpv6: false
SourceIp: 192.168.125.128
SourceHostname: MRBLACK
SourcePort: 56609
SourcePortName: -
DestinationIsIpv6: false
DestinationIp: 192.168.125.251
DestinationHostname: -
DestinationPort: 53
DestinationPortName: domain
Network connection detected:
RuleName: Usermode
UtcTime: 2025-07-13 12:08:20.227
ProcessGuid: {3ece88ed-5b57-6872-192a-000000009a00}
ProcessId: 21780
Image: C:\Users\new\AppData\Local\Programs\Microsoft VS Code\Code.exe
User: MRBLACK\new
Protocol: tcp
Initiated: true
SourceIsIpv6: false
SourceIp: 192.168.125.128
SourceHostname: MRBLACK
SourcePort: 58875
SourcePortName: -
DestinationIsIpv6: false
DestinationIp: 20.42.65.84
DestinationHostname: -
DestinationPort: 443
DestinationPortName: https
Network connection detected:
RuleName: Usermode
UtcTime: 2025-07-13 12:08:19.845
ProcessGuid: {3ece88ed-5b57-6872-192a-000000009a00}
ProcessId: 21780
Image: C:\Users\new\AppData\Local\Programs\Microsoft VS Code\Code.exe
User: MRBLACK\new
Protocol: udp
Initiated: true
SourceIsIpv6: false
SourceIp: 192.168.125.128
SourceHostname: MRBLACK
SourcePort: 58826
SourcePortName: -
DestinationIsIpv6: false
DestinationIp: 192.168.125.251
DestinationHostname: -
DestinationPort: 53
DestinationPortName: domain
Network connection detected:
RuleName: Usermode
UtcTime: 2025-07-13 12:08:19.845
ProcessGuid: {3ece88ed-5b57-6872-192a-000000009a00}
ProcessId: 21780
Image: C:\Users\new\AppData\Local\Programs\Microsoft VS Code\Code.exe
User: MRBLACK\new
Protocol: udp
Initiated: true
SourceIsIpv6: false
SourceIp: 192.168.125.128
SourceHostname: MRBLACK
SourcePort: 62835
SourcePortName: -
DestinationIsIpv6: false
DestinationIp: 192.168.125.251
DestinationHostname: -
DestinationPort: 53
DestinationPortName: domain
Network connection detected:
RuleName: Usermode
UtcTime: 2025-07-13 12:08:11.221
ProcessGuid: {3ece88ed-5b57-6872-192a-000000009a00}
ProcessId: 21780
Image: C:\Users\new\AppData\Local\Programs\Microsoft VS Code\Code.exe
User: MRBLACK\new
Protocol: tcp
Initiated: true
SourceIsIpv6: false
SourceIp: 192.168.125.128
SourceHostname: MRBLACK
SourcePort: 58871
SourcePortName: -
DestinationIsIpv6: false
DestinationIp: 20.42.65.93
DestinationHostname: -
DestinationPort: 443
DestinationPortName: https
Network connection detected:
RuleName: Usermode
UtcTime: 2025-07-13 12:08:10.965
ProcessGuid: {3ece88ed-5b57-6872-192a-000000009a00}
ProcessId: 21780
Image: C:\Users\new\AppData\Local\Programs\Microsoft VS Code\Code.exe
User: MRBLACK\new
Protocol: tcp
Initiated: true
SourceIsIpv6: false
SourceIp: 192.168.125.128
SourceHostname: MRBLACK
SourcePort: 58870
SourcePortName: -
DestinationIsIpv6: false
DestinationIp: 20.42.65.93
DestinationHostname: -
DestinationPort: 443
DestinationPortName: https
Process Create:
RuleName: -
UtcTime: 2025-07-13 12:09:01.530
ProcessGuid: {3ece88ed-a1dd-6873-5058-000000009a00}
ProcessId: 18252
Image: C:\Program Files\Git\mingw64\bin\git.exe
FileVersion: 2.50.0.windows.1
Description: Git for Windows
Product: Git
Company: The Git Development Community
OriginalFileName: git.exe
CommandLine: git.exe for-each-ref --sort -committerdate --format %%(refname)The operation completed successfully.%%(objectname)The operation completed successfully.%%(*objectname)
CurrentDirectory: F:\SOC_Journey\GitHub_Pushes\
User: MRBLACK\new
LogonGuid: {3ece88ed-85ec-6870-f61e-080000000000}
LogonId: 0x81EF6
TerminalSessionId: 1
IntegrityLevel: High
Hashes: MD5=48750D8CEFD683FF97E70603097B79F2,SHA256=1F2EE2DE971B6D0A7A13F053014998B66C22DF47F30F1907A767346392EB8D78,IMPHASH=BA786B4B77B388CC6698F98951D469C8
ParentProcessGuid: {3ece88ed-a1dd-6873-4c58-000000009a00}
ParentProcessId: 13528
ParentImage: C:\Program Files\Git\cmd\git.exe
ParentCommandLine: "C:\Program Files\Git\cmd\git.exe" for-each-ref --sort -committerdate --format %(refname)%00%(objectname)%00%(*objectname)
ParentUser: MRBLACK\new
Process Create:
RuleName: -
UtcTime: 2025-07-13 12:09:01.530
ProcessGuid: {3ece88ed-a1dd-6873-4f58-000000009a00}
ProcessId: 8996
Image: C:\Program Files\Git\mingw64\bin\git.exe
FileVersion: 2.50.0.windows.1
Description: Git for Windows
Product: Git
Company: The Git Development Community
OriginalFileName: git.exe
CommandLine: git.exe status -z -uall
CurrentDirectory: F:\SOC_Journey\GitHub_Pushes\
User: MRBLACK\new
LogonGuid: {3ece88ed-85ec-6870-f61e-080000000000}
LogonId: 0x81EF6
TerminalSessionId: 1
IntegrityLevel: High
Hashes: MD5=48750D8CEFD683FF97E70603097B79F2,SHA256=1F2EE2DE971B6D0A7A13F053014998B66C22DF47F30F1907A767346392EB8D78,IMPHASH=BA786B4B77B388CC6698F98951D469C8
ParentProcessGuid: {3ece88ed-a1dd-6873-4b58-000000009a00}
ParentProcessId: 2644
ParentImage: C:\Program Files\Git\cmd\git.exe
ParentCommandLine: "C:\Program Files\Git\cmd\git.exe" status -z -uall
ParentUser: MRBLACK\new
Process Create:
RuleName: -
UtcTime: 2025-07-13 12:09:01.475
ProcessGuid: {3ece88ed-a1dd-6873-4c58-000000009a00}
ProcessId: 13528
Image: C:\Program Files\Git\cmd\git.exe
FileVersion: 2.50.0.windows.1
Description: Git for Windows
Product: Git
Company: The Git Development Community
OriginalFileName: git.exe
CommandLine: "C:\Program Files\Git\cmd\git.exe" for-each-ref --sort -committerdate --format %%(refname)The operation completed successfully.%%(objectname)The operation completed successfully.%%(*objectname)
CurrentDirectory: F:\SOC_Journey\GitHub_Pushes\
User: MRBLACK\new
LogonGuid: {3ece88ed-85ec-6870-f61e-080000000000}
LogonId: 0x81EF6
TerminalSessionId: 1
IntegrityLevel: High
Hashes: MD5=72D5DD969D5E0812D4F779923751F4FF,SHA256=E1E5F04E40A003B28B1E79659FABF3FD04DC4D8FDC7221D3495DFE51F861C75E,IMPHASH=10D716A849443DCD821CE3C4C8CBA197
ParentProcessGuid: {3ece88ed-954c-6873-4953-000000009a00}
ParentProcessId: 11128
ParentImage: C:\Users\new\AppData\Local\Programs\Microsoft VS Code\Code.exe
ParentCommandLine: "C:\Users\new\AppData\Local\Programs\Microsoft VS Code\Code.exe" --type=utility --utility-sub-type=node.mojom.NodeService --lang=en-US --service-sandbox-type=none --dns-result-order=ipv4first --experimental-network-inspection --inspect-port=0 --video-capture-use-gpu-memory-buffer --user-data-dir="C:\Users\new\AppData\Roaming\Code" --standard-schemes=vscode-webview,vscode-file --enable-sandbox --secure-schemes=vscode-webview,vscode-file --cors-schemes=vscode-webview,vscode-file --fetch-schemes=vscode-webview,vscode-file --service-worker-schemes=vscode-webview --code-cache-schemes=vscode-webview,vscode-file --field-trial-handle=1844,i,1712019501210430926,9906973897547186809,262144 --enable-features=DocumentPolicyIncludeJSCallStacksInCrashReports,EarlyEstablishGpuChannel,EstablishGpuChannelAsync --disable-features=CalculateNativeWinOcclusion,SpareRendererForSitePerProcess,WinDelaySpellcheckServiceInit --variations-seed-version --mojo-platform-channel-handle=5316 /prefetch:8
ParentUser: MRBLACK\new
Process Create:
RuleName: -
UtcTime: 2025-07-13 12:09:01.469
ProcessGuid: {3ece88ed-a1dd-6873-4b58-000000009a00}
ProcessId: 2644
Image: C:\Program Files\Git\cmd\git.exe
FileVersion: 2.50.0.windows.1
Description: Git for Windows
Product: Git
Company: The Git Development Community
OriginalFileName: git.exe
CommandLine: "C:\Program Files\Git\cmd\git.exe" status -z -uall
CurrentDirectory: F:\SOC_Journey\GitHub_Pushes\
User: MRBLACK\new
LogonGuid: {3ece88ed-85ec-6870-f61e-080000000000}
LogonId: 0x81EF6
TerminalSessionId: 1
IntegrityLevel: High
Hashes: MD5=72D5DD969D5E0812D4F779923751F4FF,SHA256=E1E5F04E40A003B28B1E79659FABF3FD04DC4D8FDC7221D3495DFE51F861C75E,IMPHASH=10D716A849443DCD821CE3C4C8CBA197
ParentProcessGuid: {3ece88ed-954c-6873-4953-000000009a00}
ParentProcessId: 11128
ParentImage: C:\Users\new\AppData\Local\Programs\Microsoft VS Code\Code.exe
ParentCommandLine: "C:\Users\new\AppData\Local\Programs\Microsoft VS Code\Code.exe" --type=utility --utility-sub-type=node.mojom.NodeService --lang=en-US --service-sandbox-type=none --dns-result-order=ipv4first --experimental-network-inspection --inspect-port=0 --video-capture-use-gpu-memory-buffer --user-data-dir="C:\Users\new\AppData\Roaming\Code" --standard-schemes=vscode-webview,vscode-file --enable-sandbox --secure-schemes=vscode-webview,vscode-file --cors-schemes=vscode-webview,vscode-file --fetch-schemes=vscode-webview,vscode-file --service-worker-schemes=vscode-webview --code-cache-schemes=vscode-webview,vscode-file --field-trial-handle=1844,i,1712019501210430926,9906973897547186809,262144 --enable-features=DocumentPolicyIncludeJSCallStacksInCrashReports,EarlyEstablishGpuChannel,EstablishGpuChannelAsync --disable-features=CalculateNativeWinOcclusion,SpareRendererForSitePerProcess,WinDelaySpellcheckServiceInit --variations-seed-version --mojo-platform-channel-handle=5316 /prefetch:8
ParentUser: MRBLACK\new
Process Create:
RuleName: -
UtcTime: 2025-07-13 12:09:01.404
ProcessGuid: {3ece88ed-a1dd-6873-4a58-000000009a00}
ProcessId: 13960
Image: C:\Program Files\Git\mingw64\bin\git.exe
FileVersion: 2.50.0.windows.1
Description: Git for Windows
Product: Git
Company: The Git Development Community
OriginalFileName: git.exe
CommandLine: git.exe config --get commit.template
CurrentDirectory: F:\SOC_Journey\GitHub_Pushes\
User: MRBLACK\new
LogonGuid: {3ece88ed-85ec-6870-f61e-080000000000}
LogonId: 0x81EF6
TerminalSessionId: 1
IntegrityLevel: High
Hashes: MD5=48750D8CEFD683FF97E70603097B79F2,SHA256=1F2EE2DE971B6D0A7A13F053014998B66C22DF47F30F1907A767346392EB8D78,IMPHASH=BA786B4B77B388CC6698F98951D469C8
ParentProcessGuid: {3ece88ed-a1dd-6873-4558-000000009a00}
ParentProcessId: 14828
ParentImage: C:\Program Files\Git\cmd\git.exe
ParentCommandLine: "C:\Program Files\Git\cmd\git.exe" config --get commit.template
ParentUser: MRBLACK\new
Process Create:
RuleName: -
UtcTime: 2025-07-13 12:09:01.404
ProcessGuid: {3ece88ed-a1dd-6873-4958-000000009a00}
ProcessId: 2528
Image: C:\Program Files\Git\mingw64\bin\git.exe
FileVersion: 2.50.0.windows.1
Description: Git for Windows
Product: Git
Company: The Git Development Community
OriginalFileName: git.exe
CommandLine: git.exe for-each-ref --format=%%(refname)The operation completed successfully.%%(upstream:short)The operation completed successfully.%%(objectname)The operation completed successfully.%%(upstream:track)The operation completed successfully.%%(upstream:remotename)The operation completed successfully.%%(upstream:remoteref) --ignore-case refs/heads/master refs/remotes/master
CurrentDirectory: F:\SOC_Journey\GitHub_Pushes\
User: MRBLACK\new
LogonGuid: {3ece88ed-85ec-6870-f61e-080000000000}
LogonId: 0x81EF6
TerminalSessionId: 1
IntegrityLevel: High
Hashes: MD5=48750D8CEFD683FF97E70603097B79F2,SHA256=1F2EE2DE971B6D0A7A13F053014998B66C22DF47F30F1907A767346392EB8D78,IMPHASH=BA786B4B77B388CC6698F98951D469C8
ParentProcessGuid: {3ece88ed-a1dd-6873-4658-000000009a00}
ParentProcessId: 23548
ParentImage: C:\Program Files\Git\cmd\git.exe
ParentCommandLine: "C:\Program Files\Git\cmd\git.exe" for-each-ref --format=%(refname)%00%(upstream:short)%00%(objectname)%00%(upstream:track)%00%(upstream:remotename)%00%(upstream:remoteref) --ignore-case refs/heads/master refs/remotes/master
ParentUser: MRBLACK\new
Process Create:
RuleName: -
UtcTime: 2025-07-13 12:09:01.345
ProcessGuid: {3ece88ed-a1dd-6873-4658-000000009a00}
ProcessId: 23548
Image: C:\Program Files\Git\cmd\git.exe
FileVersion: 2.50.0.windows.1
Description: Git for Windows
Product: Git
Company: The Git Development Community
OriginalFileName: git.exe
CommandLine: "C:\Program Files\Git\cmd\git.exe" for-each-ref --format=%%(refname)The operation completed successfully.%%(upstream:short)The operation completed successfully.%%(objectname)The operation completed successfully.%%(upstream:track)The operation completed successfully.%%(upstream:remotename)The operation completed successfully.%%(upstream:remoteref) --ignore-case refs/heads/master refs/remotes/master
CurrentDirectory: F:\SOC_Journey\GitHub_Pushes\
User: MRBLACK\new
LogonGuid: {3ece88ed-85ec-6870-f61e-080000000000}
LogonId: 0x81EF6
TerminalSessionId: 1
IntegrityLevel: High
Hashes: MD5=72D5DD969D5E0812D4F779923751F4FF,SHA256=E1E5F04E40A003B28B1E79659FABF3FD04DC4D8FDC7221D3495DFE51F861C75E,IMPHASH=10D716A849443DCD821CE3C4C8CBA197
ParentProcessGuid: {3ece88ed-954c-6873-4953-000000009a00}
ParentProcessId: 11128
ParentImage: C:\Users\new\AppData\Local\Programs\Microsoft VS Code\Code.exe
ParentCommandLine: "C:\Users\new\AppData\Local\Programs\Microsoft VS Code\Code.exe" --type=utility --utility-sub-type=node.mojom.NodeService --lang=en-US --service-sandbox-type=none --dns-result-order=ipv4first --experimental-network-inspection --inspect-port=0 --video-capture-use-gpu-memory-buffer --user-data-dir="C:\Users\new\AppData\Roaming\Code" --standard-schemes=vscode-webview,vscode-file --enable-sandbox --secure-schemes=vscode-webview,vscode-file --cors-schemes=vscode-webview,vscode-file --fetch-schemes=vscode-webview,vscode-file --service-worker-schemes=vscode-webview --code-cache-schemes=vscode-webview,vscode-file --field-trial-handle=1844,i,1712019501210430926,9906973897547186809,262144 --enable-features=DocumentPolicyIncludeJSCallStacksInCrashReports,EarlyEstablishGpuChannel,EstablishGpuChannelAsync --disable-features=CalculateNativeWinOcclusion,SpareRendererForSitePerProcess,WinDelaySpellcheckServiceInit --variations-seed-version --mojo-platform-channel-handle=5316 /prefetch:8
ParentUser: MRBLACK\new
Process Create:
RuleName: -
UtcTime: 2025-07-13 12:09:01.339
ProcessGuid: {3ece88ed-a1dd-6873-4558-000000009a00}
ProcessId: 14828
Image: C:\Program Files\Git\cmd\git.exe
FileVersion: 2.50.0.windows.1
Description: Git for Windows
Product: Git
Company: The Git Development Community
OriginalFileName: git.exe
CommandLine: "C:\Program Files\Git\cmd\git.exe" config --get commit.template
CurrentDirectory: F:\SOC_Journey\GitHub_Pushes\
User: MRBLACK\new
LogonGuid: {3ece88ed-85ec-6870-f61e-080000000000}
LogonId: 0x81EF6
TerminalSessionId: 1
IntegrityLevel: High
Hashes: MD5=72D5DD969D5E0812D4F779923751F4FF,SHA256=E1E5F04E40A003B28B1E79659FABF3FD04DC4D8FDC7221D3495DFE51F861C75E,IMPHASH=10D716A849443DCD821CE3C4C8CBA197
ParentProcessGuid: {3ece88ed-954c-6873-4953-000000009a00}
ParentProcessId: 11128
ParentImage: C:\Users\new\AppData\Local\Programs\Microsoft VS Code\Code.exe
ParentCommandLine: "C:\Users\new\AppData\Local\Programs\Microsoft VS Code\Code.exe" --type=utility --utility-sub-type=node.mojom.NodeService --lang=en-US --service-sandbox-type=none --dns-result-order=ipv4first --experimental-network-inspection --inspect-port=0 --video-capture-use-gpu-memory-buffer --user-data-dir="C:\Users\new\AppData\Roaming\Code" --standard-schemes=vscode-webview,vscode-file --enable-sandbox --secure-schemes=vscode-webview,vscode-file --cors-schemes=vscode-webview,vscode-file --fetch-schemes=vscode-webview,vscode-file --service-worker-schemes=vscode-webview --code-cache-schemes=vscode-webview,vscode-file --field-trial-handle=1844,i,1712019501210430926,9906973897547186809,262144 --enable-features=DocumentPolicyIncludeJSCallStacksInCrashReports,EarlyEstablishGpuChannel,EstablishGpuChannelAsync --disable-features=CalculateNativeWinOcclusion,SpareRendererForSitePerProcess,WinDelaySpellcheckServiceInit --variations-seed-version --mojo-platform-channel-handle=5316 /prefetch:8
ParentUser: MRBLACK\new
Network connection detected:
RuleName: Usermode
UtcTime: 2025-07-13 12:08:46.569
ProcessGuid: {3ece88ed-5b57-6872-192a-000000009a00}
ProcessId: 21780
Image: C:\Users\new\AppData\Local\Programs\Microsoft VS Code\Code.exe
User: MRBLACK\new
Protocol: tcp
Initiated: true
SourceIsIpv6: false
SourceIp: 192.168.125.128
SourceHostname: MRBLACK
SourcePort: 58887
SourcePortName: -
DestinationIsIpv6: false
DestinationIp: 20.42.65.84
DestinationHostname: -
DestinationPort: 443
DestinationPortName: https
Network connection detected:
RuleName: Usermode
UtcTime: 2025-07-13 12:08:30.475
ProcessGuid: {3ece88ed-5b57-6872-192a-000000009a00}
ProcessId: 21780
Image: C:\Users\new\AppData\Local\Programs\Microsoft VS Code\Code.exe
User: MRBLACK\new
Protocol: tcp
Initiated: true
SourceIsIpv6: false
SourceIp: 192.168.125.128
SourceHostname: MRBLACK
SourcePort: 58883
SourcePortName: -
DestinationIsIpv6: false
DestinationIp: 20.42.65.84
DestinationHostname: -
DestinationPort: 443
DestinationPortName: https
Process Create:
RuleName: -
UtcTime: 2025-07-13 12:09:06.812
ProcessGuid: {3ece88ed-a1e2-6873-5c58-000000009a00}
ProcessId: 2652
Image: C:\Program Files\Git\mingw64\bin\git.exe
FileVersion: 2.50.0.windows.1
Description: Git for Windows
Product: Git
Company: The Git Development Community
OriginalFileName: git.exe
CommandLine: git.exe for-each-ref --sort -committerdate --format %%(refname)The operation completed successfully.%%(objectname)The operation completed successfully.%%(*objectname)
CurrentDirectory: F:\SOC_Journey\GitHub_Pushes\
User: MRBLACK\new
LogonGuid: {3ece88ed-85ec-6870-f61e-080000000000}
LogonId: 0x81EF6
TerminalSessionId: 1
IntegrityLevel: High
Hashes: MD5=48750D8CEFD683FF97E70603097B79F2,SHA256=1F2EE2DE971B6D0A7A13F053014998B66C22DF47F30F1907A767346392EB8D78,IMPHASH=BA786B4B77B388CC6698F98951D469C8
ParentProcessGuid: {3ece88ed-a1e2-6873-5958-000000009a00}
ParentProcessId: 22004
ParentImage: C:\Program Files\Git\cmd\git.exe
ParentCommandLine: "C:\Program Files\Git\cmd\git.exe" for-each-ref --sort -committerdate --format %(refname)%00%(objectname)%00%(*objectname)
ParentUser: MRBLACK\new
Process Create:
RuleName: -
UtcTime: 2025-07-13 12:09:06.803
ProcessGuid: {3ece88ed-a1e2-6873-5b58-000000009a00}
ProcessId: 8840
Image: C:\Program Files\Git\mingw64\bin\git.exe
FileVersion: 2.50.0.windows.1
Description: Git for Windows
Product: Git
Company: The Git Development Community
OriginalFileName: git.exe
CommandLine: git.exe status -z -uall
CurrentDirectory: F:\SOC_Journey\GitHub_Pushes\
User: MRBLACK\new
LogonGuid: {3ece88ed-85ec-6870-f61e-080000000000}
LogonId: 0x81EF6
TerminalSessionId: 1
IntegrityLevel: High
Hashes: MD5=48750D8CEFD683FF97E70603097B79F2,SHA256=1F2EE2DE971B6D0A7A13F053014998B66C22DF47F30F1907A767346392EB8D78,IMPHASH=BA786B4B77B388CC6698F98951D469C8
ParentProcessGuid: {3ece88ed-a1e2-6873-5758-000000009a00}
ParentProcessId: 9304
ParentImage: C:\Program Files\Git\cmd\git.exe
ParentCommandLine: "C:\Program Files\Git\cmd\git.exe" status -z -uall
ParentUser: MRBLACK\new
Process Create:
RuleName: -
UtcTime: 2025-07-13 12:09:06.761
ProcessGuid: {3ece88ed-a1e2-6873-5958-000000009a00}
ProcessId: 22004
Image: C:\Program Files\Git\cmd\git.exe
FileVersion: 2.50.0.windows.1
Description: Git for Windows
Product: Git
Company: The Git Development Community
OriginalFileName: git.exe
CommandLine: "C:\Program Files\Git\cmd\git.exe" for-each-ref --sort -committerdate --format %%(refname)The operation completed successfully.%%(objectname)The operation completed successfully.%%(*objectname)
CurrentDirectory: F:\SOC_Journey\GitHub_Pushes\
User: MRBLACK\new
LogonGuid: {3ece88ed-85ec-6870-f61e-080000000000}
LogonId: 0x81EF6
TerminalSessionId: 1
IntegrityLevel: High
Hashes: MD5=72D5DD969D5E0812D4F779923751F4FF,SHA256=E1E5F04E40A003B28B1E79659FABF3FD04DC4D8FDC7221D3495DFE51F861C75E,IMPHASH=10D716A849443DCD821CE3C4C8CBA197
ParentProcessGuid: {3ece88ed-954c-6873-4953-000000009a00}
ParentProcessId: 11128
ParentImage: C:\Users\new\AppData\Local\Programs\Microsoft VS Code\Code.exe
ParentCommandLine: "C:\Users\new\AppData\Local\Programs\Microsoft VS Code\Code.exe" --type=utility --utility-sub-type=node.mojom.NodeService --lang=en-US --service-sandbox-type=none --dns-result-order=ipv4first --experimental-network-inspection --inspect-port=0 --video-capture-use-gpu-memory-buffer --user-data-dir="C:\Users\new\AppData\Roaming\Code" --standard-schemes=vscode-webview,vscode-file --enable-sandbox --secure-schemes=vscode-webview,vscode-file --cors-schemes=vscode-webview,vscode-file --fetch-schemes=vscode-webview,vscode-file --service-worker-schemes=vscode-webview --code-cache-schemes=vscode-webview,vscode-file --field-trial-handle=1844,i,1712019501210430926,9906973897547186809,262144 --enable-features=DocumentPolicyIncludeJSCallStacksInCrashReports,EarlyEstablishGpuChannel,EstablishGpuChannelAsync --disable-features=CalculateNativeWinOcclusion,SpareRendererForSitePerProcess,WinDelaySpellcheckServiceInit --variations-seed-version --mojo-platform-channel-handle=5316 /prefetch:8
ParentUser: MRBLACK\new
Process Create:
RuleName: -
UtcTime: 2025-07-13 12:09:06.755
ProcessGuid: {3ece88ed-a1e2-6873-5758-000000009a00}
ProcessId: 9304
Image: C:\Program Files\Git\cmd\git.exe
FileVersion: 2.50.0.windows.1
Description: Git for Windows
Product: Git
Company: The Git Development Community
OriginalFileName: git.exe
CommandLine: "C:\Program Files\Git\cmd\git.exe" status -z -uall
CurrentDirectory: F:\SOC_Journey\GitHub_Pushes\
User: MRBLACK\new
LogonGuid: {3ece88ed-85ec-6870-f61e-080000000000}
LogonId: 0x81EF6
TerminalSessionId: 1
IntegrityLevel: High
Hashes: MD5=72D5DD969D5E0812D4F779923751F4FF,SHA256=E1E5F04E40A003B28B1E79659FABF3FD04DC4D8FDC7221D3495DFE51F861C75E,IMPHASH=10D716A849443DCD821CE3C4C8CBA197
ParentProcessGuid: {3ece88ed-954c-6873-4953-000000009a00}
ParentProcessId: 11128
ParentImage: C:\Users\new\AppData\Local\Programs\Microsoft VS Code\Code.exe
ParentCommandLine: "C:\Users\new\AppData\Local\Programs\Microsoft VS Code\Code.exe" --type=utility --utility-sub-type=node.mojom.NodeService --lang=en-US --service-sandbox-type=none --dns-result-order=ipv4first --experimental-network-inspection --inspect-port=0 --video-capture-use-gpu-memory-buffer --user-data-dir="C:\Users\new\AppData\Roaming\Code" --standard-schemes=vscode-webview,vscode-file --enable-sandbox --secure-schemes=vscode-webview,vscode-file --cors-schemes=vscode-webview,vscode-file --fetch-schemes=vscode-webview,vscode-file --service-worker-schemes=vscode-webview --code-cache-schemes=vscode-webview,vscode-file --field-trial-handle=1844,i,1712019501210430926,9906973897547186809,262144 --enable-features=DocumentPolicyIncludeJSCallStacksInCrashReports,EarlyEstablishGpuChannel,EstablishGpuChannelAsync --disable-features=CalculateNativeWinOcclusion,SpareRendererForSitePerProcess,WinDelaySpellcheckServiceInit --variations-seed-version --mojo-platform-channel-handle=5316 /prefetch:8
ParentUser: MRBLACK\new
Process Create:
RuleName: -
UtcTime: 2025-07-13 12:09:06.706
ProcessGuid: {3ece88ed-a1e2-6873-5658-000000009a00}
ProcessId: 22748
Image: C:\Program Files\Git\mingw64\bin\git.exe
FileVersion: 2.50.0.windows.1
Description: Git for Windows
Product: Git
Company: The Git Development Community
OriginalFileName: git.exe
CommandLine: git.exe for-each-ref --format=%%(refname)The operation completed successfully.%%(upstream:short)The operation completed successfully.%%(objectname)The operation completed successfully.%%(upstream:track)The operation completed successfully.%%(upstream:remotename)The operation completed successfully.%%(upstream:remoteref) --ignore-case refs/heads/master refs/remotes/master
CurrentDirectory: F:\SOC_Journey\GitHub_Pushes\
User: MRBLACK\new
LogonGuid: {3ece88ed-85ec-6870-f61e-080000000000}
LogonId: 0x81EF6
TerminalSessionId: 1
IntegrityLevel: High
Hashes: MD5=48750D8CEFD683FF97E70603097B79F2,SHA256=1F2EE2DE971B6D0A7A13F053014998B66C22DF47F30F1907A767346392EB8D78,IMPHASH=BA786B4B77B388CC6698F98951D469C8
ParentProcessGuid: {3ece88ed-a1e2-6873-5258-000000009a00}
ParentProcessId: 22444
ParentImage: C:\Program Files\Git\cmd\git.exe
ParentCommandLine: "C:\Program Files\Git\cmd\git.exe" for-each-ref --format=%(refname)%00%(upstream:short)%00%(objectname)%00%(upstream:track)%00%(upstream:remotename)%00%(upstream:remoteref) --ignore-case refs/heads/master refs/remotes/master
ParentUser: MRBLACK\new
Process Create:
RuleName: -
UtcTime: 2025-07-13 12:09:06.703
ProcessGuid: {3ece88ed-a1e2-6873-5558-000000009a00}
ProcessId: 18484
Image: C:\Program Files\Git\mingw64\bin\git.exe
FileVersion: 2.50.0.windows.1
Description: Git for Windows
Product: Git
Company: The Git Development Community
OriginalFileName: git.exe
CommandLine: git.exe config --get commit.template
CurrentDirectory: F:\SOC_Journey\GitHub_Pushes\
User: MRBLACK\new
LogonGuid: {3ece88ed-85ec-6870-f61e-080000000000}
LogonId: 0x81EF6
TerminalSessionId: 1
IntegrityLevel: High
Hashes: MD5=48750D8CEFD683FF97E70603097B79F2,SHA256=1F2EE2DE971B6D0A7A13F053014998B66C22DF47F30F1907A767346392EB8D78,IMPHASH=BA786B4B77B388CC6698F98951D469C8
ParentProcessGuid: {3ece88ed-a1e2-6873-5158-000000009a00}
ParentProcessId: 10320
ParentImage: C:\Program Files\Git\cmd\git.exe
ParentCommandLine: "C:\Program Files\Git\cmd\git.exe" config --get commit.template
ParentUser: MRBLACK\new
Process Create:
RuleName: -
UtcTime: 2025-07-13 12:09:06.656
ProcessGuid: {3ece88ed-a1e2-6873-5258-000000009a00}
ProcessId: 22444
Image: C:\Program Files\Git\cmd\git.exe
FileVersion: 2.50.0.windows.1
Description: Git for Windows
Product: Git
Company: The Git Development Community
OriginalFileName: git.exe
CommandLine: "C:\Program Files\Git\cmd\git.exe" for-each-ref --format=%%(refname)The operation completed successfully.%%(upstream:short)The operation completed successfully.%%(objectname)The operation completed successfully.%%(upstream:track)The operation completed successfully.%%(upstream:remotename)The operation completed successfully.%%(upstream:remoteref) --ignore-case refs/heads/master refs/remotes/master
CurrentDirectory: F:\SOC_Journey\GitHub_Pushes\
User: MRBLACK\new
LogonGuid: {3ece88ed-85ec-6870-f61e-080000000000}
LogonId: 0x81EF6
TerminalSessionId: 1
IntegrityLevel: High
Hashes: MD5=72D5DD969D5E0812D4F779923751F4FF,SHA256=E1E5F04E40A003B28B1E79659FABF3FD04DC4D8FDC7221D3495DFE51F861C75E,IMPHASH=10D716A849443DCD821CE3C4C8CBA197
ParentProcessGuid: {3ece88ed-954c-6873-4953-000000009a00}
ParentProcessId: 11128
ParentImage: C:\Users\new\AppData\Local\Programs\Microsoft VS Code\Code.exe
ParentCommandLine: "C:\Users\new\AppData\Local\Programs\Microsoft VS Code\Code.exe" --type=utility --utility-sub-type=node.mojom.NodeService --lang=en-US --service-sandbox-type=none --dns-result-order=ipv4first --experimental-network-inspection --inspect-port=0 --video-capture-use-gpu-memory-buffer --user-data-dir="C:\Users\new\AppData\Roaming\Code" --standard-schemes=vscode-webview,vscode-file --enable-sandbox --secure-schemes=vscode-webview,vscode-file --cors-schemes=vscode-webview,vscode-file --fetch-schemes=vscode-webview,vscode-file --service-worker-schemes=vscode-webview --code-cache-schemes=vscode-webview,vscode-file --field-trial-handle=1844,i,1712019501210430926,9906973897547186809,262144 --enable-features=DocumentPolicyIncludeJSCallStacksInCrashReports,EarlyEstablishGpuChannel,EstablishGpuChannelAsync --disable-features=CalculateNativeWinOcclusion,SpareRendererForSitePerProcess,WinDelaySpellcheckServiceInit --variations-seed-version --mojo-platform-channel-handle=5316 /prefetch:8
ParentUser: MRBLACK\new
Process Create:
RuleName: -
UtcTime: 2025-07-13 12:09:06.640
ProcessGuid: {3ece88ed-a1e2-6873-5158-000000009a00}
ProcessId: 10320
Image: C:\Program Files\Git\cmd\git.exe
FileVersion: 2.50.0.windows.1
Description: Git for Windows
Product: Git
Company: The Git Development Community
OriginalFileName: git.exe
CommandLine: "C:\Program Files\Git\cmd\git.exe" config --get commit.template
CurrentDirectory: F:\SOC_Journey\GitHub_Pushes\
User: MRBLACK\new
LogonGuid: {3ece88ed-85ec-6870-f61e-080000000000}
LogonId: 0x81EF6
TerminalSessionId: 1
IntegrityLevel: High
Hashes: MD5=72D5DD969D5E0812D4F779923751F4FF,SHA256=E1E5F04E40A003B28B1E79659FABF3FD04DC4D8FDC7221D3495DFE51F861C75E,IMPHASH=10D716A849443DCD821CE3C4C8CBA197
ParentProcessGuid: {3ece88ed-954c-6873-4953-000000009a00}
ParentProcessId: 11128
ParentImage: C:\Users\new\AppData\Local\Programs\Microsoft VS Code\Code.exe
ParentCommandLine: "C:\Users\new\AppData\Local\Programs\Microsoft VS Code\Code.exe" --type=utility --utility-sub-type=node.mojom.NodeService --lang=en-US --service-sandbox-type=none --dns-result-order=ipv4first --experimental-network-inspection --inspect-port=0 --video-capture-use-gpu-memory-buffer --user-data-dir="C:\Users\new\AppData\Roaming\Code" --standard-schemes=vscode-webview,vscode-file --enable-sandbox --secure-schemes=vscode-webview,vscode-file --cors-schemes=vscode-webview,vscode-file --fetch-schemes=vscode-webview,vscode-file --service-worker-schemes=vscode-webview --code-cache-schemes=vscode-webview,vscode-file --field-trial-handle=1844,i,1712019501210430926,9906973897547186809,262144 --enable-features=DocumentPolicyIncludeJSCallStacksInCrashReports,EarlyEstablishGpuChannel,EstablishGpuChannelAsync --disable-features=CalculateNativeWinOcclusion,SpareRendererForSitePerProcess,WinDelaySpellcheckServiceInit --variations-seed-version --mojo-platform-channel-handle=5316 /prefetch:8
ParentUser: MRBLACK\new
Network connection detected:
RuleName: Usermode
UtcTime: 2025-07-13 12:09:02.330
ProcessGuid: {3ece88ed-5b57-6872-192a-000000009a00}
ProcessId: 21780
Image: C:\Users\new\AppData\Local\Programs\Microsoft VS Code\Code.exe
User: MRBLACK\new
Protocol: tcp
Initiated: true
SourceIsIpv6: false
SourceIp: 192.168.125.128
SourceHostname: MRBLACK
SourcePort: 58894
SourcePortName: -
DestinationIsIpv6: false
DestinationIp: 20.42.65.84
DestinationHostname: -
DestinationPort: 443
DestinationPortName: https
Process Create:
RuleName: -
UtcTime: 2025-07-13 12:09:01.530
ProcessGuid: {3ece88ed-a1dd-6873-5058-000000009a00}
ProcessId: 18252
Image: C:\Program Files\Git\mingw64\bin\git.exe
FileVersion: 2.50.0.windows.1
Description: Git for Windows
Product: Git
Company: The Git Development Community
OriginalFileName: git.exe
CommandLine: git.exe for-each-ref --sort -committerdate --format %%(refname)The operation completed successfully.%%(objectname)The operation completed successfully.%%(*objectname)
CurrentDirectory: F:\SOC_Journey\GitHub_Pushes\
User: MRBLACK\new
LogonGuid: {3ece88ed-85ec-6870-f61e-080000000000}
LogonId: 0x81EF6
TerminalSessionId: 1
IntegrityLevel: High
Hashes: MD5=48750D8CEFD683FF97E70603097B79F2,SHA256=1F2EE2DE971B6D0A7A13F053014998B66C22DF47F30F1907A767346392EB8D78,IMPHASH=BA786B4B77B388CC6698F98951D469C8
ParentProcessGuid: {3ece88ed-a1dd-6873-4c58-000000009a00}
ParentProcessId: 13528
ParentImage: C:\Program Files\Git\cmd\git.exe
ParentCommandLine: "C:\Program Files\Git\cmd\git.exe" for-each-ref --sort -committerdate --format %(refname)%00%(objectname)%00%(*objectname)
ParentUser: MRBLACK\new
Process Create:
RuleName: -
UtcTime: 2025-07-13 12:09:12.028
ProcessGuid: {3ece88ed-a1e8-6873-6858-000000009a00}
ProcessId: 420
Image: C:\Program Files\Git\mingw64\bin\git.exe
FileVersion: 2.50.0.windows.1
Description: Git for Windows
Product: Git
Company: The Git Development Community
OriginalFileName: git.exe
CommandLine: git.exe for-each-ref --sort -committerdate --format %%(refname)The operation completed successfully.%%(objectname)The operation completed successfully.%%(*objectname)
CurrentDirectory: F:\SOC_Journey\GitHub_Pushes\
User: MRBLACK\new
LogonGuid: {3ece88ed-85ec-6870-f61e-080000000000}
LogonId: 0x81EF6
TerminalSessionId: 1
IntegrityLevel: High
Hashes: MD5=48750D8CEFD683FF97E70603097B79F2,SHA256=1F2EE2DE971B6D0A7A13F053014998B66C22DF47F30F1907A767346392EB8D78,IMPHASH=BA786B4B77B388CC6698F98951D469C8
ParentProcessGuid: {3ece88ed-a1e7-6873-6558-000000009a00}
ParentProcessId: 20800
ParentImage: C:\Program Files\Git\cmd\git.exe
ParentCommandLine: "C:\Program Files\Git\cmd\git.exe" for-each-ref --sort -committerdate --format %(refname)%00%(objectname)%00%(*objectname)
ParentUser: MRBLACK\new
Process Create:
RuleName: -
UtcTime: 2025-07-13 12:09:12.024
ProcessGuid: {3ece88ed-a1e8-6873-6758-000000009a00}
ProcessId: 4468
Image: C:\Program Files\Git\mingw64\bin\git.exe
FileVersion: 2.50.0.windows.1
Description: Git for Windows
Product: Git
Company: The Git Development Community
OriginalFileName: git.exe
CommandLine: git.exe status -z -uall
CurrentDirectory: F:\SOC_Journey\GitHub_Pushes\
User: MRBLACK\new
LogonGuid: {3ece88ed-85ec-6870-f61e-080000000000}
LogonId: 0x81EF6
TerminalSessionId: 1
IntegrityLevel: High
Hashes: MD5=48750D8CEFD683FF97E70603097B79F2,SHA256=1F2EE2DE971B6D0A7A13F053014998B66C22DF47F30F1907A767346392EB8D78,IMPHASH=BA786B4B77B388CC6698F98951D469C8
ParentProcessGuid: {3ece88ed-a1e7-6873-6358-000000009a00}
ParentProcessId: 13476
ParentImage: C:\Program Files\Git\cmd\git.exe
ParentCommandLine: "C:\Program Files\Git\cmd\git.exe" status -z -uall
ParentUser: MRBLACK\new
Process Create:
RuleName: -
UtcTime: 2025-07-13 12:09:11.983
ProcessGuid: {3ece88ed-a1e7-6873-6558-000000009a00}
ProcessId: 20800
Image: C:\Program Files\Git\cmd\git.exe
FileVersion: 2.50.0.windows.1
Description: Git for Windows
Product: Git
Company: The Git Development Community
OriginalFileName: git.exe
CommandLine: "C:\Program Files\Git\cmd\git.exe" for-each-ref --sort -committerdate --format %%(refname)The operation completed successfully.%%(objectname)The operation completed successfully.%%(*objectname)
CurrentDirectory: F:\SOC_Journey\GitHub_Pushes\
User: MRBLACK\new
LogonGuid: {3ece88ed-85ec-6870-f61e-080000000000}
LogonId: 0x81EF6
TerminalSessionId: 1
IntegrityLevel: High
Hashes: MD5=72D5DD969D5E0812D4F779923751F4FF,SHA256=E1E5F04E40A003B28B1E79659FABF3FD04DC4D8FDC7221D3495DFE51F861C75E,IMPHASH=10D716A849443DCD821CE3C4C8CBA197
ParentProcessGuid: {3ece88ed-954c-6873-4953-000000009a00}
ParentProcessId: 11128
ParentImage: C:\Users\new\AppData\Local\Programs\Microsoft VS Code\Code.exe
ParentCommandLine: "C:\Users\new\AppData\Local\Programs\Microsoft VS Code\Code.exe" --type=utility --utility-sub-type=node.mojom.NodeService --lang=en-US --service-sandbox-type=none --dns-result-order=ipv4first --experimental-network-inspection --inspect-port=0 --video-capture-use-gpu-memory-buffer --user-data-dir="C:\Users\new\AppData\Roaming\Code" --standard-schemes=vscode-webview,vscode-file --enable-sandbox --secure-schemes=vscode-webview,vscode-file --cors-schemes=vscode-webview,vscode-file --fetch-schemes=vscode-webview,vscode-file --service-worker-schemes=vscode-webview --code-cache-schemes=vscode-webview,vscode-file --field-trial-handle=1844,i,1712019501210430926,9906973897547186809,262144 --enable-features=DocumentPolicyIncludeJSCallStacksInCrashReports,EarlyEstablishGpuChannel,EstablishGpuChannelAsync --disable-features=CalculateNativeWinOcclusion,SpareRendererForSitePerProcess,WinDelaySpellcheckServiceInit --variations-seed-version --mojo-platform-channel-handle=5316 /prefetch:8
ParentUser: MRBLACK\new
Process Create:
RuleName: -
UtcTime: 2025-07-13 12:09:11.977
ProcessGuid: {3ece88ed-a1e7-6873-6358-000000009a00}
ProcessId: 13476
Image: C:\Program Files\Git\cmd\git.exe
FileVersion: 2.50.0.windows.1
Description: Git for Windows
Product: Git
Company: The Git Development Community
OriginalFileName: git.exe
CommandLine: "C:\Program Files\Git\cmd\git.exe" status -z -uall
CurrentDirectory: F:\SOC_Journey\GitHub_Pushes\
User: MRBLACK\new
LogonGuid: {3ece88ed-85ec-6870-f61e-080000000000}
LogonId: 0x81EF6
TerminalSessionId: 1
IntegrityLevel: High
Hashes: MD5=72D5DD969D5E0812D4F779923751F4FF,SHA256=E1E5F04E40A003B28B1E79659FABF3FD04DC4D8FDC7221D3495DFE51F861C75E,IMPHASH=10D716A849443DCD821CE3C4C8CBA197
ParentProcessGuid: {3ece88ed-954c-6873-4953-000000009a00}
ParentProcessId: 11128
ParentImage: C:\Users\new\AppData\Local\Programs\Microsoft VS Code\Code.exe
ParentCommandLine: "C:\Users\new\AppData\Local\Programs\Microsoft VS Code\Code.exe" --type=utility --utility-sub-type=node.mojom.NodeService --lang=en-US --service-sandbox-type=none --dns-result-order=ipv4first --experimental-network-inspection --inspect-port=0 --video-capture-use-gpu-memory-buffer --user-data-dir="C:\Users\new\AppData\Roaming\Code" --standard-schemes=vscode-webview,vscode-file --enable-sandbox --secure-schemes=vscode-webview,vscode-file --cors-schemes=vscode-webview,vscode-file --fetch-schemes=vscode-webview,vscode-file --service-worker-schemes=vscode-webview --code-cache-schemes=vscode-webview,vscode-file --field-trial-handle=1844,i,1712019501210430926,9906973897547186809,262144 --enable-features=DocumentPolicyIncludeJSCallStacksInCrashReports,EarlyEstablishGpuChannel,EstablishGpuChannelAsync --disable-features=CalculateNativeWinOcclusion,SpareRendererForSitePerProcess,WinDelaySpellcheckServiceInit --variations-seed-version --mojo-platform-channel-handle=5316 /prefetch:8
ParentUser: MRBLACK\new
Process Create:
RuleName: -
UtcTime: 2025-07-13 12:09:11.928
ProcessGuid: {3ece88ed-a1e7-6873-6258-000000009a00}
ProcessId: 20608
Image: C:\Program Files\Git\mingw64\bin\git.exe
FileVersion: 2.50.0.windows.1
Description: Git for Windows
Product: Git
Company: The Git Development Community
OriginalFileName: git.exe
CommandLine: git.exe for-each-ref --format=%%(refname)The operation completed successfully.%%(upstream:short)The operation completed successfully.%%(objectname)The operation completed successfully.%%(upstream:track)The operation completed successfully.%%(upstream:remotename)The operation completed successfully.%%(upstream:remoteref) --ignore-case refs/heads/master refs/remotes/master
CurrentDirectory: F:\SOC_Journey\GitHub_Pushes\
User: MRBLACK\new
LogonGuid: {3ece88ed-85ec-6870-f61e-080000000000}
LogonId: 0x81EF6
TerminalSessionId: 1
IntegrityLevel: High
Hashes: MD5=48750D8CEFD683FF97E70603097B79F2,SHA256=1F2EE2DE971B6D0A7A13F053014998B66C22DF47F30F1907A767346392EB8D78,IMPHASH=BA786B4B77B388CC6698F98951D469C8
ParentProcessGuid: {3ece88ed-a1e7-6873-5f58-000000009a00}
ParentProcessId: 6896
ParentImage: C:\Program Files\Git\cmd\git.exe
ParentCommandLine: "C:\Program Files\Git\cmd\git.exe" for-each-ref --format=%(refname)%00%(upstream:short)%00%(objectname)%00%(upstream:track)%00%(upstream:remotename)%00%(upstream:remoteref) --ignore-case refs/heads/master refs/remotes/master
ParentUser: MRBLACK\new
Process Create:
RuleName: -
UtcTime: 2025-07-13 12:09:11.924
ProcessGuid: {3ece88ed-a1e7-6873-6158-000000009a00}
ProcessId: 2656
Image: C:\Program Files\Git\mingw64\bin\git.exe
FileVersion: 2.50.0.windows.1
Description: Git for Windows
Product: Git
Company: The Git Development Community
OriginalFileName: git.exe
CommandLine: git.exe config --get commit.template
CurrentDirectory: F:\SOC_Journey\GitHub_Pushes\
User: MRBLACK\new
LogonGuid: {3ece88ed-85ec-6870-f61e-080000000000}
LogonId: 0x81EF6
TerminalSessionId: 1
IntegrityLevel: High
Hashes: MD5=48750D8CEFD683FF97E70603097B79F2,SHA256=1F2EE2DE971B6D0A7A13F053014998B66C22DF47F30F1907A767346392EB8D78,IMPHASH=BA786B4B77B388CC6698F98951D469C8
ParentProcessGuid: {3ece88ed-a1e7-6873-5d58-000000009a00}
ParentProcessId: 19036
ParentImage: C:\Program Files\Git\cmd\git.exe
ParentCommandLine: "C:\Program Files\Git\cmd\git.exe" config --get commit.template
ParentUser: MRBLACK\new
Process Create:
