RuleName: -
UtcTime: 2025-07-13 12:07:13.948
ProcessGuid: {3ece88ed-a171-6873-2b58-000000009a00}
ProcessId: 19500
Image: C:\Program Files\Git\cmd\git.exe
FileVersion: 2.50.0.windows.1
Description: Git for Windows
Product: Git
Company: The Git Development Community
OriginalFileName: git.exe
CommandLine: "C:\Program Files\Git\cmd\git.exe" for-each-ref --sort -committerdate --format %%(refname)The operation completed successfully.%%(objectname)The operation completed successfully.%%(*objectname)
CurrentDirectory: F:\SOC_Journey\GitHub_Pushes\
User: MRBLACK\new
LogonGuid: {3ece88ed-85ec-6870-f61e-080000000000}
LogonId: 0x81EF6
TerminalSessionId: 1
IntegrityLevel: High
Hashes: MD5=72D5DD969D5E0812D4F779923751F4FF,SHA256=E1E5F04E40A003B28B1E79659FABF3FD04DC4D8FDC7221D3495DFE51F861C75E,IMPHASH=10D716A849443DCD821CE3C4C8CBA197
ParentProcessGuid: {3ece88ed-954c-6873-4953-000000009a00}
ParentProcessId: 11128
ParentImage: C:\Users\new\AppData\Local\Programs\Microsoft VS Code\Code.exe
ParentCommandLine: "C:\Users\new\AppData\Local\Programs\Microsoft VS Code\Code.exe" --type=utility --utility-sub-type=node.mojom.NodeService --lang=en-US --service-sandbox-type=none --dns-result-order=ipv4first --experimental-network-inspection --inspect-port=0 --video-capture-use-gpu-memory-buffer --user-data-dir="C:\Users\new\AppData\Roaming\Code" --standard-schemes=vscode-webview,vscode-file --enable-sandbox --secure-schemes=vscode-webview,vscode-file --cors-schemes=vscode-webview,vscode-file --fetch-schemes=vscode-webview,vscode-file --service-worker-schemes=vscode-webview --code-cache-schemes=vscode-webview,vscode-file --field-trial-handle=1844,i,1712019501210430926,9906973897547186809,262144 --enable-features=DocumentPolicyIncludeJSCallStacksInCrashReports,EarlyEstablishGpuChannel,EstablishGpuChannelAsync --disable-features=CalculateNativeWinOcclusion,SpareRendererForSitePerProcess,WinDelaySpellcheckServiceInit --variations-seed-version --mojo-platform-channel-handle=5316 /prefetch:8
ParentUser: MRBLACK\new
Process Create:
RuleName: -
UtcTime: 2025-07-13 12:07:21.684
ProcessGuid: {3ece88ed-a179-6873-3e58-000000009a00}
ProcessId: 15552
Image: C:\Windows\WinSxS\amd64_microsoft-windows-servicingstack_31bf3856ad364e35_10.0.19041.6151_none_7e2f7fd67c740ce3\TiWorker.exe
FileVersion: 10.0.19041.6151 (WinBuild.160101.0800)
Description: Windows Modules Installer Worker
Product: Microsoft® Windows® Operating System
Company: Microsoft Corporation
OriginalFileName: TiWorker.exe
CommandLine: C:\Windows\winsxs\amd64_microsoft-windows-servicingstack_31bf3856ad364e35_10.0.19041.6151_none_7e2f7fd67c740ce3\TiWorker.exe -Embedding
CurrentDirectory: C:\Windows\system32\
User: NT AUTHORITY\SYSTEM
LogonGuid: {3ece88ed-85e5-6870-e703-000000000000}
LogonId: 0x3E7
TerminalSessionId: 0
IntegrityLevel: System
Hashes: MD5=D01229C6D6A751F2C7C5A38E9E282253,SHA256=0BA79E675DB09D2DA27A5C6BCBE963CC59E3EDB0124A6AEBC10C85D953B843E3,IMPHASH=2409EC1E105B0DDA91B9CEBA0B44162F
ParentProcessGuid: {3ece88ed-85e5-6870-0c00-000000009a00}
ParentProcessId: 948
ParentImage: C:\Windows\System32\svchost.exe
ParentCommandLine: C:\Windows\system32\svchost.exe -k DcomLaunch -p
ParentUser: NT AUTHORITY\SYSTEM
Registry value set:
RuleName: Tamper-Winlogon
EventType: SetValue
UtcTime: 2025-07-13 12:07:21.675
ProcessGuid: {3ece88ed-a179-6873-3d58-000000009a00}
ProcessId: 18056
Image: C:\Windows\servicing\TrustedInstaller.exe
TargetObject: HKLM\System\CurrentControlSet\Control\Winlogon\Notifications\Components\TrustedInstaller\Events
Details: CreateSession
User: NT AUTHORITY\SYSTEM
Process Create:
RuleName: -
UtcTime: 2025-07-13 12:07:21.621
ProcessGuid: {3ece88ed-a179-6873-3d58-000000009a00}
ProcessId: 18056
Image: C:\Windows\servicing\TrustedInstaller.exe
FileVersion: 10.0.19041.6033 (WinBuild.160101.0800)
Description: Windows Modules Installer
Product: Microsoft® Windows® Operating System
Company: Microsoft Corporation
OriginalFileName: TrustedInstaller.exe
CommandLine: C:\Windows\servicing\TrustedInstaller.exe
CurrentDirectory: C:\Windows\system32\
User: NT AUTHORITY\SYSTEM
LogonGuid: {3ece88ed-85e5-6870-e703-000000000000}
LogonId: 0x3E7
TerminalSessionId: 0
IntegrityLevel: System
Hashes: MD5=7AD303939D1A9FECD6ECADD773B4ADEF,SHA256=4A91D438B383AFAAB9015C6A4C5BDAD04EF4A3FDF010FCC2433EED7AA471F311,IMPHASH=0573E2F86BB45402DB86E0CB5DC66EDC
ParentProcessGuid: {3ece88ed-85e5-6870-0a00-000000009a00}
ParentProcessId: 808
ParentImage: C:\Windows\System32\services.exe
ParentCommandLine: C:\Windows\system32\services.exe
ParentUser: NT AUTHORITY\SYSTEM
File created:
RuleName: DLL
UtcTime: 2025-07-13 12:07:21.517
ProcessGuid: {3ece88ed-5e3b-6871-1719-000000009a00}
ProcessId: 17824
Image: C:\Windows\System32\mousocoreworker.exe
TargetFilename: C:\Windows\SoftwareDistribution\Download\54285130e6bfeb72a90f3f5b03fd5b03\Metadata\fvereseal.dll
CreationUtcTime: 2025-07-04 16:01:02.000
User: NT AUTHORITY\SYSTEM
File created:
RuleName: DLL
UtcTime: 2025-07-13 12:07:21.504
ProcessGuid: {3ece88ed-5e3b-6871-1719-000000009a00}
ProcessId: 17824
Image: C:\Windows\System32\mousocoreworker.exe
TargetFilename: C:\Windows\SoftwareDistribution\Download\54285130e6bfeb72a90f3f5b03fd5b03\Metadata\WinREAgent.dll
CreationUtcTime: 2025-07-04 16:01:00.000
User: NT AUTHORITY\SYSTEM
File created:
RuleName: DLL
UtcTime: 2025-07-13 12:07:21.498
ProcessGuid: {3ece88ed-5e3b-6871-1719-000000009a00}
ProcessId: 17824
Image: C:\Windows\System32\mousocoreworker.exe
TargetFilename: C:\Windows\SoftwareDistribution\Download\54285130e6bfeb72a90f3f5b03fd5b03\Metadata\ReserveManager.dll
CreationUtcTime: 2025-07-04 16:01:00.000
User: NT AUTHORITY\SYSTEM
File created:
RuleName: DLL
UtcTime: 2025-07-13 12:07:21.483
ProcessGuid: {3ece88ed-5e3b-6871-1719-000000009a00}
ProcessId: 17824
Image: C:\Windows\System32\mousocoreworker.exe
TargetFilename: C:\Windows\SoftwareDistribution\Download\54285130e6bfeb72a90f3f5b03fd5b03\Metadata\TurboStack.dll
CreationUtcTime: 2025-07-04 16:01:02.000
User: NT AUTHORITY\SYSTEM
File created:
RuleName: DLL
UtcTime: 2025-07-13 12:07:21.358
ProcessGuid: {3ece88ed-5e3b-6871-1719-000000009a00}
ProcessId: 17824
Image: C:\Windows\System32\mousocoreworker.exe
TargetFilename: C:\Windows\SoftwareDistribution\Download\54285130e6bfeb72a90f3f5b03fd5b03\Metadata\wcp.dll
CreationUtcTime: 2025-07-04 16:01:02.000
User: NT AUTHORITY\SYSTEM
File created:
RuleName: DLL
UtcTime: 2025-07-13 12:07:21.352
ProcessGuid: {3ece88ed-5e3b-6871-1719-000000009a00}
ProcessId: 17824
Image: C:\Windows\System32\mousocoreworker.exe
TargetFilename: C:\Windows\SoftwareDistribution\Download\54285130e6bfeb72a90f3f5b03fd5b03\Metadata\UAOneSettings.dll
CreationUtcTime: 2025-07-04 16:01:00.000
User: NT AUTHORITY\SYSTEM
File created:
RuleName: DLL
UtcTime: 2025-07-13 12:07:21.339
ProcessGuid: {3ece88ed-5e3b-6871-1719-000000009a00}
ProcessId: 17824
Image: C:\Windows\System32\mousocoreworker.exe
TargetFilename: C:\Windows\SoftwareDistribution\Download\54285130e6bfeb72a90f3f5b03fd5b03\Metadata\Mitigation.dll
CreationUtcTime: 2025-07-04 16:01:00.000
User: NT AUTHORITY\SYSTEM
Network connection detected:
RuleName: Usermode
UtcTime: 2025-07-13 12:07:25.162
ProcessGuid: {3ece88ed-5b57-6872-192a-000000009a00}
ProcessId: 21780
Image: C:\Users\new\AppData\Local\Programs\Microsoft VS Code\Code.exe
User: MRBLACK\new
Protocol: tcp
Initiated: true
SourceIsIpv6: false
SourceIp: 192.168.125.128
SourceHostname: MRBLACK
SourcePort: 58840
SourcePortName: -
DestinationIsIpv6: false
DestinationIp: 20.42.65.93
DestinationHostname: -
DestinationPort: 443
DestinationPortName: https
Process Create:
RuleName: -
UtcTime: 2025-07-13 12:07:21.684
ProcessGuid: {3ece88ed-a179-6873-3e58-000000009a00}
ProcessId: 15552
Image: C:\Windows\WinSxS\amd64_microsoft-windows-servicingstack_31bf3856ad364e35_10.0.19041.6151_none_7e2f7fd67c740ce3\TiWorker.exe
FileVersion: 10.0.19041.6151 (WinBuild.160101.0800)
Description: Windows Modules Installer Worker
Product: Microsoft® Windows® Operating System
Company: Microsoft Corporation
OriginalFileName: TiWorker.exe
CommandLine: C:\Windows\winsxs\amd64_microsoft-windows-servicingstack_31bf3856ad364e35_10.0.19041.6151_none_7e2f7fd67c740ce3\TiWorker.exe -Embedding
CurrentDirectory: C:\Windows\system32\
User: NT AUTHORITY\SYSTEM
LogonGuid: {3ece88ed-85e5-6870-e703-000000000000}
LogonId: 0x3E7
TerminalSessionId: 0
IntegrityLevel: System
Hashes: MD5=D01229C6D6A751F2C7C5A38E9E282253,SHA256=0BA79E675DB09D2DA27A5C6BCBE963CC59E3EDB0124A6AEBC10C85D953B843E3,IMPHASH=2409EC1E105B0DDA91B9CEBA0B44162F
ParentProcessGuid: {3ece88ed-85e5-6870-0c00-000000009a00}
ParentProcessId: 948
ParentImage: C:\Windows\System32\svchost.exe
ParentCommandLine: C:\Windows\system32\svchost.exe -k DcomLaunch -p
ParentUser: NT AUTHORITY\SYSTEM
Registry value set:
RuleName: Tamper-Winlogon
EventType: SetValue
UtcTime: 2025-07-13 12:07:21.675
ProcessGuid: {3ece88ed-a179-6873-3d58-000000009a00}
ProcessId: 18056
Image: C:\Windows\servicing\TrustedInstaller.exe
TargetObject: HKLM\System\CurrentControlSet\Control\Winlogon\Notifications\Components\TrustedInstaller\Events
Details: CreateSession
User: NT AUTHORITY\SYSTEM
Process Create:
RuleName: -
UtcTime: 2025-07-13 12:07:21.621
ProcessGuid: {3ece88ed-a179-6873-3d58-000000009a00}
ProcessId: 18056
Image: C:\Windows\servicing\TrustedInstaller.exe
FileVersion: 10.0.19041.6033 (WinBuild.160101.0800)
Description: Windows Modules Installer
Product: Microsoft® Windows® Operating System
Company: Microsoft Corporation
OriginalFileName: TrustedInstaller.exe
CommandLine: C:\Windows\servicing\TrustedInstaller.exe
CurrentDirectory: C:\Windows\system32\
User: NT AUTHORITY\SYSTEM
LogonGuid: {3ece88ed-85e5-6870-e703-000000000000}
LogonId: 0x3E7
TerminalSessionId: 0
IntegrityLevel: System
Hashes: MD5=7AD303939D1A9FECD6ECADD773B4ADEF,SHA256=4A91D438B383AFAAB9015C6A4C5BDAD04EF4A3FDF010FCC2433EED7AA471F311,IMPHASH=0573E2F86BB45402DB86E0CB5DC66EDC
ParentProcessGuid: {3ece88ed-85e5-6870-0a00-000000009a00}
ParentProcessId: 808
ParentImage: C:\Windows\System32\services.exe
ParentCommandLine: C:\Windows\system32\services.exe
ParentUser: NT AUTHORITY\SYSTEM
File created:
RuleName: DLL
UtcTime: 2025-07-13 12:07:21.517
ProcessGuid: {3ece88ed-5e3b-6871-1719-000000009a00}
ProcessId: 17824
Image: C:\Windows\System32\mousocoreworker.exe
TargetFilename: C:\Windows\SoftwareDistribution\Download\54285130e6bfeb72a90f3f5b03fd5b03\Metadata\fvereseal.dll
CreationUtcTime: 2025-07-04 16:01:02.000
User: NT AUTHORITY\SYSTEM
File created:
RuleName: DLL
UtcTime: 2025-07-13 12:07:21.504
ProcessGuid: {3ece88ed-5e3b-6871-1719-000000009a00}
ProcessId: 17824
Image: C:\Windows\System32\mousocoreworker.exe
TargetFilename: C:\Windows\SoftwareDistribution\Download\54285130e6bfeb72a90f3f5b03fd5b03\Metadata\WinREAgent.dll
CreationUtcTime: 2025-07-04 16:01:00.000
User: NT AUTHORITY\SYSTEM
File created:
RuleName: DLL
UtcTime: 2025-07-13 12:07:21.498
ProcessGuid: {3ece88ed-5e3b-6871-1719-000000009a00}
ProcessId: 17824
Image: C:\Windows\System32\mousocoreworker.exe
TargetFilename: C:\Windows\SoftwareDistribution\Download\54285130e6bfeb72a90f3f5b03fd5b03\Metadata\ReserveManager.dll
CreationUtcTime: 2025-07-04 16:01:00.000
User: NT AUTHORITY\SYSTEM
File created:
RuleName: DLL
UtcTime: 2025-07-13 12:07:21.483
ProcessGuid: {3ece88ed-5e3b-6871-1719-000000009a00}
ProcessId: 17824
Image: C:\Windows\System32\mousocoreworker.exe
TargetFilename: C:\Windows\SoftwareDistribution\Download\54285130e6bfeb72a90f3f5b03fd5b03\Metadata\TurboStack.dll
CreationUtcTime: 2025-07-04 16:01:02.000
User: NT AUTHORITY\SYSTEM
File created:
RuleName: DLL
UtcTime: 2025-07-13 12:07:21.358
ProcessGuid: {3ece88ed-5e3b-6871-1719-000000009a00}
ProcessId: 17824
Image: C:\Windows\System32\mousocoreworker.exe
TargetFilename: C:\Windows\SoftwareDistribution\Download\54285130e6bfeb72a90f3f5b03fd5b03\Metadata\wcp.dll
CreationUtcTime: 2025-07-04 16:01:02.000
User: NT AUTHORITY\SYSTEM
File created:
RuleName: DLL
UtcTime: 2025-07-13 12:07:21.352
ProcessGuid: {3ece88ed-5e3b-6871-1719-000000009a00}
ProcessId: 17824
Image: C:\Windows\System32\mousocoreworker.exe
TargetFilename: C:\Windows\SoftwareDistribution\Download\54285130e6bfeb72a90f3f5b03fd5b03\Metadata\UAOneSettings.dll
CreationUtcTime: 2025-07-04 16:01:00.000
User: NT AUTHORITY\SYSTEM
Network connection detected:
RuleName: Usermode
UtcTime: 2025-07-13 12:07:30.289
ProcessGuid: {3ece88ed-5b57-6872-192a-000000009a00}
ProcessId: 21780
Image: C:\Users\new\AppData\Local\Programs\Microsoft VS Code\Code.exe
User: MRBLACK\new
Protocol: tcp
Initiated: true
SourceIsIpv6: false
SourceIp: 192.168.125.128
SourceHostname: MRBLACK
SourcePort: 58846
SourcePortName: -
DestinationIsIpv6: false
DestinationIp: 20.42.65.93
DestinationHostname: -
DestinationPort: 443
DestinationPortName: https
Network connection detected:
RuleName: Usermode
UtcTime: 2025-07-13 12:07:25.419
ProcessGuid: {3ece88ed-5b57-6872-192a-000000009a00}
ProcessId: 21780
Image: C:\Users\new\AppData\Local\Programs\Microsoft VS Code\Code.exe
User: MRBLACK\new
Protocol: tcp
Initiated: true
SourceIsIpv6: false
SourceIp: 192.168.125.128
SourceHostname: MRBLACK
SourcePort: 58841
SourcePortName: -
DestinationIsIpv6: false
DestinationIp: 20.42.65.93
DestinationHostname: -
DestinationPort: 443
DestinationPortName: https
Network connection detected:
RuleName: Usermode
UtcTime: 2025-07-13 12:07:25.162
ProcessGuid: {3ece88ed-5b57-6872-192a-000000009a00}
ProcessId: 21780
Image: C:\Users\new\AppData\Local\Programs\Microsoft VS Code\Code.exe
User: MRBLACK\new
Protocol: tcp
Initiated: true
SourceIsIpv6: false
SourceIp: 192.168.125.128
SourceHostname: MRBLACK
SourcePort: 58840
SourcePortName: -
DestinationIsIpv6: false
DestinationIp: 20.42.65.93
DestinationHostname: -
DestinationPort: 443
DestinationPortName: https
Process Create:
RuleName: -
UtcTime: 2025-07-13 12:07:21.684
ProcessGuid: {3ece88ed-a179-6873-3e58-000000009a00}
ProcessId: 15552
Image: C:\Windows\WinSxS\amd64_microsoft-windows-servicingstack_31bf3856ad364e35_10.0.19041.6151_none_7e2f7fd67c740ce3\TiWorker.exe
FileVersion: 10.0.19041.6151 (WinBuild.160101.0800)
Description: Windows Modules Installer Worker
Product: Microsoft® Windows® Operating System
Company: Microsoft Corporation
OriginalFileName: TiWorker.exe
CommandLine: C:\Windows\winsxs\amd64_microsoft-windows-servicingstack_31bf3856ad364e35_10.0.19041.6151_none_7e2f7fd67c740ce3\TiWorker.exe -Embedding
CurrentDirectory: C:\Windows\system32\
User: NT AUTHORITY\SYSTEM
LogonGuid: {3ece88ed-85e5-6870-e703-000000000000}
LogonId: 0x3E7
TerminalSessionId: 0
IntegrityLevel: System
Hashes: MD5=D01229C6D6A751F2C7C5A38E9E282253,SHA256=0BA79E675DB09D2DA27A5C6BCBE963CC59E3EDB0124A6AEBC10C85D953B843E3,IMPHASH=2409EC1E105B0DDA91B9CEBA0B44162F
ParentProcessGuid: {3ece88ed-85e5-6870-0c00-000000009a00}
ParentProcessId: 948
ParentImage: C:\Windows\System32\svchost.exe
ParentCommandLine: C:\Windows\system32\svchost.exe -k DcomLaunch -p
ParentUser: NT AUTHORITY\SYSTEM
Registry value set:
RuleName: Tamper-Winlogon
EventType: SetValue
UtcTime: 2025-07-13 12:07:21.675
ProcessGuid: {3ece88ed-a179-6873-3d58-000000009a00}
ProcessId: 18056
Image: C:\Windows\servicing\TrustedInstaller.exe
TargetObject: HKLM\System\CurrentControlSet\Control\Winlogon\Notifications\Components\TrustedInstaller\Events
Details: CreateSession
User: NT AUTHORITY\SYSTEM
Process Create:
RuleName: -
UtcTime: 2025-07-13 12:07:21.621
ProcessGuid: {3ece88ed-a179-6873-3d58-000000009a00}
ProcessId: 18056
Image: C:\Windows\servicing\TrustedInstaller.exe
FileVersion: 10.0.19041.6033 (WinBuild.160101.0800)
Description: Windows Modules Installer
Product: Microsoft® Windows® Operating System
Company: Microsoft Corporation
OriginalFileName: TrustedInstaller.exe
CommandLine: C:\Windows\servicing\TrustedInstaller.exe
CurrentDirectory: C:\Windows\system32\
User: NT AUTHORITY\SYSTEM
LogonGuid: {3ece88ed-85e5-6870-e703-000000000000}
LogonId: 0x3E7
TerminalSessionId: 0
IntegrityLevel: System
Hashes: MD5=7AD303939D1A9FECD6ECADD773B4ADEF,SHA256=4A91D438B383AFAAB9015C6A4C5BDAD04EF4A3FDF010FCC2433EED7AA471F311,IMPHASH=0573E2F86BB45402DB86E0CB5DC66EDC
ParentProcessGuid: {3ece88ed-85e5-6870-0a00-000000009a00}
ParentProcessId: 808
ParentImage: C:\Windows\System32\services.exe
ParentCommandLine: C:\Windows\system32\services.exe
ParentUser: NT AUTHORITY\SYSTEM
File created:
RuleName: DLL
UtcTime: 2025-07-13 12:07:21.517
ProcessGuid: {3ece88ed-5e3b-6871-1719-000000009a00}
ProcessId: 17824
Image: C:\Windows\System32\mousocoreworker.exe
TargetFilename: C:\Windows\SoftwareDistribution\Download\54285130e6bfeb72a90f3f5b03fd5b03\Metadata\fvereseal.dll
CreationUtcTime: 2025-07-04 16:01:02.000
User: NT AUTHORITY\SYSTEM
File created:
RuleName: DLL
UtcTime: 2025-07-13 12:07:21.504
ProcessGuid: {3ece88ed-5e3b-6871-1719-000000009a00}
ProcessId: 17824
Image: C:\Windows\System32\mousocoreworker.exe
TargetFilename: C:\Windows\SoftwareDistribution\Download\54285130e6bfeb72a90f3f5b03fd5b03\Metadata\WinREAgent.dll
CreationUtcTime: 2025-07-04 16:01:00.000
User: NT AUTHORITY\SYSTEM
File created:
RuleName: DLL
UtcTime: 2025-07-13 12:07:21.498
ProcessGuid: {3ece88ed-5e3b-6871-1719-000000009a00}
ProcessId: 17824
Image: C:\Windows\System32\mousocoreworker.exe
TargetFilename: C:\Windows\SoftwareDistribution\Download\54285130e6bfeb72a90f3f5b03fd5b03\Metadata\ReserveManager.dll
CreationUtcTime: 2025-07-04 16:01:00.000
User: NT AUTHORITY\SYSTEM
File created:
RuleName: DLL
UtcTime: 2025-07-13 12:07:21.483
ProcessGuid: {3ece88ed-5e3b-6871-1719-000000009a00}
ProcessId: 17824
Image: C:\Windows\System32\mousocoreworker.exe
TargetFilename: C:\Windows\SoftwareDistribution\Download\54285130e6bfeb72a90f3f5b03fd5b03\Metadata\TurboStack.dll
CreationUtcTime: 2025-07-04 16:01:02.000
User: NT AUTHORITY\SYSTEM
Process Create:
RuleName: -
UtcTime: 2025-07-13 12:07:33.428
ProcessGuid: {3ece88ed-a185-6873-4058-000000009a00}
ProcessId: 11104
Image: C:\Windows\System32\taskhostw.exe
FileVersion: 10.0.19041.5794 (WinBuild.160101.0800)
Description: Host Process for Windows Tasks
Product: Microsoft® Windows® Operating System
Company: Microsoft Corporation
OriginalFileName: taskhostw.exe
CommandLine: taskhostw.exe
CurrentDirectory: C:\Windows\system32\
User: NT AUTHORITY\SYSTEM
LogonGuid: {3ece88ed-85e5-6870-e703-000000000000}
LogonId: 0x3E7
TerminalSessionId: 0
IntegrityLevel: System
Hashes: MD5=D71630DA4364F89F36B47581D4162639,SHA256=4D84D1DB6C572DA841307B814CCF26478429D3A29F304755CE1BAF110E639F64,IMPHASH=3A0C6863CDE566AF997DB2DEFFF9D924
ParentProcessGuid: {3ece88ed-85e7-6870-2800-000000009a00}
ParentProcessId: 1572
ParentImage: C:\Windows\System32\svchost.exe
ParentCommandLine: C:\Windows\system32\svchost.exe -k netsvcs -p -s Schedule
ParentUser: NT AUTHORITY\SYSTEM
Network connection detected:
RuleName: Usermode
UtcTime: 2025-07-13 12:07:30.289
ProcessGuid: {3ece88ed-5b57-6872-192a-000000009a00}
ProcessId: 21780
Image: C:\Users\new\AppData\Local\Programs\Microsoft VS Code\Code.exe
User: MRBLACK\new
Protocol: tcp
Initiated: true
SourceIsIpv6: false
SourceIp: 192.168.125.128
SourceHostname: MRBLACK
SourcePort: 58846
SourcePortName: -
DestinationIsIpv6: false
DestinationIp: 20.42.65.93
DestinationHostname: -
DestinationPort: 443
DestinationPortName: https
Network connection detected:
RuleName: Usermode
UtcTime: 2025-07-13 12:07:25.419
ProcessGuid: {3ece88ed-5b57-6872-192a-000000009a00}
ProcessId: 21780
Image: C:\Users\new\AppData\Local\Programs\Microsoft VS Code\Code.exe
User: MRBLACK\new
Protocol: tcp
Initiated: true
SourceIsIpv6: false
SourceIp: 192.168.125.128
SourceHostname: MRBLACK
SourcePort: 58841
SourcePortName: -
DestinationIsIpv6: false
DestinationIp: 20.42.65.93
DestinationHostname: -
DestinationPort: 443
DestinationPortName: https
Network connection detected:
RuleName: Usermode
UtcTime: 2025-07-13 12:07:25.162
ProcessGuid: {3ece88ed-5b57-6872-192a-000000009a00}
ProcessId: 21780
Image: C:\Users\new\AppData\Local\Programs\Microsoft VS Code\Code.exe
User: MRBLACK\new
Protocol: tcp
Initiated: true
SourceIsIpv6: false
SourceIp: 192.168.125.128
SourceHostname: MRBLACK
SourcePort: 58840
SourcePortName: -
DestinationIsIpv6: false
DestinationIp: 20.42.65.93
DestinationHostname: -
DestinationPort: 443
DestinationPortName: https
Process Create:
RuleName: -
UtcTime: 2025-07-13 12:07:21.684
ProcessGuid: {3ece88ed-a179-6873-3e58-000000009a00}
ProcessId: 15552
Image: C:\Windows\WinSxS\amd64_microsoft-windows-servicingstack_31bf3856ad364e35_10.0.19041.6151_none_7e2f7fd67c740ce3\TiWorker.exe
FileVersion: 10.0.19041.6151 (WinBuild.160101.0800)
Description: Windows Modules Installer Worker
Product: Microsoft® Windows® Operating System
Company: Microsoft Corporation
OriginalFileName: TiWorker.exe
CommandLine: C:\Windows\winsxs\amd64_microsoft-windows-servicingstack_31bf3856ad364e35_10.0.19041.6151_none_7e2f7fd67c740ce3\TiWorker.exe -Embedding
CurrentDirectory: C:\Windows\system32\
User: NT AUTHORITY\SYSTEM
LogonGuid: {3ece88ed-85e5-6870-e703-000000000000}
LogonId: 0x3E7
TerminalSessionId: 0
IntegrityLevel: System
Hashes: MD5=D01229C6D6A751F2C7C5A38E9E282253,SHA256=0BA79E675DB09D2DA27A5C6BCBE963CC59E3EDB0124A6AEBC10C85D953B843E3,IMPHASH=2409EC1E105B0DDA91B9CEBA0B44162F
ParentProcessGuid: {3ece88ed-85e5-6870-0c00-000000009a00}
ParentProcessId: 948
ParentImage: C:\Windows\System32\svchost.exe
ParentCommandLine: C:\Windows\system32\svchost.exe -k DcomLaunch -p
ParentUser: NT AUTHORITY\SYSTEM
Registry value set:
RuleName: Tamper-Winlogon
EventType: SetValue
UtcTime: 2025-07-13 12:07:21.675
ProcessGuid: {3ece88ed-a179-6873-3d58-000000009a00}
ProcessId: 18056
Image: C:\Windows\servicing\TrustedInstaller.exe
TargetObject: HKLM\System\CurrentControlSet\Control\Winlogon\Notifications\Components\TrustedInstaller\Events
Details: CreateSession
User: NT AUTHORITY\SYSTEM
Process Create:
RuleName: -
UtcTime: 2025-07-13 12:07:21.621
ProcessGuid: {3ece88ed-a179-6873-3d58-000000009a00}
ProcessId: 18056
Image: C:\Windows\servicing\TrustedInstaller.exe
FileVersion: 10.0.19041.6033 (WinBuild.160101.0800)
Description: Windows Modules Installer
Product: Microsoft® Windows® Operating System
Company: Microsoft Corporation
OriginalFileName: TrustedInstaller.exe
CommandLine: C:\Windows\servicing\TrustedInstaller.exe
CurrentDirectory: C:\Windows\system32\
User: NT AUTHORITY\SYSTEM
LogonGuid: {3ece88ed-85e5-6870-e703-000000000000}
LogonId: 0x3E7
TerminalSessionId: 0
IntegrityLevel: System
Hashes: MD5=7AD303939D1A9FECD6ECADD773B4ADEF,SHA256=4A91D438B383AFAAB9015C6A4C5BDAD04EF4A3FDF010FCC2433EED7AA471F311,IMPHASH=0573E2F86BB45402DB86E0CB5DC66EDC
ParentProcessGuid: {3ece88ed-85e5-6870-0a00-000000009a00}
ParentProcessId: 808
ParentImage: C:\Windows\System32\services.exe
ParentCommandLine: C:\Windows\system32\services.exe
ParentUser: NT AUTHORITY\SYSTEM
File created:
RuleName: DLL
UtcTime: 2025-07-13 12:07:21.517
ProcessGuid: {3ece88ed-5e3b-6871-1719-000000009a00}
ProcessId: 17824
Image: C:\Windows\System32\mousocoreworker.exe
TargetFilename: C:\Windows\SoftwareDistribution\Download\54285130e6bfeb72a90f3f5b03fd5b03\Metadata\fvereseal.dll
CreationUtcTime: 2025-07-04 16:01:02.000
User: NT AUTHORITY\SYSTEM
File created:
RuleName: DLL
UtcTime: 2025-07-13 12:07:21.504
ProcessGuid: {3ece88ed-5e3b-6871-1719-000000009a00}
ProcessId: 17824
Image: C:\Windows\System32\mousocoreworker.exe
TargetFilename: C:\Windows\SoftwareDistribution\Download\54285130e6bfeb72a90f3f5b03fd5b03\Metadata\WinREAgent.dll
CreationUtcTime: 2025-07-04 16:01:00.000
User: NT AUTHORITY\SYSTEM
File created:
RuleName: DLL
UtcTime: 2025-07-13 12:07:21.498
ProcessGuid: {3ece88ed-5e3b-6871-1719-000000009a00}
ProcessId: 17824
Image: C:\Windows\System32\mousocoreworker.exe
TargetFilename: C:\Windows\SoftwareDistribution\Download\54285130e6bfeb72a90f3f5b03fd5b03\Metadata\ReserveManager.dll
CreationUtcTime: 2025-07-04 16:01:00.000
User: NT AUTHORITY\SYSTEM
Network connection detected:
RuleName: Usermode
UtcTime: 2025-07-13 12:07:40.463
ProcessGuid: {3ece88ed-5b57-6872-192a-000000009a00}
ProcessId: 21780
Image: C:\Users\new\AppData\Local\Programs\Microsoft VS Code\Code.exe
User: MRBLACK\new
Protocol: tcp
Initiated: true
SourceIsIpv6: false
SourceIp: 192.168.125.128
SourceHostname: MRBLACK
SourcePort: 58853
SourcePortName: -
DestinationIsIpv6: false
DestinationIp: 20.42.65.93
DestinationHostname: -
DestinationPort: 443
DestinationPortName: https
Process Create:
RuleName: -
UtcTime: 2025-07-13 12:07:33.428
ProcessGuid: {3ece88ed-a185-6873-4058-000000009a00}
ProcessId: 11104
Image: C:\Windows\System32\taskhostw.exe
FileVersion: 10.0.19041.5794 (WinBuild.160101.0800)
Description: Host Process for Windows Tasks
Product: Microsoft® Windows® Operating System
Company: Microsoft Corporation
OriginalFileName: taskhostw.exe
CommandLine: taskhostw.exe
CurrentDirectory: C:\Windows\system32\
User: NT AUTHORITY\SYSTEM
LogonGuid: {3ece88ed-85e5-6870-e703-000000000000}
LogonId: 0x3E7
TerminalSessionId: 0
IntegrityLevel: System
Hashes: MD5=D71630DA4364F89F36B47581D4162639,SHA256=4D84D1DB6C572DA841307B814CCF26478429D3A29F304755CE1BAF110E639F64,IMPHASH=3A0C6863CDE566AF997DB2DEFFF9D924
ParentProcessGuid: {3ece88ed-85e7-6870-2800-000000009a00}
ParentProcessId: 1572
ParentImage: C:\Windows\System32\svchost.exe
ParentCommandLine: C:\Windows\system32\svchost.exe -k netsvcs -p -s Schedule
ParentUser: NT AUTHORITY\SYSTEM
Network connection detected:
RuleName: Usermode
UtcTime: 2025-07-13 12:07:30.289
ProcessGuid: {3ece88ed-5b57-6872-192a-000000009a00}
ProcessId: 21780
Image: C:\Users\new\AppData\Local\Programs\Microsoft VS Code\Code.exe
User: MRBLACK\new
Protocol: tcp
Initiated: true
SourceIsIpv6: false
SourceIp: 192.168.125.128
SourceHostname: MRBLACK
SourcePort: 58846
SourcePortName: -
DestinationIsIpv6: false
DestinationIp: 20.42.65.93
DestinationHostname: -
DestinationPort: 443
DestinationPortName: https
Network connection detected:
RuleName: Usermode
UtcTime: 2025-07-13 12:07:25.419
ProcessGuid: {3ece88ed-5b57-6872-192a-000000009a00}
ProcessId: 21780
Image: C:\Users\new\AppData\Local\Programs\Microsoft VS Code\Code.exe
User: MRBLACK\new
Protocol: tcp
Initiated: true
SourceIsIpv6: false
SourceIp: 192.168.125.128
SourceHostname: MRBLACK
SourcePort: 58841
SourcePortName: -
DestinationIsIpv6: false
DestinationIp: 20.42.65.93
DestinationHostname: -
DestinationPort: 443
DestinationPortName: https
Network connection detected:
RuleName: Usermode
UtcTime: 2025-07-13 12:07:25.162
ProcessGuid: {3ece88ed-5b57-6872-192a-000000009a00}
ProcessId: 21780
Image: C:\Users\new\AppData\Local\Programs\Microsoft VS Code\Code.exe
User: MRBLACK\new
Protocol: tcp
Initiated: true
SourceIsIpv6: false
SourceIp: 192.168.125.128
SourceHostname: MRBLACK
SourcePort: 58840
SourcePortName: -
DestinationIsIpv6: false
DestinationIp: 20.42.65.93
DestinationHostname: -
DestinationPort: 443
DestinationPortName: https
Process Create:
RuleName: -
UtcTime: 2025-07-13 12:07:21.684
ProcessGuid: {3ece88ed-a179-6873-3e58-000000009a00}
ProcessId: 15552
Image: C:\Windows\WinSxS\amd64_microsoft-windows-servicingstack_31bf3856ad364e35_10.0.19041.6151_none_7e2f7fd67c740ce3\TiWorker.exe
FileVersion: 10.0.19041.6151 (WinBuild.160101.0800)
Description: Windows Modules Installer Worker
Product: Microsoft® Windows® Operating System
Company: Microsoft Corporation
OriginalFileName: TiWorker.exe
CommandLine: C:\Windows\winsxs\amd64_microsoft-windows-servicingstack_31bf3856ad364e35_10.0.19041.6151_none_7e2f7fd67c740ce3\TiWorker.exe -Embedding
CurrentDirectory: C:\Windows\system32\
User: NT AUTHORITY\SYSTEM
LogonGuid: {3ece88ed-85e5-6870-e703-000000000000}
LogonId: 0x3E7
TerminalSessionId: 0
IntegrityLevel: System
Hashes: MD5=D01229C6D6A751F2C7C5A38E9E282253,SHA256=0BA79E675DB09D2DA27A5C6BCBE963CC59E3EDB0124A6AEBC10C85D953B843E3,IMPHASH=2409EC1E105B0DDA91B9CEBA0B44162F
ParentProcessGuid: {3ece88ed-85e5-6870-0c00-000000009a00}
ParentProcessId: 948
ParentImage: C:\Windows\System32\svchost.exe
ParentCommandLine: C:\Windows\system32\svchost.exe -k DcomLaunch -p
ParentUser: NT AUTHORITY\SYSTEM
Registry value set:
RuleName: Tamper-Winlogon
EventType: SetValue
UtcTime: 2025-07-13 12:07:21.675
ProcessGuid: {3ece88ed-a179-6873-3d58-000000009a00}
ProcessId: 18056
Image: C:\Windows\servicing\TrustedInstaller.exe
TargetObject: HKLM\System\CurrentControlSet\Control\Winlogon\Notifications\Components\TrustedInstaller\Events
Details: CreateSession
User: NT AUTHORITY\SYSTEM
Process Create:
RuleName: -
UtcTime: 2025-07-13 12:07:21.621
ProcessGuid: {3ece88ed-a179-6873-3d58-000000009a00}
ProcessId: 18056
Image: C:\Windows\servicing\TrustedInstaller.exe
FileVersion: 10.0.19041.6033 (WinBuild.160101.0800)
Description: Windows Modules Installer
Product: Microsoft® Windows® Operating System
Company: Microsoft Corporation
OriginalFileName: TrustedInstaller.exe
CommandLine: C:\Windows\servicing\TrustedInstaller.exe
CurrentDirectory: C:\Windows\system32\
User: NT AUTHORITY\SYSTEM
LogonGuid: {3ece88ed-85e5-6870-e703-000000000000}
LogonId: 0x3E7
TerminalSessionId: 0
IntegrityLevel: System
Hashes: MD5=7AD303939D1A9FECD6ECADD773B4ADEF,SHA256=4A91D438B383AFAAB9015C6A4C5BDAD04EF4A3FDF010FCC2433EED7AA471F311,IMPHASH=0573E2F86BB45402DB86E0CB5DC66EDC
ParentProcessGuid: {3ece88ed-85e5-6870-0a00-000000009a00}
ParentProcessId: 808
ParentImage: C:\Windows\System32\services.exe
ParentCommandLine: C:\Windows\system32\services.exe
ParentUser: NT AUTHORITY\SYSTEM
File created:
RuleName: DLL
UtcTime: 2025-07-13 12:07:21.517
ProcessGuid: {3ece88ed-5e3b-6871-1719-000000009a00}
ProcessId: 17824
Image: C:\Windows\System32\mousocoreworker.exe
TargetFilename: C:\Windows\SoftwareDistribution\Download\54285130e6bfeb72a90f3f5b03fd5b03\Metadata\fvereseal.dll
CreationUtcTime: 2025-07-04 16:01:02.000
User: NT AUTHORITY\SYSTEM
File created:
RuleName: DLL
UtcTime: 2025-07-13 12:07:21.504
ProcessGuid: {3ece88ed-5e3b-6871-1719-000000009a00}
ProcessId: 17824
Image: C:\Windows\System32\mousocoreworker.exe
TargetFilename: C:\Windows\SoftwareDistribution\Download\54285130e6bfeb72a90f3f5b03fd5b03\Metadata\WinREAgent.dll
CreationUtcTime: 2025-07-04 16:01:00.000
User: NT AUTHORITY\SYSTEM
Network connection detected:
RuleName: Usermode
UtcTime: 2025-07-13 12:07:40.463
ProcessGuid: {3ece88ed-5b57-6872-192a-000000009a00}
ProcessId: 21780
Image: C:\Users\new\AppData\Local\Programs\Microsoft VS Code\Code.exe
User: MRBLACK\new
Protocol: tcp
Initiated: true
SourceIsIpv6: false
SourceIp: 192.168.125.128
SourceHostname: MRBLACK
SourcePort: 58853
SourcePortName: -
DestinationIsIpv6: false
DestinationIp: 20.42.65.93
DestinationHostname: -
DestinationPort: 443
DestinationPortName: https
Process Create:
RuleName: -
UtcTime: 2025-07-13 12:07:33.428
ProcessGuid: {3ece88ed-a185-6873-4058-000000009a00}
ProcessId: 11104
Image: C:\Windows\System32\taskhostw.exe
FileVersion: 10.0.19041.5794 (WinBuild.160101.0800)
Description: Host Process for Windows Tasks
Product: Microsoft® Windows® Operating System
Company: Microsoft Corporation
OriginalFileName: taskhostw.exe
CommandLine: taskhostw.exe
CurrentDirectory: C:\Windows\system32\
User: NT AUTHORITY\SYSTEM
LogonGuid: {3ece88ed-85e5-6870-e703-000000000000}
LogonId: 0x3E7
TerminalSessionId: 0
IntegrityLevel: System
Hashes: MD5=D71630DA4364F89F36B47581D4162639,SHA256=4D84D1DB6C572DA841307B814CCF26478429D3A29F304755CE1BAF110E639F64,IMPHASH=3A0C6863CDE566AF997DB2DEFFF9D924
ParentProcessGuid: {3ece88ed-85e7-6870-2800-000000009a00}
ParentProcessId: 1572
ParentImage: C:\Windows\System32\svchost.exe
ParentCommandLine: C:\Windows\system32\svchost.exe -k netsvcs -p -s Schedule
ParentUser: NT AUTHORITY\SYSTEM
Network connection detected:
RuleName: Usermode
UtcTime: 2025-07-13 12:07:30.289
ProcessGuid: {3ece88ed-5b57-6872-192a-000000009a00}
ProcessId: 21780
Image: C:\Users\new\AppData\Local\Programs\Microsoft VS Code\Code.exe
User: MRBLACK\new
Protocol: tcp
Initiated: true
SourceIsIpv6: false
SourceIp: 192.168.125.128
SourceHostname: MRBLACK
SourcePort: 58846
SourcePortName: -
DestinationIsIpv6: false
DestinationIp: 20.42.65.93
DestinationHostname: -
DestinationPort: 443
DestinationPortName: https
Network connection detected:
RuleName: Usermode
UtcTime: 2025-07-13 12:07:25.419
ProcessGuid: {3ece88ed-5b57-6872-192a-000000009a00}
ProcessId: 21780
Image: C:\Users\new\AppData\Local\Programs\Microsoft VS Code\Code.exe
User: MRBLACK\new
Protocol: tcp
Initiated: true
SourceIsIpv6: false
SourceIp: 192.168.125.128
SourceHostname: MRBLACK
SourcePort: 58841
SourcePortName: -
DestinationIsIpv6: false
DestinationIp: 20.42.65.93
DestinationHostname: -
DestinationPort: 443
DestinationPortName: https
Network connection detected:
RuleName: Usermode
UtcTime: 2025-07-13 12:07:25.162
ProcessGuid: {3ece88ed-5b57-6872-192a-000000009a00}
ProcessId: 21780
Image: C:\Users\new\AppData\Local\Programs\Microsoft VS Code\Code.exe
User: MRBLACK\new
Protocol: tcp
Initiated: true
SourceIsIpv6: false
SourceIp: 192.168.125.128
SourceHostname: MRBLACK
SourcePort: 58840
SourcePortName: -
DestinationIsIpv6: false
DestinationIp: 20.42.65.93
DestinationHostname: -
DestinationPort: 443
DestinationPortName: https
Process Create:
RuleName: -
UtcTime: 2025-07-13 12:07:21.684
ProcessGuid: {3ece88ed-a179-6873-3e58-000000009a00}
ProcessId: 15552
Image: C:\Windows\WinSxS\amd64_microsoft-windows-servicingstack_31bf3856ad364e35_10.0.19041.6151_none_7e2f7fd67c740ce3\TiWorker.exe
FileVersion: 10.0.19041.6151 (WinBuild.160101.0800)
Description: Windows Modules Installer Worker
Product: Microsoft® Windows® Operating System
Company: Microsoft Corporation
OriginalFileName: TiWorker.exe
CommandLine: C:\Windows\winsxs\amd64_microsoft-windows-servicingstack_31bf3856ad364e35_10.0.19041.6151_none_7e2f7fd67c740ce3\TiWorker.exe -Embedding
CurrentDirectory: C:\Windows\system32\
User: NT AUTHORITY\SYSTEM
LogonGuid: {3ece88ed-85e5-6870-e703-000000000000}
LogonId: 0x3E7
TerminalSessionId: 0
IntegrityLevel: System
Hashes: MD5=D01229C6D6A751F2C7C5A38E9E282253,SHA256=0BA79E675DB09D2DA27A5C6BCBE963CC59E3EDB0124A6AEBC10C85D953B843E3,IMPHASH=2409EC1E105B0DDA91B9CEBA0B44162F
ParentProcessGuid: {3ece88ed-85e5-6870-0c00-000000009a00}
ParentProcessId: 948
ParentImage: C:\Windows\System32\svchost.exe
ParentCommandLine: C:\Windows\system32\svchost.exe -k DcomLaunch -p
ParentUser: NT AUTHORITY\SYSTEM
Registry value set:
RuleName: Tamper-Winlogon
EventType: SetValue
UtcTime: 2025-07-13 12:07:21.675
ProcessGuid: {3ece88ed-a179-6873-3d58-000000009a00}
ProcessId: 18056
Image: C:\Windows\servicing\TrustedInstaller.exe
TargetObject: HKLM\System\CurrentControlSet\Control\Winlogon\Notifications\Components\TrustedInstaller\Events
Details: CreateSession
User: NT AUTHORITY\SYSTEM
Process Create:
RuleName: -
UtcTime: 2025-07-13 12:07:21.621
ProcessGuid: {3ece88ed-a179-6873-3d58-000000009a00}
ProcessId: 18056
Image: C:\Windows\servicing\TrustedInstaller.exe
FileVersion: 10.0.19041.6033 (WinBuild.160101.0800)
Description: Windows Modules Installer
Product: Microsoft® Windows® Operating System
Company: Microsoft Corporation
OriginalFileName: TrustedInstaller.exe
CommandLine: C:\Windows\servicing\TrustedInstaller.exe
CurrentDirectory: C:\Windows\system32\
User: NT AUTHORITY\SYSTEM
LogonGuid: {3ece88ed-85e5-6870-e703-000000000000}
LogonId: 0x3E7
TerminalSessionId: 0
IntegrityLevel: System
Hashes: MD5=7AD303939D1A9FECD6ECADD773B4ADEF,SHA256=4A91D438B383AFAAB9015C6A4C5BDAD04EF4A3FDF010FCC2433EED7AA471F311,IMPHASH=0573E2F86BB45402DB86E0CB5DC66EDC
ParentProcessGuid: {3ece88ed-85e5-6870-0a00-000000009a00}
ParentProcessId: 808
ParentImage: C:\Windows\System32\services.exe
ParentCommandLine: C:\Windows\system32\services.exe
ParentUser: NT AUTHORITY\SYSTEM
File created:
RuleName: DLL
UtcTime: 2025-07-13 12:07:21.517
ProcessGuid: {3ece88ed-5e3b-6871-1719-000000009a00}
ProcessId: 17824
Image: C:\Windows\System32\mousocoreworker.exe
TargetFilename: C:\Windows\SoftwareDistribution\Download\54285130e6bfeb72a90f3f5b03fd5b03\Metadata\fvereseal.dll
CreationUtcTime: 2025-07-04 16:01:02.000
User: NT AUTHORITY\SYSTEM
File created:
RuleName: DLL
UtcTime: 2025-07-13 12:07:21.504
ProcessGuid: {3ece88ed-5e3b-6871-1719-000000009a00}
ProcessId: 17824
Image: C:\Windows\System32\mousocoreworker.exe
TargetFilename: C:\Windows\SoftwareDistribution\Download\54285130e6bfeb72a90f3f5b03fd5b03\Metadata\WinREAgent.dll
CreationUtcTime: 2025-07-04 16:01:00.000
User: NT AUTHORITY\SYSTEM
Network connection detected:
RuleName: Usermode
UtcTime: 2025-07-13 12:07:46.961
ProcessGuid: {3ece88ed-954c-6873-4953-000000009a00}
ProcessId: 11128
Image: C:\Users\new\AppData\Local\Programs\Microsoft VS Code\Code.exe
User: MRBLACK\new
Protocol: tcp
Initiated: true
SourceIsIpv6: false
SourceIp: 192.168.125.128
SourceHostname: MRBLACK
SourcePort: 58858
SourcePortName: -
DestinationIsIpv6: false
DestinationIp: 20.42.65.93
DestinationHostname: -
DestinationPort: 443
DestinationPortName: https
Network connection detected:
RuleName: Usermode
UtcTime: 2025-07-13 12:07:40.463
ProcessGuid: {3ece88ed-5b57-6872-192a-000000009a00}
ProcessId: 21780
Image: C:\Users\new\AppData\Local\Programs\Microsoft VS Code\Code.exe
User: MRBLACK\new
Protocol: tcp
Initiated: true
SourceIsIpv6: false
SourceIp: 192.168.125.128
SourceHostname: MRBLACK
SourcePort: 58853
SourcePortName: -
DestinationIsIpv6: false
DestinationIp: 20.42.65.93
DestinationHostname: -
DestinationPort: 443
DestinationPortName: https
Process Create:
RuleName: -
UtcTime: 2025-07-13 12:07:33.428
ProcessGuid: {3ece88ed-a185-6873-4058-000000009a00}
ProcessId: 11104
Image: C:\Windows\System32\taskhostw.exe
FileVersion: 10.0.19041.5794 (WinBuild.160101.0800)
Description: Host Process for Windows Tasks
Product: Microsoft® Windows® Operating System
Company: Microsoft Corporation
OriginalFileName: taskhostw.exe
CommandLine: taskhostw.exe
CurrentDirectory: C:\Windows\system32\
User: NT AUTHORITY\SYSTEM
LogonGuid: {3ece88ed-85e5-6870-e703-000000000000}
LogonId: 0x3E7
TerminalSessionId: 0
IntegrityLevel: System
Hashes: MD5=D71630DA4364F89F36B47581D4162639,SHA256=4D84D1DB6C572DA841307B814CCF26478429D3A29F304755CE1BAF110E639F64,IMPHASH=3A0C6863CDE566AF997DB2DEFFF9D924
ParentProcessGuid: {3ece88ed-85e7-6870-2800-000000009a00}
ParentProcessId: 1572
ParentImage: C:\Windows\System32\svchost.exe
ParentCommandLine: C:\Windows\system32\svchost.exe -k netsvcs -p -s Schedule
ParentUser: NT AUTHORITY\SYSTEM
Network connection detected:
RuleName: Usermode
UtcTime: 2025-07-13 12:07:30.289
ProcessGuid: {3ece88ed-5b57-6872-192a-000000009a00}
ProcessId: 21780
Image: C:\Users\new\AppData\Local\Programs\Microsoft VS Code\Code.exe
User: MRBLACK\new
Protocol: tcp
Initiated: true
SourceIsIpv6: false
SourceIp: 192.168.125.128
SourceHostname: MRBLACK
SourcePort: 58846
SourcePortName: -
DestinationIsIpv6: false
DestinationIp: 20.42.65.93
DestinationHostname: -
DestinationPort: 443
DestinationPortName: https
Network connection detected:
RuleName: Usermode
UtcTime: 2025-07-13 12:07:25.419
ProcessGuid: {3ece88ed-5b57-6872-192a-000000009a00}
ProcessId: 21780
Image: C:\Users\new\AppData\Local\Programs\Microsoft VS Code\Code.exe
User: MRBLACK\new
Protocol: tcp
Initiated: true
SourceIsIpv6: false
SourceIp: 192.168.125.128
SourceHostname: MRBLACK
SourcePort: 58841
SourcePortName: -
DestinationIsIpv6: false
DestinationIp: 20.42.65.93
DestinationHostname: -
DestinationPort: 443
DestinationPortName: https
Network connection detected:
RuleName: Usermode
UtcTime: 2025-07-13 12:07:25.162
ProcessGuid: {3ece88ed-5b57-6872-192a-000000009a00}
ProcessId: 21780
Image: C:\Users\new\AppData\Local\Programs\Microsoft VS Code\Code.exe
User: MRBLACK\new
Protocol: tcp
Initiated: true
SourceIsIpv6: false
SourceIp: 192.168.125.128
SourceHostname: MRBLACK
SourcePort: 58840
SourcePortName: -
DestinationIsIpv6: false
DestinationIp: 20.42.65.93
DestinationHostname: -
DestinationPort: 443
DestinationPortName: https
Process Create:
RuleName: -
UtcTime: 2025-07-13 12:07:21.684
ProcessGuid: {3ece88ed-a179-6873-3e58-000000009a00}
ProcessId: 15552
Image: C:\Windows\WinSxS\amd64_microsoft-windows-servicingstack_31bf3856ad364e35_10.0.19041.6151_none_7e2f7fd67c740ce3\TiWorker.exe
FileVersion: 10.0.19041.6151 (WinBuild.160101.0800)
Description: Windows Modules Installer Worker
Product: Microsoft® Windows® Operating System
Company: Microsoft Corporation
OriginalFileName: TiWorker.exe
CommandLine: C:\Windows\winsxs\amd64_microsoft-windows-servicingstack_31bf3856ad364e35_10.0.19041.6151_none_7e2f7fd67c740ce3\TiWorker.exe -Embedding
CurrentDirectory: C:\Windows\system32\
User: NT AUTHORITY\SYSTEM
LogonGuid: {3ece88ed-85e5-6870-e703-000000000000}
LogonId: 0x3E7
TerminalSessionId: 0
IntegrityLevel: System
Hashes: MD5=D01229C6D6A751F2C7C5A38E9E282253,SHA256=0BA79E675DB09D2DA27A5C6BCBE963CC59E3EDB0124A6AEBC10C85D953B843E3,IMPHASH=2409EC1E105B0DDA91B9CEBA0B44162F
ParentProcessGuid: {3ece88ed-85e5-6870-0c00-000000009a00}
ParentProcessId: 948
ParentImage: C:\Windows\System32\svchost.exe
ParentCommandLine: C:\Windows\system32\svchost.exe -k DcomLaunch -p
ParentUser: NT AUTHORITY\SYSTEM
Registry value set:
RuleName: Tamper-Winlogon
EventType: SetValue
UtcTime: 2025-07-13 12:07:21.675
ProcessGuid: {3ece88ed-a179-6873-3d58-000000009a00}
ProcessId: 18056
Image: C:\Windows\servicing\TrustedInstaller.exe
TargetObject: HKLM\System\CurrentControlSet\Control\Winlogon\Notifications\Components\TrustedInstaller\Events
Details: CreateSession
User: NT AUTHORITY\SYSTEM
Process Create:
RuleName: -
UtcTime: 2025-07-13 12:07:21.621
ProcessGuid: {3ece88ed-a179-6873-3d58-000000009a00}
ProcessId: 18056
Image: C:\Windows\servicing\TrustedInstaller.exe
FileVersion: 10.0.19041.6033 (WinBuild.160101.0800)
Description: Windows Modules Installer
Product: Microsoft® Windows® Operating System
Company: Microsoft Corporation
OriginalFileName: TrustedInstaller.exe
CommandLine: C:\Windows\servicing\TrustedInstaller.exe
CurrentDirectory: C:\Windows\system32\
User: NT AUTHORITY\SYSTEM
LogonGuid: {3ece88ed-85e5-6870-e703-000000000000}
LogonId: 0x3E7
TerminalSessionId: 0
IntegrityLevel: System
Hashes: MD5=7AD303939D1A9FECD6ECADD773B4ADEF,SHA256=4A91D438B383AFAAB9015C6A4C5BDAD04EF4A3FDF010FCC2433EED7AA471F311,IMPHASH=0573E2F86BB45402DB86E0CB5DC66EDC
ParentProcessGuid: {3ece88ed-85e5-6870-0a00-000000009a00}
ParentProcessId: 808
ParentImage: C:\Windows\System32\services.exe
ParentCommandLine: C:\Windows\system32\services.exe
ParentUser: NT AUTHORITY\SYSTEM
File created:
RuleName: DLL
UtcTime: 2025-07-13 12:07:21.517
ProcessGuid: {3ece88ed-5e3b-6871-1719-000000009a00}
ProcessId: 17824
Image: C:\Windows\System32\mousocoreworker.exe
TargetFilename: C:\Windows\SoftwareDistribution\Download\54285130e6bfeb72a90f3f5b03fd5b03\Metadata\fvereseal.dll
CreationUtcTime: 2025-07-04 16:01:02.000
User: NT AUTHORITY\SYSTEM
Network connection detected:
RuleName: Usermode
UtcTime: 2025-07-13 12:07:55.297
ProcessGuid: {3ece88ed-954c-6873-4953-000000009a00}
ProcessId: 11128
Image: C:\Users\new\AppData\Local\Programs\Microsoft VS Code\Code.exe
User: MRBLACK\new
Protocol: tcp
Initiated: true
SourceIsIpv6: false
SourceIp: 192.168.125.128
SourceHostname: MRBLACK
SourcePort: 58862
SourcePortName: -
DestinationIsIpv6: false
DestinationIp: 20.42.65.93
DestinationHostname: -
DestinationPort: 443
DestinationPortName: https
Network connection detected:
RuleName: Usermode
UtcTime: 2025-07-13 12:07:50.595
ProcessGuid: {3ece88ed-5b57-6872-192a-000000009a00}
ProcessId: 21780
Image: C:\Users\new\AppData\Local\Programs\Microsoft VS Code\Code.exe
User: MRBLACK\new
Protocol: tcp
Initiated: true
SourceIsIpv6: false
SourceIp: 192.168.125.128
SourceHostname: MRBLACK
SourcePort: 58860
SourcePortName: -
DestinationIsIpv6: false
DestinationIp: 20.42.65.93
DestinationHostname: -
DestinationPort: 443
DestinationPortName: https
Network connection detected:
RuleName: Usermode
UtcTime: 2025-07-13 12:07:46.961
ProcessGuid: {3ece88ed-954c-6873-4953-000000009a00}
ProcessId: 11128
Image: C:\Users\new\AppData\Local\Programs\Microsoft VS Code\Code.exe
User: MRBLACK\new
Protocol: tcp
Initiated: true
SourceIsIpv6: false
SourceIp: 192.168.125.128
SourceHostname: MRBLACK
SourcePort: 58858
SourcePortName: -
DestinationIsIpv6: false
DestinationIp: 20.42.65.93
DestinationHostname: -
DestinationPort: 443
DestinationPortName: https
Network connection detected:
RuleName: Usermode
UtcTime: 2025-07-13 12:07:40.463
ProcessGuid: {3ece88ed-5b57-6872-192a-000000009a00}
ProcessId: 21780
Image: C:\Users\new\AppData\Local\Programs\Microsoft VS Code\Code.exe
User: MRBLACK\new
Protocol: tcp
Initiated: true
SourceIsIpv6: false
SourceIp: 192.168.125.128
SourceHostname: MRBLACK
SourcePort: 58853
SourcePortName: -
DestinationIsIpv6: false
DestinationIp: 20.42.65.93
DestinationHostname: -
DestinationPort: 443
DestinationPortName: https
Process Create:
RuleName: -
UtcTime: 2025-07-13 12:07:33.428
ProcessGuid: {3ece88ed-a185-6873-4058-000000009a00}
ProcessId: 11104
Image: C:\Windows\System32\taskhostw.exe
FileVersion: 10.0.19041.5794 (WinBuild.160101.0800)
Description: Host Process for Windows Tasks
Product: Microsoft® Windows® Operating System
Company: Microsoft Corporation
OriginalFileName: taskhostw.exe
CommandLine: taskhostw.exe
CurrentDirectory: C:\Windows\system32\
User: NT AUTHORITY\SYSTEM
LogonGuid: {3ece88ed-85e5-6870-e703-000000000000}
LogonId: 0x3E7
TerminalSessionId: 0
IntegrityLevel: System
Hashes: MD5=D71630DA4364F89F36B47581D4162639,SHA256=4D84D1DB6C572DA841307B814CCF26478429D3A29F304755CE1BAF110E639F64,IMPHASH=3A0C6863CDE566AF997DB2DEFFF9D924
ParentProcessGuid: {3ece88ed-85e7-6870-2800-000000009a00}
ParentProcessId: 1572
ParentImage: C:\Windows\System32\svchost.exe
ParentCommandLine: C:\Windows\system32\svchost.exe -k netsvcs -p -s Schedule
ParentUser: NT AUTHORITY\SYSTEM
Network connection detected:
RuleName: Usermode
UtcTime: 2025-07-13 12:07:30.289
ProcessGuid: {3ece88ed-5b57-6872-192a-000000009a00}
ProcessId: 21780
Image: C:\Users\new\AppData\Local\Programs\Microsoft VS Code\Code.exe
User: MRBLACK\new
Protocol: tcp
Initiated: true
SourceIsIpv6: false
SourceIp: 192.168.125.128
SourceHostname: MRBLACK
SourcePort: 58846
SourcePortName: -
DestinationIsIpv6: false
DestinationIp: 20.42.65.93
DestinationHostname: -
DestinationPort: 443
DestinationPortName: https
Network connection detected:
RuleName: Usermode
UtcTime: 2025-07-13 12:07:25.419
ProcessGuid: {3ece88ed-5b57-6872-192a-000000009a00}
ProcessId: 21780
Image: C:\Users\new\AppData\Local\Programs\Microsoft VS Code\Code.exe
User: MRBLACK\new
Protocol: tcp
Initiated: true
SourceIsIpv6: false
SourceIp: 192.168.125.128
SourceHostname: MRBLACK
SourcePort: 58841
SourcePortName: -
DestinationIsIpv6: false
DestinationIp: 20.42.65.93
DestinationHostname: -
DestinationPort: 443
DestinationPortName: https
Network connection detected:
RuleName: Usermode
UtcTime: 2025-07-13 12:07:25.162
ProcessGuid: {3ece88ed-5b57-6872-192a-000000009a00}
ProcessId: 21780
Image: C:\Users\new\AppData\Local\Programs\Microsoft VS Code\Code.exe
User: MRBLACK\new
Protocol: tcp
Initiated: true
SourceIsIpv6: false
SourceIp: 192.168.125.128
SourceHostname: MRBLACK
SourcePort: 58840
SourcePortName: -
DestinationIsIpv6: false
DestinationIp: 20.42.65.93
DestinationHostname: -
DestinationPort: 443
DestinationPortName: https
Process Create:
RuleName: -
UtcTime: 2025-07-13 12:07:21.684
ProcessGuid: {3ece88ed-a179-6873-3e58-000000009a00}
ProcessId: 15552
Image: C:\Windows\WinSxS\amd64_microsoft-windows-servicingstack_31bf3856ad364e35_10.0.19041.6151_none_7e2f7fd67c740ce3\TiWorker.exe
FileVersion: 10.0.19041.6151 (WinBuild.160101.0800)
Description: Windows Modules Installer Worker
Product: Microsoft® Windows® Operating System
Company: Microsoft Corporation
OriginalFileName: TiWorker.exe
CommandLine: C:\Windows\winsxs\amd64_microsoft-windows-servicingstack_31bf3856ad364e35_10.0.19041.6151_none_7e2f7fd67c740ce3\TiWorker.exe -Embedding
CurrentDirectory: C:\Windows\system32\
User: NT AUTHORITY\SYSTEM
LogonGuid: {3ece88ed-85e5-6870-e703-000000000000}
LogonId: 0x3E7
TerminalSessionId: 0
IntegrityLevel: System
Hashes: MD5=D01229C6D6A751F2C7C5A38E9E282253,SHA256=0BA79E675DB09D2DA27A5C6BCBE963CC59E3EDB0124A6AEBC10C85D953B843E3,IMPHASH=2409EC1E105B0DDA91B9CEBA0B44162F
ParentProcessGuid: {3ece88ed-85e5-6870-0c00-000000009a00}
ParentProcessId: 948
ParentImage: C:\Windows\System32\svchost.exe
ParentCommandLine: C:\Windows\system32\svchost.exe -k DcomLaunch -p
ParentUser: NT AUTHORITY\SYSTEM
Registry value set:
RuleName: Tamper-Winlogon
EventType: SetValue
UtcTime: 2025-07-13 12:07:21.675
ProcessGuid: {3ece88ed-a179-6873-3d58-000000009a00}
ProcessId: 18056
Image: C:\Windows\servicing\TrustedInstaller.exe
TargetObject: HKLM\System\CurrentControlSet\Control\Winlogon\Notifications\Components\TrustedInstaller\Events
Details: CreateSession
User: NT AUTHORITY\SYSTEM
Network connection detected:
RuleName: Usermode
UtcTime: 2025-07-13 12:08:00.787
ProcessGuid: {3ece88ed-5b57-6872-192a-000000009a00}
ProcessId: 21780
Image: C:\Users\new\AppData\Local\Programs\Microsoft VS Code\Code.exe
User: MRBLACK\new
Protocol: tcp
Initiated: true
SourceIsIpv6: false
SourceIp: 192.168.125.128
SourceHostname: MRBLACK
SourcePort: 58865
SourcePortName: -
DestinationIsIpv6: false
DestinationIp: 20.42.65.93
DestinationHostname: -
DestinationPort: 443
DestinationPortName: https
Network connection detected:
RuleName: Usermode
UtcTime: 2025-07-13 12:07:55.297
ProcessGuid: {3ece88ed-954c-6873-4953-000000009a00}
ProcessId: 11128
Image: C:\Users\new\AppData\Local\Programs\Microsoft VS Code\Code.exe
User: MRBLACK\new
Protocol: tcp
Initiated: true
SourceIsIpv6: false
SourceIp: 192.168.125.128
SourceHostname: MRBLACK
SourcePort: 58862
SourcePortName: -
DestinationIsIpv6: false
DestinationIp: 20.42.65.93
DestinationHostname: -
DestinationPort: 443
DestinationPortName: https
Network connection detected:
