RuleName: -
UtcTime: 2025-07-13 12:15:54.686
ProcessGuid: {3ece88ed-a37a-6873-075a-000000009a00}
ProcessId: 20504
Image: C:\Windows\System32\WindowsPowerShell\v1.0\powershell.exe
TargetFilename: C:\Users\new\AppData\Local\Temp\__PSScriptPolicyTest_jcmim53k.i12.ps1
CreationUtcTime: 2025-07-13 12:15:54.685
User: MRBLACK\new
powershell -EncodedCommand attack test
Process Create:
RuleName: -
UtcTime: 2025-07-13 12:15:54.578
ProcessGuid: {3ece88ed-a37a-6873-075a-000000009a00}
ProcessId: 20504
Image: C:\Windows\System32\WindowsPowerShell\v1.0\powershell.exe
FileVersion: 10.0.19041.3996 (WinBuild.160101.0800)
Description: Windows PowerShell
Product: Microsoft® Windows® Operating System
Company: Microsoft Corporation
OriginalFileName: PowerShell.EXE
CommandLine: "C:\Windows\System32\WindowsPowerShell\v1.0\powershell.exe" -ExecutionPolicy Bypass -File sysmon_export.ps1
CurrentDirectory: F:\SOC_Journey\GitHub_Pushes\Day06_IOC_ML_Detector\
User: MRBLACK\new
LogonGuid: {3ece88ed-85ec-6870-f61e-080000000000}
LogonId: 0x81EF6
TerminalSessionId: 1
IntegrityLevel: High
Hashes: MD5=2E5A8590CF6848968FC23DE3FA1E25F1,SHA256=9785001B0DCF755EDDB8AF294A373C0B87B2498660F724E76C4D53F9C217C7A3,IMPHASH=3D08F4848535206D772DE145804FF4B6
ParentProcessGuid: {3ece88ed-a376-6873-fa59-000000009a00}
ParentProcessId: 18940
ParentImage: C:\Windows\System32\WindowsPowerShell\v1.0\powershell.exe
ParentCommandLine: C:\Windows\System32\WindowsPowerShell\v1.0\powershell.exe -noexit -command "try { . \"c:\Users\new\AppData\Local\Programs\Microsoft VS Code\resources\app\out\vs\workbench\contrib\terminal\common\scripts\shellIntegration.ps1\" } catch {}"
ParentUser: MRBLACK\new
powershell -EncodedCommand attack test
Network connection detected:
RuleName: Usermode
UtcTime: 2025-07-13 12:15:52.150
ProcessGuid: {3ece88ed-954c-6873-4953-000000009a00}
ProcessId: 11128
Image: C:\Users\new\AppData\Local\Programs\Microsoft VS Code\Code.exe
User: MRBLACK\new
Protocol: tcp
Initiated: true
SourceIsIpv6: false
SourceIp: 192.168.125.128
SourceHostname: MRBLACK
SourcePort: 65397
SourcePortName: -
DestinationIsIpv6: false
DestinationIp: 13.107.5.93
DestinationHostname: -
DestinationPort: 443
DestinationPortName: https
powershell -EncodedCommand attack test
Network connection detected:
RuleName: Usermode
UtcTime: 2025-07-13 12:15:56.768
ProcessGuid: {3ece88ed-954c-6873-4953-000000009a00}
ProcessId: 11128
Image: C:\Users\new\AppData\Local\Programs\Microsoft VS Code\Code.exe
User: MRBLACK\new
Protocol: tcp
Initiated: true
SourceIsIpv6: false
SourceIp: 192.168.125.128
SourceHostname: MRBLACK
SourcePort: 65402
SourcePortName: -
DestinationIsIpv6: false
DestinationIp: 13.107.5.93
DestinationHostname: -
DestinationPort: 443
DestinationPortName: https
powershell -EncodedCommand attack test
File created:
RuleName: -
UtcTime: 2025-07-13 12:15:58.048
ProcessGuid: {3ece88ed-a37d-6873-185a-000000009a00}
ProcessId: 8072
Image: C:\Windows\System32\WindowsPowerShell\v1.0\powershell.exe
TargetFilename: C:\Users\new\AppData\Local\Temp\__PSScriptPolicyTest_2wynys0w.jix.ps1
CreationUtcTime: 2025-07-13 12:15:58.048
User: MRBLACK\new
powershell -EncodedCommand attack test
Process Create:
RuleName: -
UtcTime: 2025-07-13 12:15:57.898
ProcessGuid: {3ece88ed-a37d-6873-185a-000000009a00}
ProcessId: 8072
Image: C:\Windows\System32\WindowsPowerShell\v1.0\powershell.exe
FileVersion: 10.0.19041.3996 (WinBuild.160101.0800)
Description: Windows PowerShell
Product: Microsoft® Windows® Operating System
Company: Microsoft Corporation
OriginalFileName: PowerShell.EXE
CommandLine: C:\Windows\System32\WindowsPowerShell\v1.0\powershell.exe -noexit -command "try { . \"c:\Users\new\AppData\Local\Programs\Microsoft VS Code\resources\app\out\vs\workbench\contrib\terminal\common\scripts\shellIntegration.ps1\" } catch {}"
CurrentDirectory: F:\SOC_Journey\GitHub_Pushes\Day06_IOC_ML_Detector\
User: MRBLACK\new
LogonGuid: {3ece88ed-85ec-6870-f61e-080000000000}
LogonId: 0x81EF6
TerminalSessionId: 1
IntegrityLevel: High
Hashes: MD5=2E5A8590CF6848968FC23DE3FA1E25F1,SHA256=9785001B0DCF755EDDB8AF294A373C0B87B2498660F724E76C4D53F9C217C7A3,IMPHASH=3D08F4848535206D772DE145804FF4B6
ParentProcessGuid: {3ece88ed-5b59-6872-1c2a-000000009a00}
ParentProcessId: 21932
ParentImage: C:\Users\new\AppData\Local\Programs\Microsoft VS Code\Code.exe
ParentCommandLine: "C:\Users\new\AppData\Local\Programs\Microsoft VS Code\Code.exe" --type=utility --utility-sub-type=node.mojom.NodeService --lang=en-US --service-sandbox-type=none --video-capture-use-gpu-memory-buffer --user-data-dir="C:\Users\new\AppData\Roaming\Code" --standard-schemes=vscode-webview,vscode-file --enable-sandbox --secure-schemes=vscode-webview,vscode-file --cors-schemes=vscode-webview,vscode-file --fetch-schemes=vscode-webview,vscode-file --service-worker-schemes=vscode-webview --code-cache-schemes=vscode-webview,vscode-file --field-trial-handle=1844,i,1712019501210430926,9906973897547186809,262144 --enable-features=DocumentPolicyIncludeJSCallStacksInCrashReports,EarlyEstablishGpuChannel,EstablishGpuChannelAsync --disable-features=CalculateNativeWinOcclusion,SpareRendererForSitePerProcess,WinDelaySpellcheckServiceInit --variations-seed-version --mojo-platform-channel-handle=3820 /prefetch:8
ParentUser: MRBLACK\new
powershell -EncodedCommand attack test
Network connection detected:
RuleName: Usermode
UtcTime: 2025-07-13 12:16:02.963
ProcessGuid: {3ece88ed-5b57-6872-192a-000000009a00}
ProcessId: 21780
Image: C:\Users\new\AppData\Local\Programs\Microsoft VS Code\Code.exe
User: MRBLACK\new
Protocol: tcp
Initiated: true
SourceIsIpv6: false
SourceIp: 192.168.125.128
SourceHostname: MRBLACK
SourcePort: 65404
SourcePortName: -
DestinationIsIpv6: false
DestinationIp: 20.189.173.1
DestinationHostname: -
DestinationPort: 443
DestinationPortName: https
powershell -EncodedCommand attack test
Network connection detected:
RuleName: Usermode
UtcTime: 2025-07-13 12:16:02.693
ProcessGuid: {3ece88ed-5b57-6872-192a-000000009a00}
ProcessId: 21780
Image: C:\Users\new\AppData\Local\Programs\Microsoft VS Code\Code.exe
User: MRBLACK\new
Protocol: tcp
Initiated: true
SourceIsIpv6: false
SourceIp: 192.168.125.128
SourceHostname: MRBLACK
SourcePort: 65403
SourcePortName: -
DestinationIsIpv6: false
DestinationIp: 20.189.173.1
DestinationHostname: -
DestinationPort: 443
DestinationPortName: https
powershell -EncodedCommand attack test
Process Create:
RuleName: -
UtcTime: 2025-07-13 12:16:02.906
ProcessGuid: {3ece88ed-a382-6873-265a-000000009a00}
ProcessId: 15164
Image: C:\Windows\System32\cmd.exe
FileVersion: 10.0.19041.4355 (WinBuild.160101.0800)
Description: Windows Command Processor
Product: Microsoft® Windows® Operating System
Company: Microsoft Corporation
OriginalFileName: Cmd.Exe
CommandLine: C:\Windows\system32\cmd.exe /c "ver"
CurrentDirectory: F:\SOC_Journey\GitHub_Pushes\Day06_IOC_ML_Detector\
User: MRBLACK\new
LogonGuid: {3ece88ed-85ec-6870-f61e-080000000000}
LogonId: 0x81EF6
TerminalSessionId: 1
IntegrityLevel: High
Hashes: MD5=2B40C98ED0F7A1D3B091A3E8353132DC,SHA256=BADF4752413CB0CBDC03FB95820CA167F0CDC63B597CCDB5EF43111180E088B0,IMPHASH=272245E2988E1E430500B852C4FB5E18
ParentProcessGuid: {3ece88ed-a381-6873-195a-000000009a00}
ParentProcessId: 7512
ParentImage: C:\Program Files\Python310\python.exe
ParentCommandLine: "C:\Program Files\Python310\python.exe" main.py
ParentUser: MRBLACK\new
powershell -EncodedCommand attack test
Network connection detected:
RuleName: Usermode
UtcTime: 2025-07-13 12:16:08.301
ProcessGuid: {3ece88ed-954c-6873-4953-000000009a00}
ProcessId: 11128
Image: C:\Users\new\AppData\Local\Programs\Microsoft VS Code\Code.exe
User: MRBLACK\new
Protocol: tcp
Initiated: true
SourceIsIpv6: false
SourceIp: 192.168.125.128
SourceHostname: MRBLACK
SourcePort: 65405
SourcePortName: -
DestinationIsIpv6: false
DestinationIp: 52.168.117.174
DestinationHostname: -
DestinationPort: 443
DestinationPortName: https
powershell -EncodedCommand attack test
Process Create:
RuleName: -
UtcTime: 2025-07-13 12:16:07.738
ProcessGuid: {3ece88ed-a387-6873-325a-000000009a00}
ProcessId: 18680
Image: C:\Program Files\Git\mingw64\bin\git.exe
FileVersion: 2.50.0.windows.1
Description: Git for Windows
Product: Git
Company: The Git Development Community
OriginalFileName: git.exe
CommandLine: git.exe for-each-ref --sort -committerdate --format %%(refname)The operation completed successfully.%%(objectname)The operation completed successfully.%%(*objectname)
CurrentDirectory: F:\SOC_Journey\GitHub_Pushes\
User: MRBLACK\new
LogonGuid: {3ece88ed-85ec-6870-f61e-080000000000}
LogonId: 0x81EF6
TerminalSessionId: 1
IntegrityLevel: High
Hashes: MD5=48750D8CEFD683FF97E70603097B79F2,SHA256=1F2EE2DE971B6D0A7A13F053014998B66C22DF47F30F1907A767346392EB8D78,IMPHASH=BA786B4B77B388CC6698F98951D469C8
ParentProcessGuid: {3ece88ed-a387-6873-2f5a-000000009a00}
ParentProcessId: 19300
ParentImage: C:\Program Files\Git\cmd\git.exe
ParentCommandLine: "C:\Program Files\Git\cmd\git.exe" for-each-ref --sort -committerdate --format %(refname)%00%(objectname)%00%(*objectname)
ParentUser: MRBLACK\new
powershell -EncodedCommand attack test
Process Create:
RuleName: -
UtcTime: 2025-07-13 12:16:07.695
ProcessGuid: {3ece88ed-a387-6873-315a-000000009a00}
ProcessId: 17820
Image: C:\Program Files\Git\mingw64\bin\git.exe
FileVersion: 2.50.0.windows.1
Description: Git for Windows
Product: Git
Company: The Git Development Community
OriginalFileName: git.exe
CommandLine: git.exe status -z -uall
CurrentDirectory: F:\SOC_Journey\GitHub_Pushes\
User: MRBLACK\new
LogonGuid: {3ece88ed-85ec-6870-f61e-080000000000}
LogonId: 0x81EF6
TerminalSessionId: 1
IntegrityLevel: High
Hashes: MD5=48750D8CEFD683FF97E70603097B79F2,SHA256=1F2EE2DE971B6D0A7A13F053014998B66C22DF47F30F1907A767346392EB8D78,IMPHASH=BA786B4B77B388CC6698F98951D469C8
ParentProcessGuid: {3ece88ed-a387-6873-2d5a-000000009a00}
ParentProcessId: 11224
ParentImage: C:\Program Files\Git\cmd\git.exe
ParentCommandLine: "C:\Program Files\Git\cmd\git.exe" status -z -uall
ParentUser: MRBLACK\new
powershell -EncodedCommand attack test
Process Create:
RuleName: -
UtcTime: 2025-07-13 12:16:13.649
ProcessGuid: {3ece88ed-a38d-6873-3e5a-000000009a00}
ProcessId: 14460
Image: C:\Program Files\Git\mingw64\bin\git.exe
FileVersion: 2.50.0.windows.1
Description: Git for Windows
Product: Git
Company: The Git Development Community
OriginalFileName: git.exe
CommandLine: git.exe status -z -uall
CurrentDirectory: F:\SOC_Journey\GitHub_Pushes\
User: MRBLACK\new
LogonGuid: {3ece88ed-85ec-6870-f61e-080000000000}
LogonId: 0x81EF6
TerminalSessionId: 1
IntegrityLevel: High
Hashes: MD5=48750D8CEFD683FF97E70603097B79F2,SHA256=1F2EE2DE971B6D0A7A13F053014998B66C22DF47F30F1907A767346392EB8D78,IMPHASH=BA786B4B77B388CC6698F98951D469C8
ParentProcessGuid: {3ece88ed-a38d-6873-395a-000000009a00}
ParentProcessId: 17944
ParentImage: C:\Program Files\Git\cmd\git.exe
ParentCommandLine: "C:\Program Files\Git\cmd\git.exe" status -z -uall
ParentUser: MRBLACK\new
powershell -EncodedCommand attack test
Process Create:
RuleName: -
UtcTime: 2025-07-13 12:16:13.633
ProcessGuid: {3ece88ed-a38d-6873-3d5a-000000009a00}
ProcessId: 5620
Image: C:\Program Files\Git\mingw64\bin\git.exe
FileVersion: 2.50.0.windows.1
Description: Git for Windows
Product: Git
Company: The Git Development Community
OriginalFileName: git.exe
CommandLine: git.exe for-each-ref --sort -committerdate --format %%(refname)The operation completed successfully.%%(objectname)The operation completed successfully.%%(*objectname)
CurrentDirectory: F:\SOC_Journey\GitHub_Pushes\
User: MRBLACK\new
LogonGuid: {3ece88ed-85ec-6870-f61e-080000000000}
LogonId: 0x81EF6
TerminalSessionId: 1
IntegrityLevel: High
Hashes: MD5=48750D8CEFD683FF97E70603097B79F2,SHA256=1F2EE2DE971B6D0A7A13F053014998B66C22DF47F30F1907A767346392EB8D78,IMPHASH=BA786B4B77B388CC6698F98951D469C8
ParentProcessGuid: {3ece88ed-a38d-6873-3a5a-000000009a00}
ParentProcessId: 22244
ParentImage: C:\Program Files\Git\cmd\git.exe
ParentCommandLine: "C:\Program Files\Git\cmd\git.exe" for-each-ref --sort -committerdate --format %(refname)%00%(objectname)%00%(*objectname)
ParentUser: MRBLACK\new
powershell -EncodedCommand attack test
Process Create:
RuleName: -
UtcTime: 2025-07-13 12:16:13.231
ProcessGuid: {3ece88ed-a38d-6873-3a5a-000000009a00}
ProcessId: 22244
Image: C:\Program Files\Git\cmd\git.exe
FileVersion: 2.50.0.windows.1
Description: Git for Windows
Product: Git
Company: The Git Development Community
OriginalFileName: git.exe
CommandLine: "C:\Program Files\Git\cmd\git.exe" for-each-ref --sort -committerdate --format %%(refname)The operation completed successfully.%%(objectname)The operation completed successfully.%%(*objectname)
CurrentDirectory: F:\SOC_Journey\GitHub_Pushes\
User: MRBLACK\new
LogonGuid: {3ece88ed-85ec-6870-f61e-080000000000}
LogonId: 0x81EF6
TerminalSessionId: 1
IntegrityLevel: High
Hashes: MD5=72D5DD969D5E0812D4F779923751F4FF,SHA256=E1E5F04E40A003B28B1E79659FABF3FD04DC4D8FDC7221D3495DFE51F861C75E,IMPHASH=10D716A849443DCD821CE3C4C8CBA197
ParentProcessGuid: {3ece88ed-954c-6873-4953-000000009a00}
ParentProcessId: 11128
ParentImage: C:\Users\new\AppData\Local\Programs\Microsoft VS Code\Code.exe
ParentCommandLine: "C:\Users\new\AppData\Local\Programs\Microsoft VS Code\Code.exe" --type=utility --utility-sub-type=node.mojom.NodeService --lang=en-US --service-sandbox-type=none --dns-result-order=ipv4first --experimental-network-inspection --inspect-port=0 --video-capture-use-gpu-memory-buffer --user-data-dir="C:\Users\new\AppData\Roaming\Code" --standard-schemes=vscode-webview,vscode-file --enable-sandbox --secure-schemes=vscode-webview,vscode-file --cors-schemes=vscode-webview,vscode-file --fetch-schemes=vscode-webview,vscode-file --service-worker-schemes=vscode-webview --code-cache-schemes=vscode-webview,vscode-file --field-trial-handle=1844,i,1712019501210430926,9906973897547186809,262144 --enable-features=DocumentPolicyIncludeJSCallStacksInCrashReports,EarlyEstablishGpuChannel,EstablishGpuChannelAsync --disable-features=CalculateNativeWinOcclusion,SpareRendererForSitePerProcess,WinDelaySpellcheckServiceInit --variations-seed-version --mojo-platform-channel-handle=5316 /prefetch:8
ParentUser: MRBLACK\new
powershell -EncodedCommand attack test
Process Create:
RuleName: -
UtcTime: 2025-07-13 12:16:18.946
ProcessGuid: {3ece88ed-a392-6873-4a5a-000000009a00}
ProcessId: 11996
Image: C:\Program Files\Git\mingw64\bin\git.exe
FileVersion: 2.50.0.windows.1
Description: Git for Windows
Product: Git
Company: The Git Development Community
OriginalFileName: git.exe
CommandLine: git.exe for-each-ref --sort -committerdate --format %%(refname)The operation completed successfully.%%(objectname)The operation completed successfully.%%(*objectname)
CurrentDirectory: F:\SOC_Journey\GitHub_Pushes\
User: MRBLACK\new
LogonGuid: {3ece88ed-85ec-6870-f61e-080000000000}
LogonId: 0x81EF6
TerminalSessionId: 1
IntegrityLevel: High
Hashes: MD5=48750D8CEFD683FF97E70603097B79F2,SHA256=1F2EE2DE971B6D0A7A13F053014998B66C22DF47F30F1907A767346392EB8D78,IMPHASH=BA786B4B77B388CC6698F98951D469C8
ParentProcessGuid: {3ece88ed-a392-6873-475a-000000009a00}
ParentProcessId: 19840
ParentImage: C:\Program Files\Git\cmd\git.exe
ParentCommandLine: "C:\Program Files\Git\cmd\git.exe" for-each-ref --sort -committerdate --format %(refname)%00%(objectname)%00%(*objectname)
ParentUser: MRBLACK\new
powershell -EncodedCommand attack test
Process Create:
RuleName: -
UtcTime: 2025-07-13 12:16:18.940
ProcessGuid: {3ece88ed-a392-6873-495a-000000009a00}
ProcessId: 19016
Image: C:\Program Files\Git\mingw64\bin\git.exe
FileVersion: 2.50.0.windows.1
Description: Git for Windows
Product: Git
Company: The Git Development Community
OriginalFileName: git.exe
CommandLine: git.exe status -z -uall
CurrentDirectory: F:\SOC_Journey\GitHub_Pushes\
User: MRBLACK\new
LogonGuid: {3ece88ed-85ec-6870-f61e-080000000000}
LogonId: 0x81EF6
TerminalSessionId: 1
IntegrityLevel: High
Hashes: MD5=48750D8CEFD683FF97E70603097B79F2,SHA256=1F2EE2DE971B6D0A7A13F053014998B66C22DF47F30F1907A767346392EB8D78,IMPHASH=BA786B4B77B388CC6698F98951D469C8
ParentProcessGuid: {3ece88ed-a392-6873-455a-000000009a00}
ParentProcessId: 22148
ParentImage: C:\Program Files\Git\cmd\git.exe
ParentCommandLine: "C:\Program Files\Git\cmd\git.exe" status -z -uall
ParentUser: MRBLACK\new
powershell -EncodedCommand attack test
Process Create:
RuleName: -
UtcTime: 2025-07-13 12:16:18.896
ProcessGuid: {3ece88ed-a392-6873-475a-000000009a00}
ProcessId: 19840
Image: C:\Program Files\Git\cmd\git.exe
FileVersion: 2.50.0.windows.1
Description: Git for Windows
Product: Git
Company: The Git Development Community
OriginalFileName: git.exe
CommandLine: "C:\Program Files\Git\cmd\git.exe" for-each-ref --sort -committerdate --format %%(refname)The operation completed successfully.%%(objectname)The operation completed successfully.%%(*objectname)
CurrentDirectory: F:\SOC_Journey\GitHub_Pushes\
User: MRBLACK\new
LogonGuid: {3ece88ed-85ec-6870-f61e-080000000000}
LogonId: 0x81EF6
TerminalSessionId: 1
IntegrityLevel: High
Hashes: MD5=72D5DD969D5E0812D4F779923751F4FF,SHA256=E1E5F04E40A003B28B1E79659FABF3FD04DC4D8FDC7221D3495DFE51F861C75E,IMPHASH=10D716A849443DCD821CE3C4C8CBA197
ParentProcessGuid: {3ece88ed-954c-6873-4953-000000009a00}
ParentProcessId: 11128
ParentImage: C:\Users\new\AppData\Local\Programs\Microsoft VS Code\Code.exe
ParentCommandLine: "C:\Users\new\AppData\Local\Programs\Microsoft VS Code\Code.exe" --type=utility --utility-sub-type=node.mojom.NodeService --lang=en-US --service-sandbox-type=none --dns-result-order=ipv4first --experimental-network-inspection --inspect-port=0 --video-capture-use-gpu-memory-buffer --user-data-dir="C:\Users\new\AppData\Roaming\Code" --standard-schemes=vscode-webview,vscode-file --enable-sandbox --secure-schemes=vscode-webview,vscode-file --cors-schemes=vscode-webview,vscode-file --fetch-schemes=vscode-webview,vscode-file --service-worker-schemes=vscode-webview --code-cache-schemes=vscode-webview,vscode-file --field-trial-handle=1844,i,1712019501210430926,9906973897547186809,262144 --enable-features=DocumentPolicyIncludeJSCallStacksInCrashReports,EarlyEstablishGpuChannel,EstablishGpuChannelAsync --disable-features=CalculateNativeWinOcclusion,SpareRendererForSitePerProcess,WinDelaySpellcheckServiceInit --variations-seed-version --mojo-platform-channel-handle=5316 /prefetch:8
ParentUser: MRBLACK\new
powershell -EncodedCommand attack test
Process Create:
RuleName: -
UtcTime: 2025-07-13 12:16:24.424
ProcessGuid: {3ece88ed-a398-6873-575a-000000009a00}
ProcessId: 3476
Image: C:\Program Files\Git\mingw64\bin\git.exe
FileVersion: 2.50.0.windows.1
Description: Git for Windows
Product: Git
Company: The Git Development Community
OriginalFileName: git.exe
CommandLine: git.exe for-each-ref --sort -committerdate --format %%(refname)The operation completed successfully.%%(objectname)The operation completed successfully.%%(*objectname)
CurrentDirectory: F:\SOC_Journey\GitHub_Pushes\
User: MRBLACK\new
LogonGuid: {3ece88ed-85ec-6870-f61e-080000000000}
LogonId: 0x81EF6
TerminalSessionId: 1
IntegrityLevel: High
Hashes: MD5=48750D8CEFD683FF97E70603097B79F2,SHA256=1F2EE2DE971B6D0A7A13F053014998B66C22DF47F30F1907A767346392EB8D78,IMPHASH=BA786B4B77B388CC6698F98951D469C8
ParentProcessGuid: {3ece88ed-a398-6873-535a-000000009a00}
ParentProcessId: 20272
ParentImage: C:\Program Files\Git\cmd\git.exe
ParentCommandLine: "C:\Program Files\Git\cmd\git.exe" for-each-ref --sort -committerdate --format %(refname)%00%(objectname)%00%(*objectname)
ParentUser: MRBLACK\new
powershell -EncodedCommand attack test
Process Create:
RuleName: -
UtcTime: 2025-07-13 12:16:24.404
ProcessGuid: {3ece88ed-a398-6873-565a-000000009a00}
ProcessId: 22988
Image: C:\Program Files\Git\mingw64\bin\git.exe
FileVersion: 2.50.0.windows.1
Description: Git for Windows
Product: Git
Company: The Git Development Community
OriginalFileName: git.exe
CommandLine: git.exe status -z -uall
CurrentDirectory: F:\SOC_Journey\GitHub_Pushes\
User: MRBLACK\new
LogonGuid: {3ece88ed-85ec-6870-f61e-080000000000}
LogonId: 0x81EF6
TerminalSessionId: 1
IntegrityLevel: High
Hashes: MD5=48750D8CEFD683FF97E70603097B79F2,SHA256=1F2EE2DE971B6D0A7A13F053014998B66C22DF47F30F1907A767346392EB8D78,IMPHASH=BA786B4B77B388CC6698F98951D469C8
ParentProcessGuid: {3ece88ed-a398-6873-525a-000000009a00}
ParentProcessId: 12004
ParentImage: C:\Program Files\Git\cmd\git.exe
ParentCommandLine: "C:\Program Files\Git\cmd\git.exe" status -z -uall
ParentUser: MRBLACK\new
powershell -EncodedCommand attack test
Process Create:
RuleName: -
UtcTime: 2025-07-13 12:16:24.284
ProcessGuid: {3ece88ed-a398-6873-535a-000000009a00}
ProcessId: 20272
Image: C:\Program Files\Git\cmd\git.exe
FileVersion: 2.50.0.windows.1
Description: Git for Windows
Product: Git
Company: The Git Development Community
OriginalFileName: git.exe
CommandLine: "C:\Program Files\Git\cmd\git.exe" for-each-ref --sort -committerdate --format %%(refname)The operation completed successfully.%%(objectname)The operation completed successfully.%%(*objectname)
CurrentDirectory: F:\SOC_Journey\GitHub_Pushes\
User: MRBLACK\new
LogonGuid: {3ece88ed-85ec-6870-f61e-080000000000}
LogonId: 0x81EF6
TerminalSessionId: 1
IntegrityLevel: High
Hashes: MD5=72D5DD969D5E0812D4F779923751F4FF,SHA256=E1E5F04E40A003B28B1E79659FABF3FD04DC4D8FDC7221D3495DFE51F861C75E,IMPHASH=10D716A849443DCD821CE3C4C8CBA197
ParentProcessGuid: {3ece88ed-954c-6873-4953-000000009a00}
ParentProcessId: 11128
ParentImage: C:\Users\new\AppData\Local\Programs\Microsoft VS Code\Code.exe
ParentCommandLine: "C:\Users\new\AppData\Local\Programs\Microsoft VS Code\Code.exe" --type=utility --utility-sub-type=node.mojom.NodeService --lang=en-US --service-sandbox-type=none --dns-result-order=ipv4first --experimental-network-inspection --inspect-port=0 --video-capture-use-gpu-memory-buffer --user-data-dir="C:\Users\new\AppData\Roaming\Code" --standard-schemes=vscode-webview,vscode-file --enable-sandbox --secure-schemes=vscode-webview,vscode-file --cors-schemes=vscode-webview,vscode-file --fetch-schemes=vscode-webview,vscode-file --service-worker-schemes=vscode-webview --code-cache-schemes=vscode-webview,vscode-file --field-trial-handle=1844,i,1712019501210430926,9906973897547186809,262144 --enable-features=DocumentPolicyIncludeJSCallStacksInCrashReports,EarlyEstablishGpuChannel,EstablishGpuChannelAsync --disable-features=CalculateNativeWinOcclusion,SpareRendererForSitePerProcess,WinDelaySpellcheckServiceInit --variations-seed-version --mojo-platform-channel-handle=5316 /prefetch:8
ParentUser: MRBLACK\new
powershell -EncodedCommand attack test
Network connection detected:
RuleName: Usermode
UtcTime: 2025-07-13 12:16:24.847
ProcessGuid: {3ece88ed-5b57-6872-192a-000000009a00}
ProcessId: 21780
Image: C:\Users\new\AppData\Local\Programs\Microsoft VS Code\Code.exe
User: MRBLACK\new
Protocol: tcp
Initiated: true
SourceIsIpv6: false
SourceIp: 192.168.125.128
SourceHostname: MRBLACK
SourcePort: 65409
SourcePortName: -
DestinationIsIpv6: false
DestinationIp: 20.189.173.1
DestinationHostname: -
DestinationPort: 443
DestinationPortName: https
powershell -EncodedCommand attack test
Network connection detected:
RuleName: Usermode
UtcTime: 2025-07-13 12:16:24.577
ProcessGuid: {3ece88ed-5b57-6872-192a-000000009a00}
ProcessId: 21780
Image: C:\Users\new\AppData\Local\Programs\Microsoft VS Code\Code.exe
User: MRBLACK\new
Protocol: tcp
Initiated: true
SourceIsIpv6: false
SourceIp: 192.168.125.128
SourceHostname: MRBLACK
SourcePort: 65408
SourcePortName: -
DestinationIsIpv6: false
DestinationIp: 20.189.173.1
DestinationHostname: -
DestinationPort: 443
DestinationPortName: https
powershell -EncodedCommand attack test
Process Create:
RuleName: -
UtcTime: 2025-07-13 12:16:24.424
ProcessGuid: {3ece88ed-a398-6873-575a-000000009a00}
ProcessId: 3476
Image: C:\Program Files\Git\mingw64\bin\git.exe
FileVersion: 2.50.0.windows.1
Description: Git for Windows
Product: Git
Company: The Git Development Community
OriginalFileName: git.exe
CommandLine: git.exe for-each-ref --sort -committerdate --format %%(refname)The operation completed successfully.%%(objectname)The operation completed successfully.%%(*objectname)
CurrentDirectory: F:\SOC_Journey\GitHub_Pushes\
User: MRBLACK\new
LogonGuid: {3ece88ed-85ec-6870-f61e-080000000000}
LogonId: 0x81EF6
TerminalSessionId: 1
IntegrityLevel: High
Hashes: MD5=48750D8CEFD683FF97E70603097B79F2,SHA256=1F2EE2DE971B6D0A7A13F053014998B66C22DF47F30F1907A767346392EB8D78,IMPHASH=BA786B4B77B388CC6698F98951D469C8
ParentProcessGuid: {3ece88ed-a398-6873-535a-000000009a00}
ParentProcessId: 20272
ParentImage: C:\Program Files\Git\cmd\git.exe
ParentCommandLine: "C:\Program Files\Git\cmd\git.exe" for-each-ref --sort -committerdate --format %(refname)%00%(objectname)%00%(*objectname)
ParentUser: MRBLACK\new
powershell -EncodedCommand attack test
Network connection detected:
RuleName: Usermode
UtcTime: 2025-07-13 12:16:33.607
ProcessGuid: {3ece88ed-5b57-6872-192a-000000009a00}
ProcessId: 21780
Image: C:\Users\new\AppData\Local\Programs\Microsoft VS Code\Code.exe
User: MRBLACK\new
Protocol: udp
Initiated: true
SourceIsIpv6: false
SourceIp: 192.168.125.128
SourceHostname: MRBLACK
SourcePort: 59844
SourcePortName: -
DestinationIsIpv6: false
DestinationIp: 192.168.125.251
DestinationHostname: -
DestinationPort: 53
DestinationPortName: domain
powershell -EncodedCommand attack test
Network connection detected:
RuleName: Usermode
UtcTime: 2025-07-13 12:16:33.606
ProcessGuid: {3ece88ed-5b57-6872-192a-000000009a00}
ProcessId: 21780
Image: C:\Users\new\AppData\Local\Programs\Microsoft VS Code\Code.exe
User: MRBLACK\new
Protocol: udp
Initiated: true
SourceIsIpv6: false
SourceIp: 192.168.125.128
SourceHostname: MRBLACK
SourcePort: 61585
SourcePortName: -
DestinationIsIpv6: false
DestinationIp: 192.168.125.251
DestinationHostname: -
DestinationPort: 53
DestinationPortName: domain
powershell -EncodedCommand attack test
Network connection detected:
RuleName: Usermode
UtcTime: 2025-07-13 12:16:24.847
ProcessGuid: {3ece88ed-5b57-6872-192a-000000009a00}
ProcessId: 21780
Image: C:\Users\new\AppData\Local\Programs\Microsoft VS Code\Code.exe
User: MRBLACK\new
Protocol: tcp
Initiated: true
SourceIsIpv6: false
SourceIp: 192.168.125.128
SourceHostname: MRBLACK
SourcePort: 65409
SourcePortName: -
DestinationIsIpv6: false
DestinationIp: 20.189.173.1
DestinationHostname: -
DestinationPort: 443
DestinationPortName: https
powershell -EncodedCommand attack test
Network connection detected:
RuleName: Usermode
UtcTime: 2025-07-13 12:16:38.965
ProcessGuid: {3ece88ed-5b57-6872-192a-000000009a00}
ProcessId: 21780
Image: C:\Users\new\AppData\Local\Programs\Microsoft VS Code\Code.exe
User: MRBLACK\new
Protocol: tcp
Initiated: true
SourceIsIpv6: false
SourceIp: 192.168.125.128
SourceHostname: MRBLACK
SourcePort: 65418
SourcePortName: -
DestinationIsIpv6: false
DestinationIp: 52.168.117.174
DestinationHostname: -
DestinationPort: 443
DestinationPortName: https
powershell -EncodedCommand attack test
File created:
RuleName: -
UtcTime: 2025-07-13 12:16:39.874
ProcessGuid: {3ece88ed-a3a7-6873-6e5a-000000009a00}
ProcessId: 17432
Image: C:\Windows\System32\WindowsPowerShell\v1.0\powershell.exe
TargetFilename: C:\Users\new\AppData\Local\Temp\__PSScriptPolicyTest_zwdhwzjk.55q.ps1
CreationUtcTime: 2025-07-13 12:16:39.874
User: MRBLACK\new
powershell -EncodedCommand attack test
Process Create:
RuleName: -
UtcTime: 2025-07-13 12:16:39.750
ProcessGuid: {3ece88ed-a3a7-6873-6e5a-000000009a00}
ProcessId: 17432
Image: C:\Windows\System32\WindowsPowerShell\v1.0\powershell.exe
FileVersion: 10.0.19041.3996 (WinBuild.160101.0800)
Description: Windows PowerShell
Product: Microsoft® Windows® Operating System
Company: Microsoft Corporation
OriginalFileName: PowerShell.EXE
CommandLine: C:\Windows\System32\WindowsPowerShell\v1.0\powershell.exe -noexit -command "try { . \"c:\Users\new\AppData\Local\Programs\Microsoft VS Code\resources\app\out\vs\workbench\contrib\terminal\common\scripts\shellIntegration.ps1\" } catch {}"
CurrentDirectory: F:\SOC_Journey\GitHub_Pushes\Day06_IOC_ML_Detector\
User: MRBLACK\new
LogonGuid: {3ece88ed-85ec-6870-f61e-080000000000}
LogonId: 0x81EF6
TerminalSessionId: 1
IntegrityLevel: High
Hashes: MD5=2E5A8590CF6848968FC23DE3FA1E25F1,SHA256=9785001B0DCF755EDDB8AF294A373C0B87B2498660F724E76C4D53F9C217C7A3,IMPHASH=3D08F4848535206D772DE145804FF4B6
ParentProcessGuid: {3ece88ed-5b59-6872-1c2a-000000009a00}
ParentProcessId: 21932
ParentImage: C:\Users\new\AppData\Local\Programs\Microsoft VS Code\Code.exe
ParentCommandLine: "C:\Users\new\AppData\Local\Programs\Microsoft VS Code\Code.exe" --type=utility --utility-sub-type=node.mojom.NodeService --lang=en-US --service-sandbox-type=none --video-capture-use-gpu-memory-buffer --user-data-dir="C:\Users\new\AppData\Roaming\Code" --standard-schemes=vscode-webview,vscode-file --enable-sandbox --secure-schemes=vscode-webview,vscode-file --cors-schemes=vscode-webview,vscode-file --fetch-schemes=vscode-webview,vscode-file --service-worker-schemes=vscode-webview --code-cache-schemes=vscode-webview,vscode-file --field-trial-handle=1844,i,1712019501210430926,9906973897547186809,262144 --enable-features=DocumentPolicyIncludeJSCallStacksInCrashReports,EarlyEstablishGpuChannel,EstablishGpuChannelAsync --disable-features=CalculateNativeWinOcclusion,SpareRendererForSitePerProcess,WinDelaySpellcheckServiceInit --variations-seed-version --mojo-platform-channel-handle=3820 /prefetch:8
ParentUser: MRBLACK\new
powershell -EncodedCommand attack test
Process Create:
RuleName: -
UtcTime: 2025-07-13 12:16:45.880
ProcessGuid: {3ece88ed-a3ad-6873-7c5a-000000009a00}
ProcessId: 15904
Image: C:\Program Files\Python310\python.exe
FileVersion: 3.10.11
Description: Python
Product: Python
Company: Python Software Foundation
OriginalFileName: python.exe
CommandLine: "C:\Program Files\Python310\python.exe" app.py
CurrentDirectory: F:\SOC_Journey\GitHub_Pushes\Day06_IOC_ML_Detector\webapp\
User: MRBLACK\new
LogonGuid: {3ece88ed-85ec-6870-f61e-080000000000}
LogonId: 0x81EF6
TerminalSessionId: 1
IntegrityLevel: High
Hashes: MD5=A7F3026E4CF239F0A24A021751D17AE2,SHA256=3CCE33D75D6FDAE4E004D0BDF149320B3147482A9CAF370079DCB9C191A1B260,IMPHASH=4532ED405F27949E7A9CE4879FC06EC9
ParentProcessGuid: {3ece88ed-a3ad-6873-7b5a-000000009a00}
ParentProcessId: 12240
ParentImage: C:\Program Files\Python310\python.exe
ParentCommandLine: "C:\Program Files\Python310\python.exe" app.py
ParentUser: MRBLACK\new
powershell -EncodedCommand attack test
Process Create:
RuleName: -
UtcTime: 2025-07-13 12:16:45.211
ProcessGuid: {3ece88ed-a3ad-6873-7b5a-000000009a00}
ProcessId: 12240
Image: C:\Program Files\Python310\python.exe
FileVersion: 3.10.11
Description: Python
Product: Python
Company: Python Software Foundation
OriginalFileName: python.exe
CommandLine: "C:\Program Files\Python310\python.exe" app.py
CurrentDirectory: F:\SOC_Journey\GitHub_Pushes\Day06_IOC_ML_Detector\webapp\
User: MRBLACK\new
LogonGuid: {3ece88ed-85ec-6870-f61e-080000000000}
LogonId: 0x81EF6
TerminalSessionId: 1
IntegrityLevel: High
Hashes: MD5=A7F3026E4CF239F0A24A021751D17AE2,SHA256=3CCE33D75D6FDAE4E004D0BDF149320B3147482A9CAF370079DCB9C191A1B260,IMPHASH=4532ED405F27949E7A9CE4879FC06EC9
ParentProcessGuid: {3ece88ed-a3a7-6873-6e5a-000000009a00}
ParentProcessId: 17432
ParentImage: C:\Windows\System32\WindowsPowerShell\v1.0\powershell.exe
ParentCommandLine: C:\Windows\System32\WindowsPowerShell\v1.0\powershell.exe -noexit -command "try { . \"c:\Users\new\AppData\Local\Programs\Microsoft VS Code\resources\app\out\vs\workbench\contrib\terminal\common\scripts\shellIntegration.ps1\" } catch {}"
ParentUser: MRBLACK\new
powershell -EncodedCommand attack test
Process Create:
RuleName: -
UtcTime: 2025-07-13 12:16:43.203
ProcessGuid: {3ece88ed-a3ab-6873-7a5a-000000009a00}
ProcessId: 22540
Image: C:\Program Files\Git\mingw64\bin\git.exe
FileVersion: 2.50.0.windows.1
Description: Git for Windows
Product: Git
Company: The Git Development Community
OriginalFileName: git.exe
CommandLine: git.exe for-each-ref --sort -committerdate --format %%(refname)The operation completed successfully.%%(objectname)The operation completed successfully.%%(*objectname)
CurrentDirectory: F:\SOC_Journey\GitHub_Pushes\
User: MRBLACK\new
LogonGuid: {3ece88ed-85ec-6870-f61e-080000000000}
LogonId: 0x81EF6
TerminalSessionId: 1
IntegrityLevel: High
Hashes: MD5=48750D8CEFD683FF97E70603097B79F2,SHA256=1F2EE2DE971B6D0A7A13F053014998B66C22DF47F30F1907A767346392EB8D78,IMPHASH=BA786B4B77B388CC6698F98951D469C8
ParentProcessGuid: {3ece88ed-a3ab-6873-775a-000000009a00}
ParentProcessId: 19484
ParentImage: C:\Program Files\Git\cmd\git.exe
ParentCommandLine: "C:\Program Files\Git\cmd\git.exe" for-each-ref --sort -committerdate --format %(refname)%00%(objectname)%00%(*objectname)
ParentUser: MRBLACK\new
powershell -EncodedCommand attack test
Network connection detected:
RuleName: Usermode
UtcTime: 2025-07-13 12:16:48.981
ProcessGuid: {3ece88ed-5b57-6872-192a-000000009a00}
ProcessId: 21780
Image: C:\Users\new\AppData\Local\Programs\Microsoft VS Code\Code.exe
User: MRBLACK\new
Protocol: tcp
Initiated: true
SourceIsIpv6: false
SourceIp: 192.168.125.128
SourceHostname: MRBLACK
SourcePort: 65421
SourcePortName: -
DestinationIsIpv6: false
DestinationIp: 52.168.117.174
DestinationHostname: -
DestinationPort: 443
DestinationPortName: https
powershell -EncodedCommand attack test
Process Create:
RuleName: -
UtcTime: 2025-07-13 12:16:48.410
ProcessGuid: {3ece88ed-a3b0-6873-885a-000000009a00}
ProcessId: 19088
Image: C:\Program Files\Git\mingw64\bin\git.exe
FileVersion: 2.50.0.windows.1
Description: Git for Windows
Product: Git
Company: The Git Development Community
OriginalFileName: git.exe
CommandLine: git.exe for-each-ref --sort -committerdate --format %%(refname)The operation completed successfully.%%(objectname)The operation completed successfully.%%(*objectname)
CurrentDirectory: F:\SOC_Journey\GitHub_Pushes\
User: MRBLACK\new
LogonGuid: {3ece88ed-85ec-6870-f61e-080000000000}
LogonId: 0x81EF6
TerminalSessionId: 1
IntegrityLevel: High
Hashes: MD5=48750D8CEFD683FF97E70603097B79F2,SHA256=1F2EE2DE971B6D0A7A13F053014998B66C22DF47F30F1907A767346392EB8D78,IMPHASH=BA786B4B77B388CC6698F98951D469C8
ParentProcessGuid: {3ece88ed-a3b0-6873-855a-000000009a00}
ParentProcessId: 19384
ParentImage: C:\Program Files\Git\cmd\git.exe
ParentCommandLine: "C:\Program Files\Git\cmd\git.exe" for-each-ref --sort -committerdate --format %(refname)%00%(objectname)%00%(*objectname)
ParentUser: MRBLACK\new
powershell -EncodedCommand attack test
Process Create:
RuleName: -
UtcTime: 2025-07-13 12:16:48.404
ProcessGuid: {3ece88ed-a3b0-6873-875a-000000009a00}
ProcessId: 11444
Image: C:\Program Files\Git\mingw64\bin\git.exe
FileVersion: 2.50.0.windows.1
Description: Git for Windows
Product: Git
Company: The Git Development Community
OriginalFileName: git.exe
CommandLine: git.exe status -z -uall
CurrentDirectory: F:\SOC_Journey\GitHub_Pushes\
User: MRBLACK\new
LogonGuid: {3ece88ed-85ec-6870-f61e-080000000000}
LogonId: 0x81EF6
TerminalSessionId: 1
IntegrityLevel: High
Hashes: MD5=48750D8CEFD683FF97E70603097B79F2,SHA256=1F2EE2DE971B6D0A7A13F053014998B66C22DF47F30F1907A767346392EB8D78,IMPHASH=BA786B4B77B388CC6698F98951D469C8
ParentProcessGuid: {3ece88ed-a3b0-6873-835a-000000009a00}
ParentProcessId: 17256
ParentImage: C:\Program Files\Git\cmd\git.exe
ParentCommandLine: "C:\Program Files\Git\cmd\git.exe" status -z -uall
ParentUser: MRBLACK\new
powershell -EncodedCommand attack test
Network connection detected:
RuleName: Usermode
UtcTime: 2025-07-13 12:16:48.981
ProcessGuid: {3ece88ed-5b57-6872-192a-000000009a00}
ProcessId: 21780
Image: C:\Users\new\AppData\Local\Programs\Microsoft VS Code\Code.exe
User: MRBLACK\new
Protocol: tcp
Initiated: true
SourceIsIpv6: false
SourceIp: 192.168.125.128
SourceHostname: MRBLACK
SourcePort: 65421
SourcePortName: -
DestinationIsIpv6: false
DestinationIp: 52.168.117.174
DestinationHostname: -
DestinationPort: 443
DestinationPortName: https
powershell -EncodedCommand attack test
Process Create:
RuleName: -
UtcTime: 2025-07-13 12:16:48.410
ProcessGuid: {3ece88ed-a3b0-6873-885a-000000009a00}
ProcessId: 19088
Image: C:\Program Files\Git\mingw64\bin\git.exe
FileVersion: 2.50.0.windows.1
Description: Git for Windows
Product: Git
Company: The Git Development Community
OriginalFileName: git.exe
CommandLine: git.exe for-each-ref --sort -committerdate --format %%(refname)The operation completed successfully.%%(objectname)The operation completed successfully.%%(*objectname)
CurrentDirectory: F:\SOC_Journey\GitHub_Pushes\
User: MRBLACK\new
LogonGuid: {3ece88ed-85ec-6870-f61e-080000000000}
LogonId: 0x81EF6
TerminalSessionId: 1
IntegrityLevel: High
Hashes: MD5=48750D8CEFD683FF97E70603097B79F2,SHA256=1F2EE2DE971B6D0A7A13F053014998B66C22DF47F30F1907A767346392EB8D78,IMPHASH=BA786B4B77B388CC6698F98951D469C8
ParentProcessGuid: {3ece88ed-a3b0-6873-855a-000000009a00}
ParentProcessId: 19384
ParentImage: C:\Program Files\Git\cmd\git.exe
ParentCommandLine: "C:\Program Files\Git\cmd\git.exe" for-each-ref --sort -committerdate --format %(refname)%00%(objectname)%00%(*objectname)
ParentUser: MRBLACK\new
powershell -EncodedCommand attack test
Process Create:
RuleName: -
UtcTime: 2025-07-13 12:16:48.404
ProcessGuid: {3ece88ed-a3b0-6873-875a-000000009a00}
ProcessId: 11444
Image: C:\Program Files\Git\mingw64\bin\git.exe
FileVersion: 2.50.0.windows.1
Description: Git for Windows
Product: Git
Company: The Git Development Community
OriginalFileName: git.exe
CommandLine: git.exe status -z -uall
CurrentDirectory: F:\SOC_Journey\GitHub_Pushes\
User: MRBLACK\new
LogonGuid: {3ece88ed-85ec-6870-f61e-080000000000}
LogonId: 0x81EF6
TerminalSessionId: 1
IntegrityLevel: High
Hashes: MD5=48750D8CEFD683FF97E70603097B79F2,SHA256=1F2EE2DE971B6D0A7A13F053014998B66C22DF47F30F1907A767346392EB8D78,IMPHASH=BA786B4B77B388CC6698F98951D469C8
ParentProcessGuid: {3ece88ed-a3b0-6873-835a-000000009a00}
ParentProcessId: 17256
ParentImage: C:\Program Files\Git\cmd\git.exe
ParentCommandLine: "C:\Program Files\Git\cmd\git.exe" status -z -uall
ParentUser: MRBLACK\new
powershell -EncodedCommand attack test
Network connection detected:
RuleName: Usermode
UtcTime: 2025-07-13 12:16:48.981
ProcessGuid: {3ece88ed-5b57-6872-192a-000000009a00}
ProcessId: 21780
Image: C:\Users\new\AppData\Local\Programs\Microsoft VS Code\Code.exe
User: MRBLACK\new
Protocol: tcp
Initiated: true
SourceIsIpv6: false
SourceIp: 192.168.125.128
SourceHostname: MRBLACK
SourcePort: 65421
SourcePortName: -
DestinationIsIpv6: false
DestinationIp: 52.168.117.174
DestinationHostname: -
DestinationPort: 443
DestinationPortName: https
powershell -EncodedCommand attack test
Process Create:
RuleName: -
UtcTime: 2025-07-13 12:16:48.410
ProcessGuid: {3ece88ed-a3b0-6873-885a-000000009a00}
ProcessId: 19088
Image: C:\Program Files\Git\mingw64\bin\git.exe
FileVersion: 2.50.0.windows.1
Description: Git for Windows
Product: Git
Company: The Git Development Community
OriginalFileName: git.exe
CommandLine: git.exe for-each-ref --sort -committerdate --format %%(refname)The operation completed successfully.%%(objectname)The operation completed successfully.%%(*objectname)
CurrentDirectory: F:\SOC_Journey\GitHub_Pushes\
User: MRBLACK\new
LogonGuid: {3ece88ed-85ec-6870-f61e-080000000000}
LogonId: 0x81EF6
TerminalSessionId: 1
IntegrityLevel: High
Hashes: MD5=48750D8CEFD683FF97E70603097B79F2,SHA256=1F2EE2DE971B6D0A7A13F053014998B66C22DF47F30F1907A767346392EB8D78,IMPHASH=BA786B4B77B388CC6698F98951D469C8
ParentProcessGuid: {3ece88ed-a3b0-6873-855a-000000009a00}
ParentProcessId: 19384
ParentImage: C:\Program Files\Git\cmd\git.exe
ParentCommandLine: "C:\Program Files\Git\cmd\git.exe" for-each-ref --sort -committerdate --format %(refname)%00%(objectname)%00%(*objectname)
ParentUser: MRBLACK\new
powershell -EncodedCommand attack test
Process Create:
RuleName: -
UtcTime: 2025-07-13 12:16:48.404
ProcessGuid: {3ece88ed-a3b0-6873-875a-000000009a00}
ProcessId: 11444
Image: C:\Program Files\Git\mingw64\bin\git.exe
FileVersion: 2.50.0.windows.1
Description: Git for Windows
Product: Git
Company: The Git Development Community
OriginalFileName: git.exe
CommandLine: git.exe status -z -uall
CurrentDirectory: F:\SOC_Journey\GitHub_Pushes\
User: MRBLACK\new
LogonGuid: {3ece88ed-85ec-6870-f61e-080000000000}
LogonId: 0x81EF6
TerminalSessionId: 1
IntegrityLevel: High
Hashes: MD5=48750D8CEFD683FF97E70603097B79F2,SHA256=1F2EE2DE971B6D0A7A13F053014998B66C22DF47F30F1907A767346392EB8D78,IMPHASH=BA786B4B77B388CC6698F98951D469C8
ParentProcessGuid: {3ece88ed-a3b0-6873-835a-000000009a00}
ParentProcessId: 17256
ParentImage: C:\Program Files\Git\cmd\git.exe
ParentCommandLine: "C:\Program Files\Git\cmd\git.exe" status -z -uall
ParentUser: MRBLACK\new
powershell -EncodedCommand attack test
Network connection detected:
RuleName: Usermode
UtcTime: 2025-07-13 12:16:59.510
ProcessGuid: {3ece88ed-5b57-6872-192a-000000009a00}
ProcessId: 21780
Image: C:\Users\new\AppData\Local\Programs\Microsoft VS Code\Code.exe
User: MRBLACK\new
Protocol: tcp
Initiated: true
SourceIsIpv6: false
SourceIp: 192.168.125.128
SourceHostname: MRBLACK
SourcePort: 65426
SourcePortName: -
DestinationIsIpv6: false
DestinationIp: 52.168.117.174
DestinationHostname: -
DestinationPort: 443
DestinationPortName: https
powershell -EncodedCommand attack test
Network connection detected:
RuleName: Usermode
UtcTime: 2025-07-13 12:16:59.270
ProcessGuid: {3ece88ed-5b57-6872-192a-000000009a00}
ProcessId: 21780
Image: C:\Users\new\AppData\Local\Programs\Microsoft VS Code\Code.exe
User: MRBLACK\new
Protocol: tcp
Initiated: true
SourceIsIpv6: false
SourceIp: 192.168.125.128
SourceHostname: MRBLACK
SourcePort: 65425
SourcePortName: -
DestinationIsIpv6: false
DestinationIp: 52.168.117.174
DestinationHostname: -
DestinationPort: 443
DestinationPortName: https
powershell -EncodedCommand attack test
Network connection detected:
RuleName: Usermode
UtcTime: 2025-07-13 12:16:48.981
ProcessGuid: {3ece88ed-5b57-6872-192a-000000009a00}
ProcessId: 21780
Image: C:\Users\new\AppData\Local\Programs\Microsoft VS Code\Code.exe
User: MRBLACK\new
Protocol: tcp
Initiated: true
SourceIsIpv6: false
SourceIp: 192.168.125.128
SourceHostname: MRBLACK
SourcePort: 65421
SourcePortName: -
DestinationIsIpv6: false
DestinationIp: 52.168.117.174
DestinationHostname: -
DestinationPort: 443
DestinationPortName: https
powershell -EncodedCommand attack test
Network connection detected:
RuleName: Usermode
UtcTime: 2025-07-13 12:17:09.174
ProcessGuid: {3ece88ed-5b57-6872-192a-000000009a00}
ProcessId: 21780
Image: C:\Users\new\AppData\Local\Programs\Microsoft VS Code\Code.exe
User: MRBLACK\new
Protocol: tcp
Initiated: true
SourceIsIpv6: false
SourceIp: 192.168.125.128
SourceHostname: MRBLACK
SourcePort: 65437
SourcePortName: -
DestinationIsIpv6: false
DestinationIp: 52.168.117.174
DestinationHostname: -
DestinationPort: 443
DestinationPortName: https
powershell -EncodedCommand attack test
Network connection detected:
RuleName: Usermode
UtcTime: 2025-07-13 12:16:59.510
ProcessGuid: {3ece88ed-5b57-6872-192a-000000009a00}
ProcessId: 21780
Image: C:\Users\new\AppData\Local\Programs\Microsoft VS Code\Code.exe
User: MRBLACK\new
Protocol: tcp
Initiated: true
SourceIsIpv6: false
SourceIp: 192.168.125.128
SourceHostname: MRBLACK
SourcePort: 65426
SourcePortName: -
DestinationIsIpv6: false
DestinationIp: 52.168.117.174
DestinationHostname: -
DestinationPort: 443
DestinationPortName: https
powershell -EncodedCommand attack test
Network connection detected:
RuleName: Usermode
UtcTime: 2025-07-13 12:16:59.270
ProcessGuid: {3ece88ed-5b57-6872-192a-000000009a00}
ProcessId: 21780
Image: C:\Users\new\AppData\Local\Programs\Microsoft VS Code\Code.exe
User: MRBLACK\new
Protocol: tcp
Initiated: true
SourceIsIpv6: false
SourceIp: 192.168.125.128
SourceHostname: MRBLACK
SourcePort: 65425
SourcePortName: -
DestinationIsIpv6: false
DestinationIp: 52.168.117.174
DestinationHostname: -
DestinationPort: 443
DestinationPortName: https
powershell -EncodedCommand attack test
Network connection detected:
RuleName: Usermode
UtcTime: 2025-07-13 12:17:09.174
ProcessGuid: {3ece88ed-5b57-6872-192a-000000009a00}
ProcessId: 21780
Image: C:\Users\new\AppData\Local\Programs\Microsoft VS Code\Code.exe
User: MRBLACK\new
Protocol: tcp
Initiated: true
SourceIsIpv6: false
SourceIp: 192.168.125.128
SourceHostname: MRBLACK
SourcePort: 65437
SourcePortName: -
DestinationIsIpv6: false
DestinationIp: 52.168.117.174
DestinationHostname: -
DestinationPort: 443
DestinationPortName: https
powershell -EncodedCommand attack test
Network connection detected:
RuleName: Usermode
UtcTime: 2025-07-13 12:16:59.510
ProcessGuid: {3ece88ed-5b57-6872-192a-000000009a00}
ProcessId: 21780
Image: C:\Users\new\AppData\Local\Programs\Microsoft VS Code\Code.exe
User: MRBLACK\new
Protocol: tcp
Initiated: true
SourceIsIpv6: false
SourceIp: 192.168.125.128
SourceHostname: MRBLACK
SourcePort: 65426
SourcePortName: -
DestinationIsIpv6: false
DestinationIp: 52.168.117.174
DestinationHostname: -
DestinationPort: 443
DestinationPortName: https
powershell -EncodedCommand attack test
Network connection detected:
RuleName: Usermode
UtcTime: 2025-07-13 12:16:59.270
ProcessGuid: {3ece88ed-5b57-6872-192a-000000009a00}
ProcessId: 21780
Image: C:\Users\new\AppData\Local\Programs\Microsoft VS Code\Code.exe
User: MRBLACK\new
Protocol: tcp
Initiated: true
SourceIsIpv6: false
SourceIp: 192.168.125.128
SourceHostname: MRBLACK
SourcePort: 65425
SourcePortName: -
DestinationIsIpv6: false
DestinationIp: 52.168.117.174
DestinationHostname: -
DestinationPort: 443
DestinationPortName: https
powershell -EncodedCommand attack test
Network connection detected:
RuleName: Usermode
UtcTime: 2025-07-13 12:17:19.356
ProcessGuid: {3ece88ed-5b57-6872-192a-000000009a00}
ProcessId: 21780
Image: C:\Users\new\AppData\Local\Programs\Microsoft VS Code\Code.exe
User: MRBLACK\new
Protocol: tcp
Initiated: true
SourceIsIpv6: false
SourceIp: 192.168.125.128
SourceHostname: MRBLACK
SourcePort: 65441
SourcePortName: -
DestinationIsIpv6: false
DestinationIp: 52.168.117.174
DestinationHostname: -
DestinationPort: 443
DestinationPortName: https
powershell -EncodedCommand attack test
Network connection detected:
RuleName: Usermode
UtcTime: 2025-07-13 12:17:09.174
ProcessGuid: {3ece88ed-5b57-6872-192a-000000009a00}
ProcessId: 21780
Image: C:\Users\new\AppData\Local\Programs\Microsoft VS Code\Code.exe
User: MRBLACK\new
Protocol: tcp
Initiated: true
SourceIsIpv6: false
SourceIp: 192.168.125.128
SourceHostname: MRBLACK
SourcePort: 65437
SourcePortName: -
DestinationIsIpv6: false
DestinationIp: 52.168.117.174
DestinationHostname: -
DestinationPort: 443
DestinationPortName: https
powershell -EncodedCommand attack test
Network connection detected:
RuleName: Usermode
UtcTime: 2025-07-13 12:16:59.510
ProcessGuid: {3ece88ed-5b57-6872-192a-000000009a00}
ProcessId: 21780
Image: C:\Users\new\AppData\Local\Programs\Microsoft VS Code\Code.exe
User: MRBLACK\new
Protocol: tcp
Initiated: true
SourceIsIpv6: false
SourceIp: 192.168.125.128
SourceHostname: MRBLACK
SourcePort: 65426
SourcePortName: -
DestinationIsIpv6: false
DestinationIp: 52.168.117.174
DestinationHostname: -
DestinationPort: 443
DestinationPortName: https
powershell -EncodedCommand attack test
Network connection detected:
RuleName: Usermode
UtcTime: 2025-07-13 12:17:19.356
ProcessGuid: {3ece88ed-5b57-6872-192a-000000009a00}
ProcessId: 21780
Image: C:\Users\new\AppData\Local\Programs\Microsoft VS Code\Code.exe
User: MRBLACK\new
Protocol: tcp
Initiated: true
SourceIsIpv6: false
SourceIp: 192.168.125.128
SourceHostname: MRBLACK
SourcePort: 65441
SourcePortName: -
DestinationIsIpv6: false
DestinationIp: 52.168.117.174
DestinationHostname: -
DestinationPort: 443
DestinationPortName: https
powershell -EncodedCommand attack test
Network connection detected:
RuleName: Usermode
UtcTime: 2025-07-13 12:17:09.174
ProcessGuid: {3ece88ed-5b57-6872-192a-000000009a00}
ProcessId: 21780
Image: C:\Users\new\AppData\Local\Programs\Microsoft VS Code\Code.exe
User: MRBLACK\new
Protocol: tcp
Initiated: true
SourceIsIpv6: false
SourceIp: 192.168.125.128
SourceHostname: MRBLACK
SourcePort: 65437
SourcePortName: -
DestinationIsIpv6: false
DestinationIp: 52.168.117.174
DestinationHostname: -
DestinationPort: 443
DestinationPortName: https
powershell -EncodedCommand attack test
Network connection detected:
RuleName: Usermode
UtcTime: 2025-07-13 12:16:59.510
ProcessGuid: {3ece88ed-5b57-6872-192a-000000009a00}
ProcessId: 21780
Image: C:\Users\new\AppData\Local\Programs\Microsoft VS Code\Code.exe
User: MRBLACK\new
Protocol: tcp
Initiated: true
SourceIsIpv6: false
SourceIp: 192.168.125.128
SourceHostname: MRBLACK
SourcePort: 65426
SourcePortName: -
DestinationIsIpv6: false
DestinationIp: 52.168.117.174
DestinationHostname: -
DestinationPort: 443
DestinationPortName: https
powershell -EncodedCommand attack test
Network connection detected:
RuleName: Usermode
UtcTime: 2025-07-13 12:17:19.356
ProcessGuid: {3ece88ed-5b57-6872-192a-000000009a00}
ProcessId: 21780
Image: C:\Users\new\AppData\Local\Programs\Microsoft VS Code\Code.exe
User: MRBLACK\new
Protocol: tcp
Initiated: true
SourceIsIpv6: false
SourceIp: 192.168.125.128
SourceHostname: MRBLACK
SourcePort: 65441
SourcePortName: -
DestinationIsIpv6: false
DestinationIp: 52.168.117.174
DestinationHostname: -
DestinationPort: 443
DestinationPortName: https
powershell -EncodedCommand attack test
Network connection detected:
RuleName: Usermode
UtcTime: 2025-07-13 12:17:09.174
ProcessGuid: {3ece88ed-5b57-6872-192a-000000009a00}
ProcessId: 21780
Image: C:\Users\new\AppData\Local\Programs\Microsoft VS Code\Code.exe
User: MRBLACK\new
Protocol: tcp
Initiated: true
SourceIsIpv6: false
SourceIp: 192.168.125.128
SourceHostname: MRBLACK
SourcePort: 65437
SourcePortName: -
DestinationIsIpv6: false
DestinationIp: 52.168.117.174
DestinationHostname: -
DestinationPort: 443
DestinationPortName: https
powershell -EncodedCommand attack test
Network connection detected:
