RuleName: -
UtcTime: 2025-07-13 12:15:21.914
ProcessGuid: {3ece88ed-a359-6873-bb59-000000009a00}
ProcessId: 16244
Image: C:\Program Files\Git\cmd\git.exe
FileVersion: 2.50.0.windows.1
Description: Git for Windows
Product: Git
Company: The Git Development Community
OriginalFileName: git.exe
CommandLine: "C:\Program Files\Git\cmd\git.exe" for-each-ref --format=%%(refname)The operation completed successfully.%%(upstream:short)The operation completed successfully.%%(objectname)The operation completed successfully.%%(upstream:track)The operation completed successfully.%%(upstream:remotename)The operation completed successfully.%%(upstream:remoteref) --ignore-case refs/heads/master refs/remotes/master
CurrentDirectory: F:\SOC_Journey\GitHub_Pushes\
User: MRBLACK\new
LogonGuid: {3ece88ed-85ec-6870-f61e-080000000000}
LogonId: 0x81EF6
TerminalSessionId: 1
IntegrityLevel: High
Hashes: MD5=72D5DD969D5E0812D4F779923751F4FF,SHA256=E1E5F04E40A003B28B1E79659FABF3FD04DC4D8FDC7221D3495DFE51F861C75E,IMPHASH=10D716A849443DCD821CE3C4C8CBA197
ParentProcessGuid: {3ece88ed-954c-6873-4953-000000009a00}
ParentProcessId: 11128
ParentImage: C:\Users\new\AppData\Local\Programs\Microsoft VS Code\Code.exe
ParentCommandLine: "C:\Users\new\AppData\Local\Programs\Microsoft VS Code\Code.exe" --type=utility --utility-sub-type=node.mojom.NodeService --lang=en-US --service-sandbox-type=none --dns-result-order=ipv4first --experimental-network-inspection --inspect-port=0 --video-capture-use-gpu-memory-buffer --user-data-dir="C:\Users\new\AppData\Roaming\Code" --standard-schemes=vscode-webview,vscode-file --enable-sandbox --secure-schemes=vscode-webview,vscode-file --cors-schemes=vscode-webview,vscode-file --fetch-schemes=vscode-webview,vscode-file --service-worker-schemes=vscode-webview --code-cache-schemes=vscode-webview,vscode-file --field-trial-handle=1844,i,1712019501210430926,9906973897547186809,262144 --enable-features=DocumentPolicyIncludeJSCallStacksInCrashReports,EarlyEstablishGpuChannel,EstablishGpuChannelAsync --disable-features=CalculateNativeWinOcclusion,SpareRendererForSitePerProcess,WinDelaySpellcheckServiceInit --variations-seed-version --mojo-platform-channel-handle=5316 /prefetch:8
ParentUser: MRBLACK\new
Process Create:
RuleName: -
UtcTime: 2025-07-13 12:15:21.905
ProcessGuid: {3ece88ed-a359-6873-ba59-000000009a00}
ProcessId: 22128
Image: C:\Program Files\Git\cmd\git.exe
FileVersion: 2.50.0.windows.1
Description: Git for Windows
Product: Git
Company: The Git Development Community
OriginalFileName: git.exe
CommandLine: "C:\Program Files\Git\cmd\git.exe" config --get commit.template
CurrentDirectory: F:\SOC_Journey\GitHub_Pushes\
User: MRBLACK\new
LogonGuid: {3ece88ed-85ec-6870-f61e-080000000000}
LogonId: 0x81EF6
TerminalSessionId: 1
IntegrityLevel: High
Hashes: MD5=72D5DD969D5E0812D4F779923751F4FF,SHA256=E1E5F04E40A003B28B1E79659FABF3FD04DC4D8FDC7221D3495DFE51F861C75E,IMPHASH=10D716A849443DCD821CE3C4C8CBA197
ParentProcessGuid: {3ece88ed-954c-6873-4953-000000009a00}
ParentProcessId: 11128
ParentImage: C:\Users\new\AppData\Local\Programs\Microsoft VS Code\Code.exe
ParentCommandLine: "C:\Users\new\AppData\Local\Programs\Microsoft VS Code\Code.exe" --type=utility --utility-sub-type=node.mojom.NodeService --lang=en-US --service-sandbox-type=none --dns-result-order=ipv4first --experimental-network-inspection --inspect-port=0 --video-capture-use-gpu-memory-buffer --user-data-dir="C:\Users\new\AppData\Roaming\Code" --standard-schemes=vscode-webview,vscode-file --enable-sandbox --secure-schemes=vscode-webview,vscode-file --cors-schemes=vscode-webview,vscode-file --fetch-schemes=vscode-webview,vscode-file --service-worker-schemes=vscode-webview --code-cache-schemes=vscode-webview,vscode-file --field-trial-handle=1844,i,1712019501210430926,9906973897547186809,262144 --enable-features=DocumentPolicyIncludeJSCallStacksInCrashReports,EarlyEstablishGpuChannel,EstablishGpuChannelAsync --disable-features=CalculateNativeWinOcclusion,SpareRendererForSitePerProcess,WinDelaySpellcheckServiceInit --variations-seed-version --mojo-platform-channel-handle=5316 /prefetch:8
ParentUser: MRBLACK\new
Network connection detected:
RuleName: Usermode
UtcTime: 2025-07-13 12:15:16.326
ProcessGuid: {3ece88ed-5b57-6872-192a-000000009a00}
ProcessId: 21780
Image: C:\Users\new\AppData\Local\Programs\Microsoft VS Code\Code.exe
User: MRBLACK\new
Protocol: tcp
Initiated: true
SourceIsIpv6: false
SourceIp: 192.168.125.128
SourceHostname: MRBLACK
SourcePort: 65375
SourcePortName: -
DestinationIsIpv6: false
DestinationIp: 20.189.173.24
DestinationHostname: -
DestinationPort: 443
DestinationPortName: https
Network connection detected:
RuleName: Usermode
UtcTime: 2025-07-13 12:15:16.043
ProcessGuid: {3ece88ed-5b57-6872-192a-000000009a00}
ProcessId: 21780
Image: C:\Users\new\AppData\Local\Programs\Microsoft VS Code\Code.exe
User: MRBLACK\new
Protocol: tcp
Initiated: true
SourceIsIpv6: false
SourceIp: 192.168.125.128
SourceHostname: MRBLACK
SourcePort: 65374
SourcePortName: -
DestinationIsIpv6: false
DestinationIp: 20.189.173.24
DestinationHostname: -
DestinationPort: 443
DestinationPortName: https
Network connection detected:
RuleName: Usermode
UtcTime: 2025-07-13 12:15:27.332
ProcessGuid: {3ece88ed-954c-6873-4953-000000009a00}
ProcessId: 11128
Image: C:\Users\new\AppData\Local\Programs\Microsoft VS Code\Code.exe
User: MRBLACK\new
Protocol: tcp
Initiated: true
SourceIsIpv6: false
SourceIp: 192.168.125.128
SourceHostname: MRBLACK
SourcePort: 65381
SourcePortName: -
DestinationIsIpv6: false
DestinationIp: 20.189.173.1
DestinationHostname: -
DestinationPort: 443
DestinationPortName: https
Network connection detected:
RuleName: Usermode
UtcTime: 2025-07-13 12:15:24.913
ProcessGuid: {3ece88ed-954c-6873-4953-000000009a00}
ProcessId: 11128
Image: C:\Users\new\AppData\Local\Programs\Microsoft VS Code\Code.exe
User: MRBLACK\new
Protocol: tcp
Initiated: true
SourceIsIpv6: false
SourceIp: 192.168.125.128
SourceHostname: MRBLACK
SourcePort: 65379
SourcePortName: -
DestinationIsIpv6: false
DestinationIp: 20.189.173.1
DestinationHostname: -
DestinationPort: 443
DestinationPortName: https
Network connection detected:
RuleName: Usermode
UtcTime: 2025-07-13 12:15:24.665
ProcessGuid: {3ece88ed-5b57-6872-192a-000000009a00}
ProcessId: 21780
Image: C:\Users\new\AppData\Local\Programs\Microsoft VS Code\Code.exe
User: MRBLACK\new
Protocol: tcp
Initiated: true
SourceIsIpv6: false
SourceIp: 192.168.125.128
SourceHostname: MRBLACK
SourcePort: 65378
SourcePortName: -
DestinationIsIpv6: false
DestinationIp: 20.189.173.24
DestinationHostname: -
DestinationPort: 443
DestinationPortName: https
Network connection detected:
RuleName: Usermode
UtcTime: 2025-07-13 12:15:24.400
ProcessGuid: {3ece88ed-5b57-6872-192a-000000009a00}
ProcessId: 21780
Image: C:\Users\new\AppData\Local\Programs\Microsoft VS Code\Code.exe
User: MRBLACK\new
Protocol: tcp
Initiated: true
SourceIsIpv6: false
SourceIp: 192.168.125.128
SourceHostname: MRBLACK
SourcePort: 65377
SourcePortName: -
DestinationIsIpv6: false
DestinationIp: 20.189.173.24
DestinationHostname: -
DestinationPort: 443
DestinationPortName: https
Process Create:
RuleName: -
UtcTime: 2025-07-13 12:15:22.533
ProcessGuid: {3ece88ed-a35a-6873-c559-000000009a00}
ProcessId: 11224
Image: C:\Program Files\Git\mingw64\bin\git.exe
FileVersion: 2.50.0.windows.1
Description: Git for Windows
Product: Git
Company: The Git Development Community
OriginalFileName: git.exe
CommandLine: git.exe status -z -uall
CurrentDirectory: F:\SOC_Journey\GitHub_Pushes\
User: MRBLACK\new
LogonGuid: {3ece88ed-85ec-6870-f61e-080000000000}
LogonId: 0x81EF6
TerminalSessionId: 1
IntegrityLevel: High
Hashes: MD5=48750D8CEFD683FF97E70603097B79F2,SHA256=1F2EE2DE971B6D0A7A13F053014998B66C22DF47F30F1907A767346392EB8D78,IMPHASH=BA786B4B77B388CC6698F98951D469C8
ParentProcessGuid: {3ece88ed-a35a-6873-c059-000000009a00}
ParentProcessId: 20060
ParentImage: C:\Program Files\Git\cmd\git.exe
ParentCommandLine: "C:\Program Files\Git\cmd\git.exe" status -z -uall
ParentUser: MRBLACK\new
Process Create:
RuleName: -
UtcTime: 2025-07-13 12:15:22.525
ProcessGuid: {3ece88ed-a35a-6873-c459-000000009a00}
ProcessId: 15056
Image: C:\Program Files\Git\mingw64\bin\git.exe
FileVersion: 2.50.0.windows.1
Description: Git for Windows
Product: Git
Company: The Git Development Community
OriginalFileName: git.exe
CommandLine: git.exe for-each-ref --sort -committerdate --format %%(refname)The operation completed successfully.%%(objectname)The operation completed successfully.%%(*objectname)
CurrentDirectory: F:\SOC_Journey\GitHub_Pushes\
User: MRBLACK\new
LogonGuid: {3ece88ed-85ec-6870-f61e-080000000000}
LogonId: 0x81EF6
TerminalSessionId: 1
IntegrityLevel: High
Hashes: MD5=48750D8CEFD683FF97E70603097B79F2,SHA256=1F2EE2DE971B6D0A7A13F053014998B66C22DF47F30F1907A767346392EB8D78,IMPHASH=BA786B4B77B388CC6698F98951D469C8
ParentProcessGuid: {3ece88ed-a35a-6873-c159-000000009a00}
ParentProcessId: 21476
ParentImage: C:\Program Files\Git\cmd\git.exe
ParentCommandLine: "C:\Program Files\Git\cmd\git.exe" for-each-ref --sort -committerdate --format %(refname)%00%(objectname)%00%(*objectname)
ParentUser: MRBLACK\new
Process Create:
RuleName: -
UtcTime: 2025-07-13 12:15:22.460
ProcessGuid: {3ece88ed-a35a-6873-c159-000000009a00}
ProcessId: 21476
Image: C:\Program Files\Git\cmd\git.exe
FileVersion: 2.50.0.windows.1
Description: Git for Windows
Product: Git
Company: The Git Development Community
OriginalFileName: git.exe
CommandLine: "C:\Program Files\Git\cmd\git.exe" for-each-ref --sort -committerdate --format %%(refname)The operation completed successfully.%%(objectname)The operation completed successfully.%%(*objectname)
CurrentDirectory: F:\SOC_Journey\GitHub_Pushes\
User: MRBLACK\new
LogonGuid: {3ece88ed-85ec-6870-f61e-080000000000}
LogonId: 0x81EF6
TerminalSessionId: 1
IntegrityLevel: High
Hashes: MD5=72D5DD969D5E0812D4F779923751F4FF,SHA256=E1E5F04E40A003B28B1E79659FABF3FD04DC4D8FDC7221D3495DFE51F861C75E,IMPHASH=10D716A849443DCD821CE3C4C8CBA197
ParentProcessGuid: {3ece88ed-954c-6873-4953-000000009a00}
ParentProcessId: 11128
ParentImage: C:\Users\new\AppData\Local\Programs\Microsoft VS Code\Code.exe
ParentCommandLine: "C:\Users\new\AppData\Local\Programs\Microsoft VS Code\Code.exe" --type=utility --utility-sub-type=node.mojom.NodeService --lang=en-US --service-sandbox-type=none --dns-result-order=ipv4first --experimental-network-inspection --inspect-port=0 --video-capture-use-gpu-memory-buffer --user-data-dir="C:\Users\new\AppData\Roaming\Code" --standard-schemes=vscode-webview,vscode-file --enable-sandbox --secure-schemes=vscode-webview,vscode-file --cors-schemes=vscode-webview,vscode-file --fetch-schemes=vscode-webview,vscode-file --service-worker-schemes=vscode-webview --code-cache-schemes=vscode-webview,vscode-file --field-trial-handle=1844,i,1712019501210430926,9906973897547186809,262144 --enable-features=DocumentPolicyIncludeJSCallStacksInCrashReports,EarlyEstablishGpuChannel,EstablishGpuChannelAsync --disable-features=CalculateNativeWinOcclusion,SpareRendererForSitePerProcess,WinDelaySpellcheckServiceInit --variations-seed-version --mojo-platform-channel-handle=5316 /prefetch:8
ParentUser: MRBLACK\new
Process Create:
RuleName: -
UtcTime: 2025-07-13 12:15:22.452
ProcessGuid: {3ece88ed-a35a-6873-c059-000000009a00}
ProcessId: 20060
Image: C:\Program Files\Git\cmd\git.exe
FileVersion: 2.50.0.windows.1
Description: Git for Windows
Product: Git
Company: The Git Development Community
OriginalFileName: git.exe
CommandLine: "C:\Program Files\Git\cmd\git.exe" status -z -uall
CurrentDirectory: F:\SOC_Journey\GitHub_Pushes\
User: MRBLACK\new
LogonGuid: {3ece88ed-85ec-6870-f61e-080000000000}
LogonId: 0x81EF6
TerminalSessionId: 1
IntegrityLevel: High
Hashes: MD5=72D5DD969D5E0812D4F779923751F4FF,SHA256=E1E5F04E40A003B28B1E79659FABF3FD04DC4D8FDC7221D3495DFE51F861C75E,IMPHASH=10D716A849443DCD821CE3C4C8CBA197
ParentProcessGuid: {3ece88ed-954c-6873-4953-000000009a00}
ParentProcessId: 11128
ParentImage: C:\Users\new\AppData\Local\Programs\Microsoft VS Code\Code.exe
ParentCommandLine: "C:\Users\new\AppData\Local\Programs\Microsoft VS Code\Code.exe" --type=utility --utility-sub-type=node.mojom.NodeService --lang=en-US --service-sandbox-type=none --dns-result-order=ipv4first --experimental-network-inspection --inspect-port=0 --video-capture-use-gpu-memory-buffer --user-data-dir="C:\Users\new\AppData\Roaming\Code" --standard-schemes=vscode-webview,vscode-file --enable-sandbox --secure-schemes=vscode-webview,vscode-file --cors-schemes=vscode-webview,vscode-file --fetch-schemes=vscode-webview,vscode-file --service-worker-schemes=vscode-webview --code-cache-schemes=vscode-webview,vscode-file --field-trial-handle=1844,i,1712019501210430926,9906973897547186809,262144 --enable-features=DocumentPolicyIncludeJSCallStacksInCrashReports,EarlyEstablishGpuChannel,EstablishGpuChannelAsync --disable-features=CalculateNativeWinOcclusion,SpareRendererForSitePerProcess,WinDelaySpellcheckServiceInit --variations-seed-version --mojo-platform-channel-handle=5316 /prefetch:8
ParentUser: MRBLACK\new
Process Create:
RuleName: -
UtcTime: 2025-07-13 12:15:22.367
ProcessGuid: {3ece88ed-a35a-6873-bf59-000000009a00}
ProcessId: 23348
Image: C:\Program Files\Git\mingw64\bin\git.exe
FileVersion: 2.50.0.windows.1
Description: Git for Windows
Product: Git
Company: The Git Development Community
OriginalFileName: git.exe
CommandLine: git.exe for-each-ref --format=%%(refname)The operation completed successfully.%%(upstream:short)The operation completed successfully.%%(objectname)The operation completed successfully.%%(upstream:track)The operation completed successfully.%%(upstream:remotename)The operation completed successfully.%%(upstream:remoteref) --ignore-case refs/heads/master refs/remotes/master
CurrentDirectory: F:\SOC_Journey\GitHub_Pushes\
User: MRBLACK\new
LogonGuid: {3ece88ed-85ec-6870-f61e-080000000000}
LogonId: 0x81EF6
TerminalSessionId: 1
IntegrityLevel: High
Hashes: MD5=48750D8CEFD683FF97E70603097B79F2,SHA256=1F2EE2DE971B6D0A7A13F053014998B66C22DF47F30F1907A767346392EB8D78,IMPHASH=BA786B4B77B388CC6698F98951D469C8
ParentProcessGuid: {3ece88ed-a359-6873-bb59-000000009a00}
ParentProcessId: 16244
ParentImage: C:\Program Files\Git\cmd\git.exe
ParentCommandLine: "C:\Program Files\Git\cmd\git.exe" for-each-ref --format=%(refname)%00%(upstream:short)%00%(objectname)%00%(upstream:track)%00%(upstream:remotename)%00%(upstream:remoteref) --ignore-case refs/heads/master refs/remotes/master
ParentUser: MRBLACK\new
Process Create:
RuleName: -
UtcTime: 2025-07-13 12:15:22.288
ProcessGuid: {3ece88ed-a35a-6873-be59-000000009a00}
ProcessId: 3544
Image: C:\Program Files\Git\mingw64\bin\git.exe
FileVersion: 2.50.0.windows.1
Description: Git for Windows
Product: Git
Company: The Git Development Community
OriginalFileName: git.exe
CommandLine: git.exe config --get commit.template
CurrentDirectory: F:\SOC_Journey\GitHub_Pushes\
User: MRBLACK\new
LogonGuid: {3ece88ed-85ec-6870-f61e-080000000000}
LogonId: 0x81EF6
TerminalSessionId: 1
IntegrityLevel: High
Hashes: MD5=48750D8CEFD683FF97E70603097B79F2,SHA256=1F2EE2DE971B6D0A7A13F053014998B66C22DF47F30F1907A767346392EB8D78,IMPHASH=BA786B4B77B388CC6698F98951D469C8
ParentProcessGuid: {3ece88ed-a359-6873-ba59-000000009a00}
ParentProcessId: 22128
ParentImage: C:\Program Files\Git\cmd\git.exe
ParentCommandLine: "C:\Program Files\Git\cmd\git.exe" config --get commit.template
ParentUser: MRBLACK\new
Network connection detected:
RuleName: Usermode
UtcTime: 2025-07-13 12:15:33.605
ProcessGuid: {3ece88ed-5b57-6872-192a-000000009a00}
ProcessId: 21780
Image: C:\Users\new\AppData\Local\Programs\Microsoft VS Code\Code.exe
User: MRBLACK\new
Protocol: tcp
Initiated: true
SourceIsIpv6: false
SourceIp: 192.168.125.128
SourceHostname: MRBLACK
SourcePort: 65385
SourcePortName: -
DestinationIsIpv6: false
DestinationIp: 20.189.173.1
DestinationHostname: -
DestinationPort: 443
DestinationPortName: https
Network connection detected:
RuleName: Usermode
UtcTime: 2025-07-13 12:15:33.356
ProcessGuid: {3ece88ed-5b57-6872-192a-000000009a00}
ProcessId: 21780
Image: C:\Users\new\AppData\Local\Programs\Microsoft VS Code\Code.exe
User: MRBLACK\new
Protocol: tcp
Initiated: true
SourceIsIpv6: false
SourceIp: 192.168.125.128
SourceHostname: MRBLACK
SourcePort: 65384
SourcePortName: -
DestinationIsIpv6: false
DestinationIp: 20.189.173.1
DestinationHostname: -
DestinationPort: 443
DestinationPortName: https
Network connection detected:
RuleName: Usermode
UtcTime: 2025-07-13 12:15:33.061
ProcessGuid: {3ece88ed-5b57-6872-192a-000000009a00}
ProcessId: 21780
Image: C:\Users\new\AppData\Local\Programs\Microsoft VS Code\Code.exe
User: MRBLACK\new
Protocol: udp
Initiated: true
SourceIsIpv6: false
SourceIp: 192.168.125.128
SourceHostname: MRBLACK
SourcePort: 63801
SourcePortName: -
DestinationIsIpv6: false
DestinationIp: 192.168.125.251
DestinationHostname: -
DestinationPort: 53
DestinationPortName: domain
Network connection detected:
RuleName: Usermode
UtcTime: 2025-07-13 12:15:33.061
ProcessGuid: {3ece88ed-5b57-6872-192a-000000009a00}
ProcessId: 21780
Image: C:\Users\new\AppData\Local\Programs\Microsoft VS Code\Code.exe
User: MRBLACK\new
Protocol: udp
Initiated: true
SourceIsIpv6: false
SourceIp: 192.168.125.128
SourceHostname: MRBLACK
SourcePort: 65502
SourcePortName: -
DestinationIsIpv6: false
DestinationIp: 192.168.125.251
DestinationHostname: -
DestinationPort: 53
DestinationPortName: domain
Process Create:
RuleName: -
UtcTime: 2025-07-13 12:15:32.353
ProcessGuid: {3ece88ed-a364-6873-d459-000000009a00}
ProcessId: 18832
Image: C:\Program Files\Git\mingw64\bin\git.exe
FileVersion: 2.50.0.windows.1
Description: Git for Windows
Product: Git
Company: The Git Development Community
OriginalFileName: git.exe
CommandLine: git.exe for-each-ref --sort -committerdate --format %%(refname)The operation completed successfully.%%(objectname)The operation completed successfully.%%(*objectname)
CurrentDirectory: F:\SOC_Journey\GitHub_Pushes\
User: MRBLACK\new
LogonGuid: {3ece88ed-85ec-6870-f61e-080000000000}
LogonId: 0x81EF6
TerminalSessionId: 1
IntegrityLevel: High
Hashes: MD5=48750D8CEFD683FF97E70603097B79F2,SHA256=1F2EE2DE971B6D0A7A13F053014998B66C22DF47F30F1907A767346392EB8D78,IMPHASH=BA786B4B77B388CC6698F98951D469C8
ParentProcessGuid: {3ece88ed-a364-6873-d059-000000009a00}
ParentProcessId: 17900
ParentImage: C:\Program Files\Git\cmd\git.exe
ParentCommandLine: "C:\Program Files\Git\cmd\git.exe" for-each-ref --sort -committerdate --format %(refname)%00%(objectname)%00%(*objectname)
ParentUser: MRBLACK\new
Process Create:
RuleName: -
UtcTime: 2025-07-13 12:15:32.344
ProcessGuid: {3ece88ed-a364-6873-d359-000000009a00}
ProcessId: 5068
Image: C:\Program Files\Git\mingw64\bin\git.exe
FileVersion: 2.50.0.windows.1
Description: Git for Windows
Product: Git
Company: The Git Development Community
OriginalFileName: git.exe
CommandLine: git.exe status -z -uall
CurrentDirectory: F:\SOC_Journey\GitHub_Pushes\
User: MRBLACK\new
LogonGuid: {3ece88ed-85ec-6870-f61e-080000000000}
LogonId: 0x81EF6
TerminalSessionId: 1
IntegrityLevel: High
Hashes: MD5=48750D8CEFD683FF97E70603097B79F2,SHA256=1F2EE2DE971B6D0A7A13F053014998B66C22DF47F30F1907A767346392EB8D78,IMPHASH=BA786B4B77B388CC6698F98951D469C8
ParentProcessGuid: {3ece88ed-a364-6873-cf59-000000009a00}
ParentProcessId: 3612
ParentImage: C:\Program Files\Git\cmd\git.exe
ParentCommandLine: "C:\Program Files\Git\cmd\git.exe" status -z -uall
ParentUser: MRBLACK\new
Process Create:
RuleName: -
UtcTime: 2025-07-13 12:15:32.225
ProcessGuid: {3ece88ed-a364-6873-d059-000000009a00}
ProcessId: 17900
Image: C:\Program Files\Git\cmd\git.exe
FileVersion: 2.50.0.windows.1
Description: Git for Windows
Product: Git
Company: The Git Development Community
OriginalFileName: git.exe
CommandLine: "C:\Program Files\Git\cmd\git.exe" for-each-ref --sort -committerdate --format %%(refname)The operation completed successfully.%%(objectname)The operation completed successfully.%%(*objectname)
CurrentDirectory: F:\SOC_Journey\GitHub_Pushes\
User: MRBLACK\new
LogonGuid: {3ece88ed-85ec-6870-f61e-080000000000}
LogonId: 0x81EF6
TerminalSessionId: 1
IntegrityLevel: High
Hashes: MD5=72D5DD969D5E0812D4F779923751F4FF,SHA256=E1E5F04E40A003B28B1E79659FABF3FD04DC4D8FDC7221D3495DFE51F861C75E,IMPHASH=10D716A849443DCD821CE3C4C8CBA197
ParentProcessGuid: {3ece88ed-954c-6873-4953-000000009a00}
ParentProcessId: 11128
ParentImage: C:\Users\new\AppData\Local\Programs\Microsoft VS Code\Code.exe
ParentCommandLine: "C:\Users\new\AppData\Local\Programs\Microsoft VS Code\Code.exe" --type=utility --utility-sub-type=node.mojom.NodeService --lang=en-US --service-sandbox-type=none --dns-result-order=ipv4first --experimental-network-inspection --inspect-port=0 --video-capture-use-gpu-memory-buffer --user-data-dir="C:\Users\new\AppData\Roaming\Code" --standard-schemes=vscode-webview,vscode-file --enable-sandbox --secure-schemes=vscode-webview,vscode-file --cors-schemes=vscode-webview,vscode-file --fetch-schemes=vscode-webview,vscode-file --service-worker-schemes=vscode-webview --code-cache-schemes=vscode-webview,vscode-file --field-trial-handle=1844,i,1712019501210430926,9906973897547186809,262144 --enable-features=DocumentPolicyIncludeJSCallStacksInCrashReports,EarlyEstablishGpuChannel,EstablishGpuChannelAsync --disable-features=CalculateNativeWinOcclusion,SpareRendererForSitePerProcess,WinDelaySpellcheckServiceInit --variations-seed-version --mojo-platform-channel-handle=5316 /prefetch:8
ParentUser: MRBLACK\new
Process Create:
RuleName: -
UtcTime: 2025-07-13 12:15:32.219
ProcessGuid: {3ece88ed-a364-6873-cf59-000000009a00}
ProcessId: 3612
Image: C:\Program Files\Git\cmd\git.exe
FileVersion: 2.50.0.windows.1
Description: Git for Windows
Product: Git
Company: The Git Development Community
OriginalFileName: git.exe
CommandLine: "C:\Program Files\Git\cmd\git.exe" status -z -uall
CurrentDirectory: F:\SOC_Journey\GitHub_Pushes\
User: MRBLACK\new
LogonGuid: {3ece88ed-85ec-6870-f61e-080000000000}
LogonId: 0x81EF6
TerminalSessionId: 1
IntegrityLevel: High
Hashes: MD5=72D5DD969D5E0812D4F779923751F4FF,SHA256=E1E5F04E40A003B28B1E79659FABF3FD04DC4D8FDC7221D3495DFE51F861C75E,IMPHASH=10D716A849443DCD821CE3C4C8CBA197
ParentProcessGuid: {3ece88ed-954c-6873-4953-000000009a00}
ParentProcessId: 11128
ParentImage: C:\Users\new\AppData\Local\Programs\Microsoft VS Code\Code.exe
ParentCommandLine: "C:\Users\new\AppData\Local\Programs\Microsoft VS Code\Code.exe" --type=utility --utility-sub-type=node.mojom.NodeService --lang=en-US --service-sandbox-type=none --dns-result-order=ipv4first --experimental-network-inspection --inspect-port=0 --video-capture-use-gpu-memory-buffer --user-data-dir="C:\Users\new\AppData\Roaming\Code" --standard-schemes=vscode-webview,vscode-file --enable-sandbox --secure-schemes=vscode-webview,vscode-file --cors-schemes=vscode-webview,vscode-file --fetch-schemes=vscode-webview,vscode-file --service-worker-schemes=vscode-webview --code-cache-schemes=vscode-webview,vscode-file --field-trial-handle=1844,i,1712019501210430926,9906973897547186809,262144 --enable-features=DocumentPolicyIncludeJSCallStacksInCrashReports,EarlyEstablishGpuChannel,EstablishGpuChannelAsync --disable-features=CalculateNativeWinOcclusion,SpareRendererForSitePerProcess,WinDelaySpellcheckServiceInit --variations-seed-version --mojo-platform-channel-handle=5316 /prefetch:8
ParentUser: MRBLACK\new
Process Create:
RuleName: -
UtcTime: 2025-07-13 12:15:32.143
ProcessGuid: {3ece88ed-a364-6873-ce59-000000009a00}
ProcessId: 20448
Image: C:\Program Files\Git\mingw64\bin\git.exe
FileVersion: 2.50.0.windows.1
Description: Git for Windows
Product: Git
Company: The Git Development Community
OriginalFileName: git.exe
CommandLine: git.exe config --get commit.template
CurrentDirectory: F:\SOC_Journey\GitHub_Pushes\
User: MRBLACK\new
LogonGuid: {3ece88ed-85ec-6870-f61e-080000000000}
LogonId: 0x81EF6
TerminalSessionId: 1
IntegrityLevel: High
Hashes: MD5=48750D8CEFD683FF97E70603097B79F2,SHA256=1F2EE2DE971B6D0A7A13F053014998B66C22DF47F30F1907A767346392EB8D78,IMPHASH=BA786B4B77B388CC6698F98951D469C8
ParentProcessGuid: {3ece88ed-a363-6873-c959-000000009a00}
ParentProcessId: 23116
ParentImage: C:\Program Files\Git\cmd\git.exe
ParentCommandLine: "C:\Program Files\Git\cmd\git.exe" config --get commit.template
ParentUser: MRBLACK\new
Process Create:
RuleName: -
UtcTime: 2025-07-13 12:15:32.107
ProcessGuid: {3ece88ed-a364-6873-cd59-000000009a00}
ProcessId: 14248
Image: C:\Program Files\Git\mingw64\bin\git.exe
FileVersion: 2.50.0.windows.1
Description: Git for Windows
Product: Git
Company: The Git Development Community
OriginalFileName: git.exe
CommandLine: git.exe for-each-ref --format=%%(refname)The operation completed successfully.%%(upstream:short)The operation completed successfully.%%(objectname)The operation completed successfully.%%(upstream:track)The operation completed successfully.%%(upstream:remotename)The operation completed successfully.%%(upstream:remoteref) --ignore-case refs/heads/master refs/remotes/master
CurrentDirectory: F:\SOC_Journey\GitHub_Pushes\
User: MRBLACK\new
LogonGuid: {3ece88ed-85ec-6870-f61e-080000000000}
LogonId: 0x81EF6
TerminalSessionId: 1
IntegrityLevel: High
Hashes: MD5=48750D8CEFD683FF97E70603097B79F2,SHA256=1F2EE2DE971B6D0A7A13F053014998B66C22DF47F30F1907A767346392EB8D78,IMPHASH=BA786B4B77B388CC6698F98951D469C8
ParentProcessGuid: {3ece88ed-a363-6873-ca59-000000009a00}
ParentProcessId: 22004
ParentImage: C:\Program Files\Git\cmd\git.exe
ParentCommandLine: "C:\Program Files\Git\cmd\git.exe" for-each-ref --format=%(refname)%00%(upstream:short)%00%(objectname)%00%(upstream:track)%00%(upstream:remotename)%00%(upstream:remoteref) --ignore-case refs/heads/master refs/remotes/master
ParentUser: MRBLACK\new
Process Create:
RuleName: -
UtcTime: 2025-07-13 12:15:40.524
ProcessGuid: {3ece88ed-a36c-6873-e059-000000009a00}
ProcessId: 19944
Image: C:\Program Files\Git\mingw64\bin\git.exe
FileVersion: 2.50.0.windows.1
Description: Git for Windows
Product: Git
Company: The Git Development Community
OriginalFileName: git.exe
CommandLine: git.exe for-each-ref --sort -committerdate --format %%(refname)The operation completed successfully.%%(objectname)The operation completed successfully.%%(*objectname)
CurrentDirectory: F:\SOC_Journey\GitHub_Pushes\
User: MRBLACK\new
LogonGuid: {3ece88ed-85ec-6870-f61e-080000000000}
LogonId: 0x81EF6
TerminalSessionId: 1
IntegrityLevel: High
Hashes: MD5=48750D8CEFD683FF97E70603097B79F2,SHA256=1F2EE2DE971B6D0A7A13F053014998B66C22DF47F30F1907A767346392EB8D78,IMPHASH=BA786B4B77B388CC6698F98951D469C8
ParentProcessGuid: {3ece88ed-a36c-6873-dc59-000000009a00}
ParentProcessId: 14032
ParentImage: C:\Program Files\Git\cmd\git.exe
ParentCommandLine: "C:\Program Files\Git\cmd\git.exe" for-each-ref --sort -committerdate --format %(refname)%00%(objectname)%00%(*objectname)
ParentUser: MRBLACK\new
Process Create:
RuleName: -
UtcTime: 2025-07-13 12:15:40.505
ProcessGuid: {3ece88ed-a36c-6873-df59-000000009a00}
ProcessId: 10380
Image: C:\Program Files\Git\mingw64\bin\git.exe
FileVersion: 2.50.0.windows.1
Description: Git for Windows
Product: Git
Company: The Git Development Community
OriginalFileName: git.exe
CommandLine: git.exe status -z -uall
CurrentDirectory: F:\SOC_Journey\GitHub_Pushes\
User: MRBLACK\new
LogonGuid: {3ece88ed-85ec-6870-f61e-080000000000}
LogonId: 0x81EF6
TerminalSessionId: 1
IntegrityLevel: High
Hashes: MD5=48750D8CEFD683FF97E70603097B79F2,SHA256=1F2EE2DE971B6D0A7A13F053014998B66C22DF47F30F1907A767346392EB8D78,IMPHASH=BA786B4B77B388CC6698F98951D469C8
ParentProcessGuid: {3ece88ed-a36c-6873-db59-000000009a00}
ParentProcessId: 21756
ParentImage: C:\Program Files\Git\cmd\git.exe
ParentCommandLine: "C:\Program Files\Git\cmd\git.exe" status -z -uall
ParentUser: MRBLACK\new
Process Create:
RuleName: -
UtcTime: 2025-07-13 12:15:40.451
ProcessGuid: {3ece88ed-a36c-6873-dc59-000000009a00}
ProcessId: 14032
Image: C:\Program Files\Git\cmd\git.exe
FileVersion: 2.50.0.windows.1
Description: Git for Windows
Product: Git
Company: The Git Development Community
OriginalFileName: git.exe
CommandLine: "C:\Program Files\Git\cmd\git.exe" for-each-ref --sort -committerdate --format %%(refname)The operation completed successfully.%%(objectname)The operation completed successfully.%%(*objectname)
CurrentDirectory: F:\SOC_Journey\GitHub_Pushes\
User: MRBLACK\new
LogonGuid: {3ece88ed-85ec-6870-f61e-080000000000}
LogonId: 0x81EF6
TerminalSessionId: 1
IntegrityLevel: High
Hashes: MD5=72D5DD969D5E0812D4F779923751F4FF,SHA256=E1E5F04E40A003B28B1E79659FABF3FD04DC4D8FDC7221D3495DFE51F861C75E,IMPHASH=10D716A849443DCD821CE3C4C8CBA197
ParentProcessGuid: {3ece88ed-954c-6873-4953-000000009a00}
ParentProcessId: 11128
ParentImage: C:\Users\new\AppData\Local\Programs\Microsoft VS Code\Code.exe
ParentCommandLine: "C:\Users\new\AppData\Local\Programs\Microsoft VS Code\Code.exe" --type=utility --utility-sub-type=node.mojom.NodeService --lang=en-US --service-sandbox-type=none --dns-result-order=ipv4first --experimental-network-inspection --inspect-port=0 --video-capture-use-gpu-memory-buffer --user-data-dir="C:\Users\new\AppData\Roaming\Code" --standard-schemes=vscode-webview,vscode-file --enable-sandbox --secure-schemes=vscode-webview,vscode-file --cors-schemes=vscode-webview,vscode-file --fetch-schemes=vscode-webview,vscode-file --service-worker-schemes=vscode-webview --code-cache-schemes=vscode-webview,vscode-file --field-trial-handle=1844,i,1712019501210430926,9906973897547186809,262144 --enable-features=DocumentPolicyIncludeJSCallStacksInCrashReports,EarlyEstablishGpuChannel,EstablishGpuChannelAsync --disable-features=CalculateNativeWinOcclusion,SpareRendererForSitePerProcess,WinDelaySpellcheckServiceInit --variations-seed-version --mojo-platform-channel-handle=5316 /prefetch:8
ParentUser: MRBLACK\new
Process Create:
RuleName: -
UtcTime: 2025-07-13 12:15:40.445
ProcessGuid: {3ece88ed-a36c-6873-db59-000000009a00}
ProcessId: 21756
Image: C:\Program Files\Git\cmd\git.exe
FileVersion: 2.50.0.windows.1
Description: Git for Windows
Product: Git
Company: The Git Development Community
OriginalFileName: git.exe
CommandLine: "C:\Program Files\Git\cmd\git.exe" status -z -uall
CurrentDirectory: F:\SOC_Journey\GitHub_Pushes\
User: MRBLACK\new
LogonGuid: {3ece88ed-85ec-6870-f61e-080000000000}
LogonId: 0x81EF6
TerminalSessionId: 1
IntegrityLevel: High
Hashes: MD5=72D5DD969D5E0812D4F779923751F4FF,SHA256=E1E5F04E40A003B28B1E79659FABF3FD04DC4D8FDC7221D3495DFE51F861C75E,IMPHASH=10D716A849443DCD821CE3C4C8CBA197
ParentProcessGuid: {3ece88ed-954c-6873-4953-000000009a00}
ParentProcessId: 11128
ParentImage: C:\Users\new\AppData\Local\Programs\Microsoft VS Code\Code.exe
ParentCommandLine: "C:\Users\new\AppData\Local\Programs\Microsoft VS Code\Code.exe" --type=utility --utility-sub-type=node.mojom.NodeService --lang=en-US --service-sandbox-type=none --dns-result-order=ipv4first --experimental-network-inspection --inspect-port=0 --video-capture-use-gpu-memory-buffer --user-data-dir="C:\Users\new\AppData\Roaming\Code" --standard-schemes=vscode-webview,vscode-file --enable-sandbox --secure-schemes=vscode-webview,vscode-file --cors-schemes=vscode-webview,vscode-file --fetch-schemes=vscode-webview,vscode-file --service-worker-schemes=vscode-webview --code-cache-schemes=vscode-webview,vscode-file --field-trial-handle=1844,i,1712019501210430926,9906973897547186809,262144 --enable-features=DocumentPolicyIncludeJSCallStacksInCrashReports,EarlyEstablishGpuChannel,EstablishGpuChannelAsync --disable-features=CalculateNativeWinOcclusion,SpareRendererForSitePerProcess,WinDelaySpellcheckServiceInit --variations-seed-version --mojo-platform-channel-handle=5316 /prefetch:8
ParentUser: MRBLACK\new
Process Create:
RuleName: -
UtcTime: 2025-07-13 12:15:40.381
ProcessGuid: {3ece88ed-a36c-6873-da59-000000009a00}
ProcessId: 23284
Image: C:\Program Files\Git\mingw64\bin\git.exe
FileVersion: 2.50.0.windows.1
Description: Git for Windows
Product: Git
Company: The Git Development Community
OriginalFileName: git.exe
CommandLine: git.exe for-each-ref --format=%%(refname)The operation completed successfully.%%(upstream:short)The operation completed successfully.%%(objectname)The operation completed successfully.%%(upstream:track)The operation completed successfully.%%(upstream:remotename)The operation completed successfully.%%(upstream:remoteref) --ignore-case refs/heads/master refs/remotes/master
CurrentDirectory: F:\SOC_Journey\GitHub_Pushes\
User: MRBLACK\new
LogonGuid: {3ece88ed-85ec-6870-f61e-080000000000}
LogonId: 0x81EF6
TerminalSessionId: 1
IntegrityLevel: High
Hashes: MD5=48750D8CEFD683FF97E70603097B79F2,SHA256=1F2EE2DE971B6D0A7A13F053014998B66C22DF47F30F1907A767346392EB8D78,IMPHASH=BA786B4B77B388CC6698F98951D469C8
ParentProcessGuid: {3ece88ed-a36c-6873-d659-000000009a00}
ParentProcessId: 2044
ParentImage: C:\Program Files\Git\cmd\git.exe
ParentCommandLine: "C:\Program Files\Git\cmd\git.exe" for-each-ref --format=%(refname)%00%(upstream:short)%00%(objectname)%00%(upstream:track)%00%(upstream:remotename)%00%(upstream:remoteref) --ignore-case refs/heads/master refs/remotes/master
ParentUser: MRBLACK\new
Process Create:
RuleName: -
UtcTime: 2025-07-13 12:15:40.355
ProcessGuid: {3ece88ed-a36c-6873-d959-000000009a00}
ProcessId: 20784
Image: C:\Program Files\Git\mingw64\bin\git.exe
FileVersion: 2.50.0.windows.1
Description: Git for Windows
Product: Git
Company: The Git Development Community
OriginalFileName: git.exe
CommandLine: git.exe config --get commit.template
CurrentDirectory: F:\SOC_Journey\GitHub_Pushes\
User: MRBLACK\new
LogonGuid: {3ece88ed-85ec-6870-f61e-080000000000}
LogonId: 0x81EF6
TerminalSessionId: 1
IntegrityLevel: High
Hashes: MD5=48750D8CEFD683FF97E70603097B79F2,SHA256=1F2EE2DE971B6D0A7A13F053014998B66C22DF47F30F1907A767346392EB8D78,IMPHASH=BA786B4B77B388CC6698F98951D469C8
ParentProcessGuid: {3ece88ed-a36c-6873-d559-000000009a00}
ParentProcessId: 14052
ParentImage: C:\Program Files\Git\cmd\git.exe
ParentCommandLine: "C:\Program Files\Git\cmd\git.exe" config --get commit.template
ParentUser: MRBLACK\new
Process Create:
RuleName: -
UtcTime: 2025-07-13 12:15:40.218
ProcessGuid: {3ece88ed-a36c-6873-d659-000000009a00}
ProcessId: 2044
Image: C:\Program Files\Git\cmd\git.exe
FileVersion: 2.50.0.windows.1
Description: Git for Windows
Product: Git
Company: The Git Development Community
OriginalFileName: git.exe
CommandLine: "C:\Program Files\Git\cmd\git.exe" for-each-ref --format=%%(refname)The operation completed successfully.%%(upstream:short)The operation completed successfully.%%(objectname)The operation completed successfully.%%(upstream:track)The operation completed successfully.%%(upstream:remotename)The operation completed successfully.%%(upstream:remoteref) --ignore-case refs/heads/master refs/remotes/master
CurrentDirectory: F:\SOC_Journey\GitHub_Pushes\
User: MRBLACK\new
LogonGuid: {3ece88ed-85ec-6870-f61e-080000000000}
LogonId: 0x81EF6
TerminalSessionId: 1
IntegrityLevel: High
Hashes: MD5=72D5DD969D5E0812D4F779923751F4FF,SHA256=E1E5F04E40A003B28B1E79659FABF3FD04DC4D8FDC7221D3495DFE51F861C75E,IMPHASH=10D716A849443DCD821CE3C4C8CBA197
ParentProcessGuid: {3ece88ed-954c-6873-4953-000000009a00}
ParentProcessId: 11128
ParentImage: C:\Users\new\AppData\Local\Programs\Microsoft VS Code\Code.exe
ParentCommandLine: "C:\Users\new\AppData\Local\Programs\Microsoft VS Code\Code.exe" --type=utility --utility-sub-type=node.mojom.NodeService --lang=en-US --service-sandbox-type=none --dns-result-order=ipv4first --experimental-network-inspection --inspect-port=0 --video-capture-use-gpu-memory-buffer --user-data-dir="C:\Users\new\AppData\Roaming\Code" --standard-schemes=vscode-webview,vscode-file --enable-sandbox --secure-schemes=vscode-webview,vscode-file --cors-schemes=vscode-webview,vscode-file --fetch-schemes=vscode-webview,vscode-file --service-worker-schemes=vscode-webview --code-cache-schemes=vscode-webview,vscode-file --field-trial-handle=1844,i,1712019501210430926,9906973897547186809,262144 --enable-features=DocumentPolicyIncludeJSCallStacksInCrashReports,EarlyEstablishGpuChannel,EstablishGpuChannelAsync --disable-features=CalculateNativeWinOcclusion,SpareRendererForSitePerProcess,WinDelaySpellcheckServiceInit --variations-seed-version --mojo-platform-channel-handle=5316 /prefetch:8
ParentUser: MRBLACK\new
Process Create:
RuleName: -
UtcTime: 2025-07-13 12:15:40.212
ProcessGuid: {3ece88ed-a36c-6873-d559-000000009a00}
ProcessId: 14052
Image: C:\Program Files\Git\cmd\git.exe
FileVersion: 2.50.0.windows.1
Description: Git for Windows
Product: Git
Company: The Git Development Community
OriginalFileName: git.exe
CommandLine: "C:\Program Files\Git\cmd\git.exe" config --get commit.template
CurrentDirectory: F:\SOC_Journey\GitHub_Pushes\
User: MRBLACK\new
LogonGuid: {3ece88ed-85ec-6870-f61e-080000000000}
LogonId: 0x81EF6
TerminalSessionId: 1
IntegrityLevel: High
Hashes: MD5=72D5DD969D5E0812D4F779923751F4FF,SHA256=E1E5F04E40A003B28B1E79659FABF3FD04DC4D8FDC7221D3495DFE51F861C75E,IMPHASH=10D716A849443DCD821CE3C4C8CBA197
ParentProcessGuid: {3ece88ed-954c-6873-4953-000000009a00}
ParentProcessId: 11128
ParentImage: C:\Users\new\AppData\Local\Programs\Microsoft VS Code\Code.exe
ParentCommandLine: "C:\Users\new\AppData\Local\Programs\Microsoft VS Code\Code.exe" --type=utility --utility-sub-type=node.mojom.NodeService --lang=en-US --service-sandbox-type=none --dns-result-order=ipv4first --experimental-network-inspection --inspect-port=0 --video-capture-use-gpu-memory-buffer --user-data-dir="C:\Users\new\AppData\Roaming\Code" --standard-schemes=vscode-webview,vscode-file --enable-sandbox --secure-schemes=vscode-webview,vscode-file --cors-schemes=vscode-webview,vscode-file --fetch-schemes=vscode-webview,vscode-file --service-worker-schemes=vscode-webview --code-cache-schemes=vscode-webview,vscode-file --field-trial-handle=1844,i,1712019501210430926,9906973897547186809,262144 --enable-features=DocumentPolicyIncludeJSCallStacksInCrashReports,EarlyEstablishGpuChannel,EstablishGpuChannelAsync --disable-features=CalculateNativeWinOcclusion,SpareRendererForSitePerProcess,WinDelaySpellcheckServiceInit --variations-seed-version --mojo-platform-channel-handle=5316 /prefetch:8
ParentUser: MRBLACK\new
Network connection detected:
RuleName: Usermode
UtcTime: 2025-07-13 12:15:38.440
ProcessGuid: {3ece88ed-954c-6873-4953-000000009a00}
ProcessId: 11128
Image: C:\Users\new\AppData\Local\Programs\Microsoft VS Code\Code.exe
User: MRBLACK\new
Protocol: tcp
Initiated: true
SourceIsIpv6: false
SourceIp: 192.168.125.128
SourceHostname: MRBLACK
SourcePort: 65391
SourcePortName: -
DestinationIsIpv6: false
DestinationIp: 20.189.173.1
DestinationHostname: -
DestinationPort: 443
DestinationPortName: https
Network connection detected:
RuleName: Usermode
UtcTime: 2025-07-13 12:15:36.433
ProcessGuid: {3ece88ed-954c-6873-4953-000000009a00}
ProcessId: 11128
Image: C:\Users\new\AppData\Local\Programs\Microsoft VS Code\Code.exe
User: MRBLACK\new
Protocol: tcp
Initiated: true
SourceIsIpv6: false
SourceIp: 192.168.125.128
SourceHostname: MRBLACK
SourcePort: 65390
SourcePortName: -
DestinationIsIpv6: false
DestinationIp: 20.189.173.1
DestinationHostname: -
DestinationPort: 443
DestinationPortName: https
File created:
RuleName: -
UtcTime: 2025-07-13 12:15:44.811
ProcessGuid: {3ece88ed-a370-6873-e759-000000009a00}
ProcessId: 15188
Image: C:\Windows\System32\WindowsPowerShell\v1.0\powershell.exe
TargetFilename: C:\Users\new\AppData\Local\Temp\__PSScriptPolicyTest_bvuqag5y.w3u.ps1
CreationUtcTime: 2025-07-13 12:15:44.810
User: MRBLACK\new
Process Create:
RuleName: -
UtcTime: 2025-07-13 12:15:44.549
ProcessGuid: {3ece88ed-a370-6873-e759-000000009a00}
ProcessId: 15188
Image: C:\Windows\System32\WindowsPowerShell\v1.0\powershell.exe
FileVersion: 10.0.19041.3996 (WinBuild.160101.0800)
Description: Windows PowerShell
Product: Microsoft® Windows® Operating System
Company: Microsoft Corporation
OriginalFileName: PowerShell.EXE
CommandLine: C:\Windows\System32\WindowsPowerShell\v1.0\powershell.exe -NoProfile -ExecutionPolicy Bypass -Command "Import-Module 'c:\Users\new\.vscode\extensions\ms-vscode.powershell-2025.2.0\modules\PowerShellEditorServices\PowerShellEditorServices.psd1'; Start-EditorServices -HostName 'Visual Studio Code Host' -HostProfileId 'Microsoft.VSCode' -HostVersion '2025.2.0' -BundledModulesPath 'c:\Users\new\.vscode\extensions\ms-vscode.powershell-2025.2.0\modules' -EnableConsoleRepl -StartupBanner \"PowerShell Extension v2025.2.0
Copyright (c) Microsoft Corporation.

https://aka.ms/vscode-powershell
Type 'help' to get help.
\" -LogLevel 'Warning' -LogPath 'c:\Users\new\AppData\Roaming\Code\logs\20250712T182551\window1\exthost\ms-vscode.powershell' -SessionDetailsPath 'c:\Users\new\AppData\Roaming\Code\User\globalStorage\ms-vscode.powershell\sessions\PSES-VSCode-22268-360544.json' -FeatureFlags @() "
CurrentDirectory: F:\SOC_Journey\GitHub_Pushes\Day06_IOC_ML_Detector\
User: MRBLACK\new
LogonGuid: {3ece88ed-85ec-6870-f61e-080000000000}
LogonId: 0x81EF6
TerminalSessionId: 1
IntegrityLevel: High
Hashes: MD5=2E5A8590CF6848968FC23DE3FA1E25F1,SHA256=9785001B0DCF755EDDB8AF294A373C0B87B2498660F724E76C4D53F9C217C7A3,IMPHASH=3D08F4848535206D772DE145804FF4B6
ParentProcessGuid: {3ece88ed-5b59-6872-1c2a-000000009a00}
ParentProcessId: 21932
ParentImage: C:\Users\new\AppData\Local\Programs\Microsoft VS Code\Code.exe
ParentCommandLine: "C:\Users\new\AppData\Local\Programs\Microsoft VS Code\Code.exe" --type=utility --utility-sub-type=node.mojom.NodeService --lang=en-US --service-sandbox-type=none --video-capture-use-gpu-memory-buffer --user-data-dir="C:\Users\new\AppData\Roaming\Code" --standard-schemes=vscode-webview,vscode-file --enable-sandbox --secure-schemes=vscode-webview,vscode-file --cors-schemes=vscode-webview,vscode-file --fetch-schemes=vscode-webview,vscode-file --service-worker-schemes=vscode-webview --code-cache-schemes=vscode-webview,vscode-file --field-trial-handle=1844,i,1712019501210430926,9906973897547186809,262144 --enable-features=DocumentPolicyIncludeJSCallStacksInCrashReports,EarlyEstablishGpuChannel,EstablishGpuChannelAsync --disable-features=CalculateNativeWinOcclusion,SpareRendererForSitePerProcess,WinDelaySpellcheckServiceInit --variations-seed-version --mojo-platform-channel-handle=3820 /prefetch:8
ParentUser: MRBLACK\new
Process Create:
RuleName: -
UtcTime: 2025-07-13 12:15:44.366
ProcessGuid: {3ece88ed-a370-6873-e559-000000009a00}
ProcessId: 14152
Image: C:\Windows\System32\wsl.exe
FileVersion: 10.0.19041.5794 (WinBuild.160101.0800)
Description: Microsoft Windows Subsystem for Linux Launcher
Product: Microsoft® Windows® Operating System
Company: Microsoft Corporation
OriginalFileName: wsl.exe
CommandLine: wsl.exe  -l -q
CurrentDirectory: C:\Users\new\AppData\Local\Programs\Microsoft VS Code\
User: MRBLACK\new
LogonGuid: {3ece88ed-85ec-6870-f61e-080000000000}
LogonId: 0x81EF6
TerminalSessionId: 1
IntegrityLevel: High
Hashes: MD5=6A564AEA11C5B44B80E98E97B6DA771F,SHA256=4E589E3883229B7A74A4ACDB878689DCEC94E2539FCAD1C194F415B149C337A9,IMPHASH=17C62BC0D57BC161F8909548EF73391A
ParentProcessGuid: {3ece88ed-a370-6873-e359-000000009a00}
ParentProcessId: 18544
ParentImage: C:\Windows\System32\cmd.exe
ParentCommandLine: C:\Windows\system32\cmd.exe /d /s /c "wsl.exe -l -q"
ParentUser: MRBLACK\new
Process Create:
RuleName: -
UtcTime: 2025-07-13 12:15:44.316
ProcessGuid: {3ece88ed-a370-6873-e359-000000009a00}
ProcessId: 18544
Image: C:\Windows\System32\cmd.exe
FileVersion: 10.0.19041.4355 (WinBuild.160101.0800)
Description: Windows Command Processor
Product: Microsoft® Windows® Operating System
Company: Microsoft Corporation
OriginalFileName: Cmd.Exe
CommandLine: C:\Windows\system32\cmd.exe /d /s /c "wsl.exe -l -q"
CurrentDirectory: C:\Users\new\AppData\Local\Programs\Microsoft VS Code\
User: MRBLACK\new
LogonGuid: {3ece88ed-85ec-6870-f61e-080000000000}
LogonId: 0x81EF6
TerminalSessionId: 1
IntegrityLevel: High
Hashes: MD5=2B40C98ED0F7A1D3B091A3E8353132DC,SHA256=BADF4752413CB0CBDC03FB95820CA167F0CDC63B597CCDB5EF43111180E088B0,IMPHASH=272245E2988E1E430500B852C4FB5E18
ParentProcessGuid: {3ece88ed-5b57-6872-162a-000000009a00}
ParentProcessId: 22268
ParentImage: C:\Users\new\AppData\Local\Programs\Microsoft VS Code\Code.exe
ParentCommandLine: "C:\Users\new\AppData\Local\Programs\Microsoft VS Code\Code.exe" 
ParentUser: MRBLACK\new
Process terminated:
RuleName: -
UtcTime: 2025-07-13 12:15:42.448
ProcessGuid: {3ece88ed-a36e-6873-e259-000000009a00}
ProcessId: 1496
Image: C:\Users\new\AppData\Local\Programs\Microsoft VS Code\Code.exe
User: MRBLACK\new
Registry value set:
RuleName: Suspicious,ImageBeginWithBackslash
EventType: SetValue
UtcTime: 2025-07-13 12:15:42.266
ProcessGuid: {3ece88ed-a16a-6873-1458-000000009a00}
ProcessId: 21332
Image: \\?\C:\Windows\system32\conhost.exe
TargetObject: HKLM\System\CurrentControlSet\Services\bam\State\UserSettings\S-1-5-21-4031955963-563017929-3557581166-1002\\Device\HarddiskVolume2\Windows\System32\conhost.exe
Details: Binary Data
User: MRBLACK\new
Process Create:
RuleName: -
UtcTime: 2025-07-13 12:15:42.199
ProcessGuid: {3ece88ed-a36e-6873-e259-000000009a00}
ProcessId: 1496
Image: C:\Users\new\AppData\Local\Programs\Microsoft VS Code\Code.exe
FileVersion: 1.102.0
Description: Visual Studio Code
Product: Visual Studio Code
Company: Microsoft Corporation
OriginalFileName: electron.exe
CommandLine: "C:\Users\new\AppData\Local\Programs\Microsoft VS Code\Code.exe" "c:\Users\new\AppData\Local\Programs\Microsoft VS Code\resources\app\node_modules\node-pty\lib\conpty_console_list_agent" 23540
CurrentDirectory: C:\Users\new\AppData\Local\Programs\Microsoft VS Code\
User: MRBLACK\new
LogonGuid: {3ece88ed-85ec-6870-f61e-080000000000}
LogonId: 0x81EF6
TerminalSessionId: 1
IntegrityLevel: High
Hashes: MD5=3A32BB8D6463FB4A717F1CF54CA75B60,SHA256=CA731EB584E3F6668902B834DD92F14964451B7DFFB4BDAB4A1D80A2E29266E1,IMPHASH=AE9A77FC298C7871E0BB5821D0C61001
ParentProcessGuid: {3ece88ed-5b59-6872-1c2a-000000009a00}
ParentProcessId: 21932
ParentImage: C:\Users\new\AppData\Local\Programs\Microsoft VS Code\Code.exe
ParentCommandLine: "C:\Users\new\AppData\Local\Programs\Microsoft VS Code\Code.exe" --type=utility --utility-sub-type=node.mojom.NodeService --lang=en-US --service-sandbox-type=none --video-capture-use-gpu-memory-buffer --user-data-dir="C:\Users\new\AppData\Roaming\Code" --standard-schemes=vscode-webview,vscode-file --enable-sandbox --secure-schemes=vscode-webview,vscode-file --cors-schemes=vscode-webview,vscode-file --fetch-schemes=vscode-webview,vscode-file --service-worker-schemes=vscode-webview --code-cache-schemes=vscode-webview,vscode-file --field-trial-handle=1844,i,1712019501210430926,9906973897547186809,262144 --enable-features=DocumentPolicyIncludeJSCallStacksInCrashReports,EarlyEstablishGpuChannel,EstablishGpuChannelAsync --disable-features=CalculateNativeWinOcclusion,SpareRendererForSitePerProcess,WinDelaySpellcheckServiceInit --variations-seed-version --mojo-platform-channel-handle=3820 /prefetch:8
ParentUser: MRBLACK\new
Process terminated:
RuleName: -
UtcTime: 2025-07-13 12:15:40.978
ProcessGuid: {3ece88ed-a36c-6873-e159-000000009a00}
ProcessId: 2724
Image: C:\Users\new\AppData\Local\Programs\Microsoft VS Code\Code.exe
User: MRBLACK\new
Registry value set:
RuleName: Suspicious,ImageBeginWithBackslash
EventType: SetValue
UtcTime: 2025-07-13 12:15:40.758
ProcessGuid: {3ece88ed-a07b-6873-3c57-000000009a00}
ProcessId: 3884
Image: \\?\C:\Windows\system32\conhost.exe
TargetObject: HKLM\System\CurrentControlSet\Services\bam\State\UserSettings\S-1-5-21-4031955963-563017929-3557581166-1002\\Device\HarddiskVolume2\Windows\System32\conhost.exe
Details: Binary Data
User: MRBLACK\new
Process Create:
RuleName: -
UtcTime: 2025-07-13 12:15:40.574
ProcessGuid: {3ece88ed-a36c-6873-e159-000000009a00}
ProcessId: 2724
Image: C:\Users\new\AppData\Local\Programs\Microsoft VS Code\Code.exe
FileVersion: 1.102.0
Description: Visual Studio Code
Product: Visual Studio Code
Company: Microsoft Corporation
OriginalFileName: electron.exe
CommandLine: "C:\Users\new\AppData\Local\Programs\Microsoft VS Code\Code.exe" "c:\Users\new\AppData\Local\Programs\Microsoft VS Code\resources\app\node_modules\node-pty\lib\conpty_console_list_agent" 17612
CurrentDirectory: C:\Users\new\AppData\Local\Programs\Microsoft VS Code\
User: MRBLACK\new
LogonGuid: {3ece88ed-85ec-6870-f61e-080000000000}
LogonId: 0x81EF6
TerminalSessionId: 1
IntegrityLevel: High
Hashes: MD5=3A32BB8D6463FB4A717F1CF54CA75B60,SHA256=CA731EB584E3F6668902B834DD92F14964451B7DFFB4BDAB4A1D80A2E29266E1,IMPHASH=AE9A77FC298C7871E0BB5821D0C61001
ParentProcessGuid: {3ece88ed-5b59-6872-1c2a-000000009a00}
ParentProcessId: 21932
ParentImage: C:\Users\new\AppData\Local\Programs\Microsoft VS Code\Code.exe
ParentCommandLine: "C:\Users\new\AppData\Local\Programs\Microsoft VS Code\Code.exe" --type=utility --utility-sub-type=node.mojom.NodeService --lang=en-US --service-sandbox-type=none --video-capture-use-gpu-memory-buffer --user-data-dir="C:\Users\new\AppData\Roaming\Code" --standard-schemes=vscode-webview,vscode-file --enable-sandbox --secure-schemes=vscode-webview,vscode-file --cors-schemes=vscode-webview,vscode-file --fetch-schemes=vscode-webview,vscode-file --service-worker-schemes=vscode-webview --code-cache-schemes=vscode-webview,vscode-file --field-trial-handle=1844,i,1712019501210430926,9906973897547186809,262144 --enable-features=DocumentPolicyIncludeJSCallStacksInCrashReports,EarlyEstablishGpuChannel,EstablishGpuChannelAsync --disable-features=CalculateNativeWinOcclusion,SpareRendererForSitePerProcess,WinDelaySpellcheckServiceInit --variations-seed-version --mojo-platform-channel-handle=3820 /prefetch:8
ParentUser: MRBLACK\new
File created:
